#
# A fatal error has been detected by the Java Runtime Environment:
#
#  SIGSEGV (0xb) at pc=0x00007fb8ec047848, pid=8652, tid=0x00007fb88c211700
#
# JRE version: Java(TM) SE Runtime Environment (8.0_131-b11) (build 1.8.0_131-b11)
# Java VM: Java HotSpot(TM) 64-Bit Server VM (25.131-b11 mixed mode linux-amd64 compressed oops)
# Problematic frame:
# V  [libjvm.so+0x6d3848]  jni_invoke_nonstatic(JNIEnv_*, JavaValue*, _jobject*, JNICallType, _jmethodID*, JNI_ArgumentPusher*, Thread*)+0x38
#
# Failed to write core dump. Core dumps have been disabled. To enable core dumping, try "ulimit -c unlimited" before starting Java again
#
# If you would like to submit a bug report, please visit:
#   http://bugreport.java.com/bugreport/crash.jsp
#

---------------  T H R E A D  ---------------

Current thread (0x00007fb8e4251000):  JavaThread "JavaFX Application Thread" [_thread_in_vm, id=8676, stack(0x00007fb88c111000,0x00007fb88c212000)]

siginfo: si_signo: 11 (SIGSEGV), si_code: 128 (SI_KERNEL), si_addr: 0x0000000000000000

Registers:
RAX=0x00007fb88c20db00, RBX=0x00007fb88c20da10, RCX=0x0000000000000001, RDX=0x2e382e316b646a2f
RSP=0x00007fb88c20d860, RBP=0x00007fb88c20d9e0, RSI=0x00007fb88c20da70, RDI=0x00007fb8e42511f8
R8 =0x00007fb8e41d4798, R9 =0x00007fb88c20da10, R10=0x00007fb8780025a0, R11=0x00007fb8d5672e80
R12=0x00007fb8e4251000, R13=0x00007fb8e41d4798, R14=0x0000000000000001, R15=0x00007fb8e42511f8
RIP=0x00007fb8ec047848, EFLAGS=0x0000000000010202, CSGSFS=0x0000000000000033, ERR=0x0000000000000000
  TRAPNO=0x000000000000000d

Top of Stack: (sp=0x00007fb88c20d860)
0x00007fb88c20d860:   00007fb88c20df30 00007fb88c20db80
0x00007fb88c20d870:   00007fb88c20d8c0 00007fb88c20d940
0x00007fb88c20d880:   00007fb88c20da10 00007fb88c20da70
0x00007fb88c20d890:   00007fb8e42511f8 00007fb8ec067350
0x00007fb88c20d8a0:   00007fb8ac000e60 00007fb8ac000ee0
0x00007fb88c20d8b0:   00007fb8ac001248 00000000000003d8
0x00007fb88c20d8c0:   0000000000000000 00000000c3bd31f8
0x00007fb88c20d8d0:   00007fb80000006f 00007fb80000000a
0x00007fb88c20d8e0:   00000000ebc08ed8 0000000000000000
0x00007fb88c20d8f0:   0000000000000000 0000000000000000
0x00007fb88c20d900:   00007fb8e95df830 0000000100000100
0x00007fb88c20d910:   0000000000000000 00007fb88c20d8c8
0x00007fb88c20d920:   00007fb88c20d909 0000000800000005
0x00007fb88c20d930:   0000000000000000 00007fb8e426e1f0
0x00007fb88c20d940:   00007fb8ec8d5790 00007fb8ed3ea720
0x00007fb88c20d950:   00000000e426e4f0 00007fb8e4251000
0x00007fb88c20d960:   0000000000000000 00007fb8ec047c1b
0x00007fb88c20d970:   00007fb8e95e98e0 00007fb8e4251000
0x00007fb88c20d980:   00007fb8e95e98e0 00007fb8e4251000
0x00007fb88c20d990:   00007fb88c20db20 00007fb8e95e98e0
0x00007fb88c20d9a0:   00007fb8e95e98e0 00007fb8e95e98e0
0x00007fb88c20d9b0:   00007fb8ac000e60 00007fb88c20da10
0x00007fb88c20d9c0:   00007fb8e4251000 00007fb88c20da50
0x00007fb88c20d9d0:   00007fb8e41d4798 00007fb8e42511f8
0x00007fb88c20d9e0:   00007fb88c20dad0 00007fb8ec04bfef
0x00007fb88c20d9f0:   00007fb8e4251000 00007fb8cd727054
0x00007fb88c20da00:   00007fb88c20dae8 2e382e316b646a2f
0x00007fb88c20da10:   00007fb8ec8d63f0 00007fb8ed3ea720
0x00007fb88c20da20:   000000008c20da90 afb6fe8600000063
0x00007fb88c20da30:   0000000000000000 0000003000000018
0x00007fb88c20da40:   00007fb88c20dbc0 00007fb88c20db00
0x00007fb88c20da50:   00007fb8e4251000 0000000000000000 

Instructions: (pc=0x00007fb8ec047848)
0x00007fb8ec047828:   00 00 48 85 d2 48 89 bd b0 fe ff ff 48 89 b5 a8
0x00007fb8ec047838:   fe ff ff 4c 89 8d a0 fe ff ff 0f 84 78 09 00 00
0x00007fb8ec047848:   4c 8b 22 4d 85 e4 0f 84 6c 09 00 00 48 8b 45 10
0x00007fb8ec047858:   48 8b 98 38 01 00 00 48 83 7b 18 f7 0f 87 16 07 

Register to memory mapping:

RAX=0x00007fb88c20db00 is pointing into the stack for thread: 0x00007fb8e4251000
RBX=0x00007fb88c20da10 is pointing into the stack for thread: 0x00007fb8e4251000
RCX=0x0000000000000001 is an unknown value
RDX=0x2e382e316b646a2f is an unknown value
RSP=0x00007fb88c20d860 is pointing into the stack for thread: 0x00007fb8e4251000
RBP=0x00007fb88c20d9e0 is pointing into the stack for thread: 0x00007fb8e4251000
RSI=0x00007fb88c20da70 is pointing into the stack for thread: 0x00007fb8e4251000
RDI=0x00007fb8e42511f8 is an unknown value
R8 =0x00007fb8e41d4798 is an unknown value
R9 =0x00007fb88c20da10 is pointing into the stack for thread: 0x00007fb8e4251000
R10=0x00007fb8780025a0 is an unknown value
R11=0x00007fb8d5672e80 is at entry_point+32 in (nmethod*)0x00007fb8d5672d10
R12=0x00007fb8e4251000 is a thread
R13=0x00007fb8e41d4798 is an unknown value
R14=0x0000000000000001 is an unknown value
R15=0x00007fb8e42511f8 is an unknown value


Stack: [0x00007fb88c111000,0x00007fb88c212000],  sp=0x00007fb88c20d860,  free space=1010k
Native frames: (J=compiled Java code, j=interpreted, Vv=VM code, C=native code)
V  [libjvm.so+0x6d3848]  jni_invoke_nonstatic(JNIEnv_*, JavaValue*, _jobject*, JNICallType, _jmethodID*, JNI_ArgumentPusher*, Thread*)+0x38
V  [libjvm.so+0x6d7fef]  jni_CallVoidMethodV+0x10f
C  [libglass.so+0x18221]  JNIEnv_::CallVoidMethod(_jobject*, _jmethodID*, ...)+0x81
C  [libglass.so+0x1dbcf]  WindowContextBase::process_key(_GdkEventKey*)+0x20f
C  [libglass.so+0x1c0a0]  WindowContextBase::im_filter_keypress(_GdkEventKey*)+0x1c0
C  [libglass.so+0x21d3c]  process_events(_GdkEvent*, void*)+0x22c
C  [libgdk-x11-2.0.so.0+0x5ac4c]

Java frames: (J=compiled Java code, j=interpreted, Vv=VM code)
j  com.sun.glass.ui.gtk.GtkApplication.enterNestedEventLoopImpl()V+0
j  com.sun.glass.ui.gtk.GtkApplication._enterNestedEventLoop()Ljava/lang/Object;+15
j  com.sun.glass.ui.Application.enterNestedEventLoop()Ljava/lang/Object;+14
j  com.sun.glass.ui.EventLoop.enter()Ljava/lang/Object;+42
j  com.sun.javafx.tk.quantum.QuantumToolkit.enterNestedEventLoop(Ljava/lang/Object;)Ljava/lang/Object;+107
j  javafx.stage.Stage.showAndWait()V+93
j  javafx.scene.control.HeavyweightDialog.showAndWait()V+22
j  javafx.scene.control.Dialog.showAndWait()Ljava/util/Optional;+88
j  screach.titanium.gui.org.OrganizationManagerStage.newAction(Ljavafx/event/Event;)V+30
j  screach.titanium.gui.org.OrganizationManagerStage$$Lambda$278.handle(Ljavafx/event/Event;)V+11
J 2135 C1 com.sun.javafx.event.CompositeEventHandler.dispatchBubblingEvent(Ljavafx/event/Event;)V (57 bytes) @ 0x00007fb8d5669a04 [0x00007fb8d5669640+0x3c4]
J 1690 C1 com.sun.javafx.event.EventHandlerManager.dispatchBubblingEvent(Ljavafx/event/Event;)Ljavafx/event/Event; (23 bytes) @ 0x00007fb8d5515524 [0x00007fb8d5514e80+0x6a4]
J 1691 C1 com.sun.javafx.event.CompositeEventDispatcher.dispatchBubblingEvent(Ljavafx/event/Event;)Ljavafx/event/Event; (35 bytes) @ 0x00007fb8d5515edc [0x00007fb8d5515d20+0x1bc]
J 1588 C1 com.sun.javafx.event.BasicEventDispatcher.dispatchEvent(Ljavafx/event/Event;Ljavafx/event/EventDispatchChain;)Ljavafx/event/Event; (44 bytes) @ 0x00007fb8d54e3fbc [0x00007fb8d54e3c80+0x33c]
J 1427 C1 com.sun.javafx.event.EventDispatchChainImpl.dispatchEvent(Ljavafx/event/Event;)Ljavafx/event/Event; (101 bytes) @ 0x00007fb8d5485884 [0x00007fb8d54856e0+0x1a4]
J 1588 C1 com.sun.javafx.event.BasicEventDispatcher.dispatchEvent(Ljavafx/event/Event;Ljavafx/event/EventDispatchChain;)Ljavafx/event/Event; (44 bytes) @ 0x00007fb8d54e3ed4 [0x00007fb8d54e3c80+0x254]
J 1427 C1 com.sun.javafx.event.EventDispatchChainImpl.dispatchEvent(Ljavafx/event/Event;)Ljavafx/event/Event; (101 bytes) @ 0x00007fb8d5485884 [0x00007fb8d54856e0+0x1a4]
J 1588 C1 com.sun.javafx.event.BasicEventDispatcher.dispatchEvent(Ljavafx/event/Event;Ljavafx/event/EventDispatchChain;)Ljavafx/event/Event; (44 bytes) @ 0x00007fb8d54e3ed4 [0x00007fb8d54e3c80+0x254]
J 1427 C1 com.sun.javafx.event.EventDispatchChainImpl.dispatchEvent(Ljavafx/event/Event;)Ljavafx/event/Event; (101 bytes) @ 0x00007fb8d5485884 [0x00007fb8d54856e0+0x1a4]
J 2156 C1 com.sun.javafx.event.EventUtil.fireEvent(Ljavafx/event/EventTarget;Ljavafx/event/Event;)Ljavafx/event/Event; (81 bytes) @ 0x00007fb8d56744e4 [0x00007fb8d5673900+0xbe4]
J 2155 C1 javafx.event.Event.fireEvent(Ljavafx/event/EventTarget;Ljavafx/event/Event;)V (35 bytes) @ 0x00007fb8d56732ac [0x00007fb8d56731e0+0xcc]
j  javafx.scene.Node.fireEvent(Ljavafx/event/Event;)V+86
j  javafx.scene.control.Button.fire()V+15
j  com.sun.javafx.scene.control.behavior.ButtonBehavior.mouseReleased(Ljavafx/scene/input/MouseEvent;)V+23
j  com.sun.javafx.scene.control.skin.BehaviorSkinBase$1.handle(Ljavafx/scene/input/MouseEvent;)V+83
j  com.sun.javafx.scene.control.skin.BehaviorSkinBase$1.handle(Ljavafx/event/Event;)V+5
J 2181 C1 com.sun.javafx.event.CompositeEventHandler$NormalEventHandlerRecord.handleBubblingEvent(Ljavafx/event/Event;)V (11 bytes) @ 0x00007fb8d568bf84 [0x00007fb8d568be80+0x104]
J 2135 C1 com.sun.javafx.event.CompositeEventHandler.dispatchBubblingEvent(Ljavafx/event/Event;)V (57 bytes) @ 0x00007fb8d566987c [0x00007fb8d5669640+0x23c]
J 1690 C1 com.sun.javafx.event.EventHandlerManager.dispatchBubblingEvent(Ljavafx/event/Event;)Ljavafx/event/Event; (23 bytes) @ 0x00007fb8d5515524 [0x00007fb8d5514e80+0x6a4]
J 1691 C1 com.sun.javafx.event.CompositeEventDispatcher.dispatchBubblingEvent(Ljavafx/event/Event;)Ljavafx/event/Event; (35 bytes) @ 0x00007fb8d5515edc [0x00007fb8d5515d20+0x1bc]
J 1588 C1 com.sun.javafx.event.BasicEventDispatcher.dispatchEvent(Ljavafx/event/Event;Ljavafx/event/EventDispatchChain;)Ljavafx/event/Event; (44 bytes) @ 0x00007fb8d54e3fbc [0x00007fb8d54e3c80+0x33c]
J 1427 C1 com.sun.javafx.event.EventDispatchChainImpl.dispatchEvent(Ljavafx/event/Event;)Ljavafx/event/Event; (101 bytes) @ 0x00007fb8d5485884 [0x00007fb8d54856e0+0x1a4]
J 1588 C1 com.sun.javafx.event.BasicEventDispatcher.dispatchEvent(Ljavafx/event/Event;Ljavafx/event/EventDispatchChain;)Ljavafx/event/Event; (44 bytes) @ 0x00007fb8d54e3ed4 [0x00007fb8d54e3c80+0x254]
J 1427 C1 com.sun.javafx.event.EventDispatchChainImpl.dispatchEvent(Ljavafx/event/Event;)Ljavafx/event/Event; (101 bytes) @ 0x00007fb8d5485884 [0x00007fb8d54856e0+0x1a4]
J 1588 C1 com.sun.javafx.event.BasicEventDispatcher.dispatchEvent(Ljavafx/event/Event;Ljavafx/event/EventDispatchChain;)Ljavafx/event/Event; (44 bytes) @ 0x00007fb8d54e3ed4 [0x00007fb8d54e3c80+0x254]
J 1427 C1 com.sun.javafx.event.EventDispatchChainImpl.dispatchEvent(Ljavafx/event/Event;)Ljavafx/event/Event; (101 bytes) @ 0x00007fb8d5485884 [0x00007fb8d54856e0+0x1a4]
J 2156 C1 com.sun.javafx.event.EventUtil.fireEvent(Ljavafx/event/EventTarget;Ljavafx/event/Event;)Ljavafx/event/Event; (81 bytes) @ 0x00007fb8d5674034 [0x00007fb8d5673900+0x734]
J 2155 C1 javafx.event.Event.fireEvent(Ljavafx/event/EventTarget;Ljavafx/event/Event;)V (35 bytes) @ 0x00007fb8d56732ac [0x00007fb8d56731e0+0xcc]
j  javafx.scene.Scene$MouseHandler.process(Ljavafx/scene/input/MouseEvent;Z)V+491
j  javafx.scene.Scene$MouseHandler.access$1500(Ljavafx/scene/Scene$MouseHandler;Ljavafx/scene/input/MouseEvent;Z)V+3
j  javafx.scene.Scene.impl_processMouseEvent(Ljavafx/scene/input/MouseEvent;)V+6
j  javafx.scene.Scene$ScenePeerListener.mouseEvent(Ljavafx/event/EventType;DDDDLjavafx/scene/input/MouseButton;ZZZZZZZZZ)V+46
j  com.sun.javafx.tk.quantum.GlassViewEventHandler$MouseEventNotification.run()Ljava/lang/Void;+514
j  com.sun.javafx.tk.quantum.GlassViewEventHandler$MouseEventNotification.run()Ljava/lang/Object;+1
v  ~StubRoutines::call_stub
J 1693  java.security.AccessController.doPrivileged(Ljava/security/PrivilegedAction;Ljava/security/AccessControlContext;)Ljava/lang/Object; (0 bytes) @ 0x00007fb8d5516963 [0x00007fb8d5516900+0x63]
j  com.sun.javafx.tk.quantum.GlassViewEventHandler.lambda$handleMouseEvent$354()Ljava/lang/Void;+11
j  com.sun.javafx.tk.quantum.GlassViewEventHandler$$Lambda$238.get()Ljava/lang/Object;+4
j  com.sun.javafx.tk.quantum.QuantumToolkit.runWithoutRenderLock(Ljava/util/function/Supplier;)Ljava/lang/Object;+18
j  com.sun.javafx.tk.quantum.GlassViewEventHandler.handleMouseEvent(Lcom/sun/glass/ui/View;JIIIIIIIZZ)V+103
j  com.sun.glass.ui.View.handleMouseEvent(JIIIIIIIZZ)V+30
j  com.sun.glass.ui.View.notifyMouse(IIIIIIIZZ)V+181
v  ~StubRoutines::call_stub
j  com.sun.glass.ui.gtk.GtkApplication._runLoop(Ljava/lang/Runnable;Z)V+0
j  com.sun.glass.ui.gtk.GtkApplication.lambda$null$49(Ljava/lang/Runnable;Z)V+7
j  com.sun.glass.ui.gtk.GtkApplication$$Lambda$41.run()V+12
j  java.lang.Thread.run()V+11
v  ~StubRoutines::call_stub

---------------  P R O C E S S  ---------------

Java Threads: ( => current thread )
  0x00007fb8782a1000 JavaThread "Prism Font Disposer" daemon [_thread_blocked, id=8688, stack(0x00007fb885fe6000,0x00007fb8860e7000)]
  0x00007fb8e4285800 JavaThread "JavaFX-Launcher" [_thread_blocked, id=8677, stack(0x00007fb88c010000,0x00007fb88c111000)]
=>0x00007fb8e4251000 JavaThread "JavaFX Application Thread" [_thread_in_vm, id=8676, stack(0x00007fb88c111000,0x00007fb88c212000)]
  0x00007fb8e424d800 JavaThread "Thread-1" daemon [_thread_blocked, id=8673, stack(0x00007fb88ca13000,0x00007fb88cb14000)]
  0x00007fb8e41bf000 JavaThread "QuantumRenderer-0" daemon [_thread_blocked, id=8671, stack(0x00007fb8d411b000,0x00007fb8d421c000)]
  0x00007fb8e40c1800 JavaThread "Service Thread" daemon [_thread_blocked, id=8669, stack(0x00007fb8d431d000,0x00007fb8d441e000)]
  0x00007fb8e40be000 JavaThread "C1 CompilerThread2" daemon [_thread_blocked, id=8668, stack(0x00007fb8d441e000,0x00007fb8d451f000)]
  0x00007fb8e40bc800 JavaThread "C2 CompilerThread1" daemon [_thread_blocked, id=8667, stack(0x00007fb8d451f000,0x00007fb8d4620000)]
  0x00007fb8e40b9800 JavaThread "C2 CompilerThread0" daemon [_thread_blocked, id=8666, stack(0x00007fb8d4620000,0x00007fb8d4721000)]
  0x00007fb8e40b5800 JavaThread "Signal Dispatcher" daemon [_thread_blocked, id=8665, stack(0x00007fb8d4721000,0x00007fb8d4822000)]
  0x00007fb8e4084000 JavaThread "Finalizer" daemon [_thread_blocked, id=8664, stack(0x00007fb8d4afb000,0x00007fb8d4bfc000)]
  0x00007fb8e407f800 JavaThread "Reference Handler" daemon [_thread_blocked, id=8663, stack(0x00007fb8d4bfc000,0x00007fb8d4cfd000)]
  0x00007fb8e4009800 JavaThread "main" [_thread_blocked, id=8657, stack(0x00007fb8ed467000,0x00007fb8ed568000)]

Other Threads:
  0x00007fb8e4077800 VMThread [stack: 0x00007fb8d4cfd000,0x00007fb8d4dfe000] [id=8662]
  0x00007fb8e40c4000 WatcherThread [stack: 0x00007fb8d421c000,0x00007fb8d431d000] [id=8670]

VM state:not at safepoint (normal execution)

VM Mutex/Monitor currently owned by a thread: None

Heap:
 PSYoungGen      total 18432K, used 514K [0x00000000ebc00000, 0x00000000ed080000, 0x0000000100000000)
  eden space 15872K, 3% used [0x00000000ebc00000,0x00000000ebc80bf0,0x00000000ecb80000)
  from space 2560K, 0% used [0x00000000ece00000,0x00000000ece00000,0x00000000ed080000)
  to   space 2560K, 0% used [0x00000000ecb80000,0x00000000ecb80000,0x00000000ece00000)
 ParOldGen       total 39424K, used 8657K [0x00000000c3400000, 0x00000000c5a80000, 0x00000000ebc00000)
  object space 39424K, 21% used [0x00000000c3400000,0x00000000c3c74410,0x00000000c5a80000)
 Metaspace       used 19656K, capacity 21252K, committed 21552K, reserved 1067008K
  class space    used 2982K, capacity 3257K, committed 3328K, reserved 1048576K

Card table byte_map: [0x00007fb8ea027000,0x00007fb8ea20e000] byte_map_base: 0x00007fb8e9a0d000

Marking Bits: (ParMarkBitMap*) 0x00007fb8ec939f60
 Begin Bits: [0x00007fb8ce1a0000, 0x00007fb8cf0d0000)
 End Bits:   [0x00007fb8cf0d0000, 0x00007fb8d0000000)

Polling page: 0x00007fb8ed58a000

CodeCache: size=245760Kb used=7850Kb max_used=7850Kb free=237909Kb
 bounds [0x00007fb8d5000000, 0x00007fb8d57b0000, 0x00007fb8e4000000]
 total_blobs=3280 nmethods=2603 adapters=590
 compilation: enabled

Compilation events (10 events):
Event: 12,617 Thread 0x00007fb8e40be000 2600       3       java.util.ArrayList::indexOf (67 bytes)
Event: 12,617 Thread 0x00007fb8e40be000 nmethod 2600 0x00007fb8d57a3b50 code [0x00007fb8d57a3d00, 0x00007fb8d57a41c8]
Event: 12,618 Thread 0x00007fb8e40be000 2601       3       com.sun.javafx.geom.transform.AffineBase::transform2DBounds (576 bytes)
Event: 12,620 Thread 0x00007fb8e40be000 nmethod 2601 0x00007fb8d57a9bd0 code [0x00007fb8d57a9f60, 0x00007fb8d57ad498]
Event: 12,620 Thread 0x00007fb8e40be000 2599       3       com.sun.javafx.geom.RectBounds::contains (70 bytes)
Event: 12,620 Thread 0x00007fb8e40be000 nmethod 2599 0x00007fb8d57ae850 code [0x00007fb8d57ae9e0, 0x00007fb8d57af0f0]
Event: 12,763 Thread 0x00007fb8e40be000 2602       3       java.util.concurrent.locks.AbstractQueuedSynchronizer::transferForSignal (45 bytes)
Event: 12,764 Thread 0x00007fb8e40be000 nmethod 2602 0x00007fb8d57af210 code [0x00007fb8d57af3c0, 0x00007fb8d57af898]
Event: 12,800 Thread 0x00007fb8e40be000 2603       3       com.sun.glass.ui.View::getWindow (8 bytes)
Event: 12,800 Thread 0x00007fb8e40be000 nmethod 2603 0x00007fb8d57a37d0 code [0x00007fb8d57a3940, 0x00007fb8d57a3ac8]

GC Heap History (10 events):
Event: 1,646 GC heap before
{Heap before GC invocations=1 (full 0):
 PSYoungGen      total 18432K, used 15872K [0x00000000ebc00000, 0x00000000ed080000, 0x0000000100000000)
  eden space 15872K, 100% used [0x00000000ebc00000,0x00000000ecb80000,0x00000000ecb80000)
  from space 2560K, 0% used [0x00000000ece00000,0x00000000ece00000,0x00000000ed080000)
  to   space 2560K, 0% used [0x00000000ecb80000,0x00000000ecb80000,0x00000000ece00000)
 ParOldGen       total 42496K, used 0K [0x00000000c3400000, 0x00000000c5d80000, 0x00000000ebc00000)
  object space 42496K, 0% used [0x00000000c3400000,0x00000000c3400000,0x00000000c5d80000)
 Metaspace       used 10566K, capacity 10970K, committed 11008K, reserved 1058816K
  class space    used 1394K, capacity 1521K, committed 1536K, reserved 1048576K
Event: 1,654 GC heap after
Heap after GC invocations=1 (full 0):
 PSYoungGen      total 18432K, used 2544K [0x00000000ebc00000, 0x00000000ed080000, 0x0000000100000000)
  eden space 15872K, 0% used [0x00000000ebc00000,0x00000000ebc00000,0x00000000ecb80000)
  from space 2560K, 99% used [0x00000000ecb80000,0x00000000ecdfc030,0x00000000ece00000)
  to   space 2560K, 0% used [0x00000000ece00000,0x00000000ece00000,0x00000000ed080000)
 ParOldGen       total 42496K, used 305K [0x00000000c3400000, 0x00000000c5d80000, 0x00000000ebc00000)
  object space 42496K, 0% used [0x00000000c3400000,0x00000000c344c6b8,0x00000000c5d80000)
 Metaspace       used 10566K, capacity 10970K, committed 11008K, reserved 1058816K
  class space    used 1394K, capacity 1521K, committed 1536K, reserved 1048576K
}
Event: 2,577 GC heap before
{Heap before GC invocations=2 (full 0):
 PSYoungGen      total 18432K, used 18416K [0x00000000ebc00000, 0x00000000ed080000, 0x0000000100000000)
  eden space 15872K, 100% used [0x00000000ebc00000,0x00000000ecb80000,0x00000000ecb80000)
  from space 2560K, 99% used [0x00000000ecb80000,0x00000000ecdfc030,0x00000000ece00000)
  to   space 2560K, 0% used [0x00000000ece00000,0x00000000ece00000,0x00000000ed080000)
 ParOldGen       total 42496K, used 305K [0x00000000c3400000, 0x00000000c5d80000, 0x00000000ebc00000)
  object space 42496K, 0% used [0x00000000c3400000,0x00000000c344c6b8,0x00000000c5d80000)
 Metaspace       used 16550K, capacity 17516K, committed 17664K, reserved 1064960K
  class space    used 2548K, capacity 2764K, committed 2816K, reserved 1048576K
Event: 2,594 GC heap after
Heap after GC invocations=2 (full 0):
 PSYoungGen      total 18432K, used 2544K [0x00000000ebc00000, 0x00000000ee000000, 0x0000000100000000)
  eden space 15872K, 0% used [0x00000000ebc00000,0x00000000ebc00000,0x00000000ecb80000)
  from space 2560K, 99% used [0x00000000ece00000,0x00000000ed07c050,0x00000000ed080000)
  to   space 2560K, 0% used [0x00000000ecb80000,0x00000000ecb80000,0x00000000ece00000)
 ParOldGen       total 42496K, used 2506K [0x00000000c3400000, 0x00000000c5d80000, 0x00000000ebc00000)
  object space 42496K, 5% used [0x00000000c3400000,0x00000000c3672bf8,0x00000000c5d80000)
 Metaspace       used 16550K, capacity 17516K, committed 17664K, reserved 1064960K
  class space    used 2548K, capacity 2764K, committed 2816K, reserved 1048576K
}
Event: 9,926 GC heap before
{Heap before GC invocations=3 (full 0):
 PSYoungGen      total 18432K, used 18416K [0x00000000ebc00000, 0x00000000ee000000, 0x0000000100000000)
  eden space 15872K, 100% used [0x00000000ebc00000,0x00000000ecb80000,0x00000000ecb80000)
  from space 2560K, 99% used [0x00000000ece00000,0x00000000ed07c050,0x00000000ed080000)
  to   space 2560K, 0% used [0x00000000ecb80000,0x00000000ecb80000,0x00000000ece00000)
 ParOldGen       total 42496K, used 2506K [0x00000000c3400000, 0x00000000c5d80000, 0x00000000ebc00000)
  object space 42496K, 5% used [0x00000000c3400000,0x00000000c3672bf8,0x00000000c5d80000)
 Metaspace       used 19559K, capacity 21110K, committed 21248K, reserved 1067008K
  class space    used 2980K, capacity 3256K, committed 3328K, reserved 1048576K
Event: 9,964 GC heap after
Heap after GC invocations=3 (full 0):
 PSYoungGen      total 18432K, used 2528K [0x00000000ebc00000, 0x00000000ed080000, 0x0000000100000000)
  eden space 15872K, 0% used [0x00000000ebc00000,0x00000000ebc00000,0x00000000ecb80000)
  from space 2560K, 98% used [0x00000000ecb80000,0x00000000ecdf8058,0x00000000ece00000)
  to   space 2560K, 0% used [0x00000000ece00000,0x00000000ece00000,0x00000000ed080000)
 ParOldGen       total 42496K, used 6619K [0x00000000c3400000, 0x00000000c5d80000, 0x00000000ebc00000)
  object space 42496K, 15% used [0x00000000c3400000,0x00000000c3a76c38,0x00000000c5d80000)
 Metaspace       used 19559K, capacity 21110K, committed 21248K, reserved 1067008K
  class space    used 2980K, capacity 3256K, committed 3328K, reserved 1048576K
}
Event: 12,380 GC heap before
{Heap before GC invocations=4 (full 0):
 PSYoungGen      total 18432K, used 3533K [0x00000000ebc00000, 0x00000000ed080000, 0x0000000100000000)
  eden space 15872K, 6% used [0x00000000ebc00000,0x00000000ebcfb520,0x00000000ecb80000)
  from space 2560K, 98% used [0x00000000ecb80000,0x00000000ecdf8058,0x00000000ece00000)
  to   space 2560K, 0% used [0x00000000ece00000,0x00000000ece00000,0x00000000ed080000)
 ParOldGen       total 42496K, used 6619K [0x00000000c3400000, 0x00000000c5d80000, 0x00000000ebc00000)
  object space 42496K, 15% used [0x00000000c3400000,0x00000000c3a76c38,0x00000000c5d80000)
 Metaspace       used 19651K, capacity 21182K, committed 21296K, reserved 1067008K
  class space    used 2981K, capacity 3256K, committed 3328K, reserved 1048576K
Event: 12,389 GC heap after
Heap after GC invocations=4 (full 0):
 PSYoungGen      total 18432K, used 2528K [0x00000000ebc00000, 0x00000000ed080000, 0x0000000100000000)
  eden space 15872K, 0% used [0x00000000ebc00000,0x00000000ebc00000,0x00000000ecb80000)
  from space 2560K, 98% used [0x00000000ece00000,0x00000000ed078038,0x00000000ed080000)
  to   space 2560K, 0% used [0x00000000ecb80000,0x00000000ecb80000,0x00000000ece00000)
 ParOldGen       total 42496K, used 6683K [0x00000000c3400000, 0x00000000c5d80000, 0x00000000ebc00000)
  object space 42496K, 15% used [0x00000000c3400000,0x00000000c3a86c38,0x00000000c5d80000)
 Metaspace       used 19651K, capacity 21182K, committed 21296K, reserved 1067008K
  class space    used 2981K, capacity 3256K, committed 3328K, reserved 1048576K
}
Event: 12,389 GC heap before
{Heap before GC invocations=5 (full 1):
 PSYoungGen      total 18432K, used 2528K [0x00000000ebc00000, 0x00000000ed080000, 0x0000000100000000)
  eden space 15872K, 0% used [0x00000000ebc00000,0x00000000ebc00000,0x00000000ecb80000)
  from space 2560K, 98% used [0x00000000ece00000,0x00000000ed078038,0x00000000ed080000)
  to   space 2560K, 0% used [0x00000000ecb80000,0x00000000ecb80000,0x00000000ece00000)
 ParOldGen       total 42496K, used 6683K [0x00000000c3400000, 0x00000000c5d80000, 0x00000000ebc00000)
  object space 42496K, 15% used [0x00000000c3400000,0x00000000c3a86c38,0x00000000c5d80000)
 Metaspace       used 19651K, capacity 21182K, committed 21296K, reserved 1067008K
  class space    used 2981K, capacity 3256K, committed 3328K, reserved 1048576K
Event: 12,530 GC heap after
Heap after GC invocations=5 (full 1):
 PSYoungGen      total 18432K, used 0K [0x00000000ebc00000, 0x00000000ed080000, 0x0000000100000000)
  eden space 15872K, 0% used [0x00000000ebc00000,0x00000000ebc00000,0x00000000ecb80000)
  from space 2560K, 0% used [0x00000000ece00000,0x00000000ece00000,0x00000000ed080000)
  to   space 2560K, 0% used [0x00000000ecb80000,0x00000000ecb80000,0x00000000ece00000)
 ParOldGen       total 39424K, used 8657K [0x00000000c3400000, 0x00000000c5a80000, 0x00000000ebc00000)
  object space 39424K, 21% used [0x00000000c3400000,0x00000000c3c74410,0x00000000c5a80000)
 Metaspace       used 19651K, capacity 21182K, committed 21296K, reserved 1067008K
  class space    used 2981K, capacity 3256K, committed 3328K, reserved 1048576K
}

Deoptimization events (10 events):
Event: 5,535 Thread 0x00007fb8e4251000 Uncommon trap: reason=unstable_if action=reinterpret pc=0x00007fb8d542b920 method=com.sun.javafx.css.BitSet.addAll(Ljava/util/Collection;)Z @ 1
Event: 7,946 Thread 0x00007fb8e4251000 Uncommon trap: reason=unstable_if action=reinterpret pc=0x00007fb8d55ff008 method=com.sun.javafx.css.SimpleSelector.applies(Ljavafx/css/Styleable;)Z @ 7
Event: 7,946 Thread 0x00007fb8e4251000 Uncommon trap: reason=unstable_if action=reinterpret pc=0x00007fb8d55d56d0 method=com.sun.javafx.css.SimpleSelector.applies(Ljavafx/css/Styleable;)Z @ 7
Event: 7,950 Thread 0x00007fb8e4251000 Uncommon trap: reason=unstable_if action=reinterpret pc=0x00007fb8d5525588 method=com.sun.javafx.css.SimpleSelector.applies(Ljavafx/css/Styleable;)Z @ 7
Event: 7,959 Thread 0x00007fb8e4251000 Uncommon trap: reason=unstable_if action=reinterpret pc=0x00007fb8d54a2254 method=java.io.ByteArrayInputStream.read()I @ 8
Event: 7,959 Thread 0x00007fb8e4251000 Uncommon trap: reason=class_check action=maybe_recompile pc=0x00007fb8d53fd2cc method=java.io.FilterInputStream.read()I @ 4
Event: 7,959 Thread 0x00007fb8e4251000 Uncommon trap: reason=class_check action=maybe_recompile pc=0x00007fb8d53fd2cc method=java.io.FilterInputStream.read()I @ 4
Event: 7,959 Thread 0x00007fb8e4251000 Uncommon trap: reason=class_check action=maybe_recompile pc=0x00007fb8d53fd2cc method=java.io.FilterInputStream.read()I @ 4
Event: 7,959 Thread 0x00007fb8e4251000 Uncommon trap: reason=class_check action=maybe_recompile pc=0x00007fb8d53fd2cc method=java.io.FilterInputStream.read()I @ 4
Event: 8,018 Thread 0x00007fb8e4251000 Uncommon trap: reason=unstable_if action=reinterpret pc=0x00007fb8d557d084 method=com.sun.javafx.css.StyleManager.getStyleMap(Ljavafx/css/Styleable;Ljavafx/scene/SubScene;I)Lcom/sun/javafx/css/StyleMap; @ 2

Internal exceptions (10 events):
Event: 0,311 Thread 0x00007fb8e4009800 Exception <a 'java/security/PrivilegedActionException'> (0x00000000ebe4d0b8) thrown at [/HUDSON/workspace/8-2-build-linux-amd64/jdk8u131/8869/hotspot/src/share/vm/prims/jvm.cpp, line 1390]
Event: 0,311 Thread 0x00007fb8e4009800 Exception <a 'java/security/PrivilegedActionException'> (0x00000000ebe4d2c8) thrown at [/HUDSON/workspace/8-2-build-linux-amd64/jdk8u131/8869/hotspot/src/share/vm/prims/jvm.cpp, line 1390]
Event: 0,312 Thread 0x00007fb8e4009800 Exception <a 'java/security/PrivilegedActionException'> (0x00000000ebe4f9e8) thrown at [/HUDSON/workspace/8-2-build-linux-amd64/jdk8u131/8869/hotspot/src/share/vm/prims/jvm.cpp, line 1390]
Event: 0,312 Thread 0x00007fb8e4009800 Exception <a 'java/security/PrivilegedActionException'> (0x00000000ebe4fbf8) thrown at [/HUDSON/workspace/8-2-build-linux-amd64/jdk8u131/8869/hotspot/src/share/vm/prims/jvm.cpp, line 1390]
Event: 0,313 Thread 0x00007fb8e4009800 Exception <a 'java/lang/NullPointerException'> (0x00000000ebe501d0) thrown at [/HUDSON/workspace/8-2-build-linux-amd64/jdk8u131/8869/hotspot/src/share/vm/interpreter/linkResolver.cpp, line 1197]
Event: 1,391 Thread 0x00007fb8e4251000 Exception <a 'java/lang/NullPointerException'> (0x00000000ec6da5e0) thrown at [/HUDSON/workspace/8-2-build-linux-amd64/jdk8u131/8869/hotspot/src/share/vm/interpreter/linkResolver.cpp, line 1197]
Event: 1,391 Thread 0x00007fb8e4251000 Exception <a 'java/lang/NullPointerException'> (0x00000000ec6da5e0) thrown at [/HUDSON/workspace/8-2-build-linux-amd64/jdk8u131/8869/hotspot/src/share/vm/prims/jvm.cpp, line 1394]
Event: 1,673 Thread 0x00007fb8e4251000 Implicit null exception at 0x00007fb8d5283075 to 0x00007fb8d5283291
Event: 1,949 Thread 0x00007fb8e4251000 Implicit null exception at 0x00007fb8d53076bf to 0x00007fb8d5307aa5
Event: 5,535 Thread 0x00007fb8e4251000 Implicit null exception at 0x00007fb8d542b38f to 0x00007fb8d542b90d

Events (10 events):
Event: 12,531 Executing VM operation: RevokeBias
Event: 12,531 Executing VM operation: RevokeBias done
Event: 12,532 Executing VM operation: RevokeBias
Event: 12,533 Executing VM operation: RevokeBias done
Event: 12,798 loading class javafx/scene/input/KeyCombination$2
Event: 12,798 loading class javafx/scene/input/KeyCombination$2 done
Event: 12,800 loading class com/sun/prism/GraphicsResource
Event: 12,800 loading class com/sun/prism/GraphicsResource done
Event: 12,800 loading class com/sun/prism/GraphicsResource
Event: 12,800 loading class com/sun/prism/GraphicsResource done


Dynamic libraries:
00400000-00401000 r-xp 00000000 08:02 2491056                            /home/alexandre/jdks/jdk1.8.0_131/bin/java
00600000-00601000 rw-p 00000000 08:02 2491056                            /home/alexandre/jdks/jdk1.8.0_131/bin/java
01f7e000-01f9f000 rw-p 00000000 00:00 0                                  [heap]
40e2f000-40ecf000 rw-p 00000000 00:00 0 
41fdf000-41fe1000 r-xs 00000000 08:02 4194443                            /tmp/.glT52uEZ (deleted)
c3400000-c5a80000 rw-p 00000000 00:00 0 
c5a80000-ebc00000 ---p 00000000 00:00 0 
ebc00000-ed080000 rw-p 00000000 00:00 0 
ed080000-100000000 ---p 00000000 00:00 0 
100000000-100340000 rw-p 00000000 00:00 0 
100340000-140000000 ---p 00000000 00:00 0 
7fb864000000-7fb864021000 rw-p 00000000 00:00 0 
7fb864021000-7fb868000000 ---p 00000000 00:00 0 
7fb86c000000-7fb86c021000 rw-p 00000000 00:00 0 
7fb86c021000-7fb870000000 ---p 00000000 00:00 0 
7fb870000000-7fb870021000 rw-p 00000000 00:00 0 
7fb870021000-7fb874000000 ---p 00000000 00:00 0 
7fb874000000-7fb874021000 rw-p 00000000 00:00 0 
7fb874021000-7fb878000000 ---p 00000000 00:00 0 
7fb878000000-7fb8786a6000 rw-p 00000000 00:00 0 
7fb8786a6000-7fb87c000000 ---p 00000000 00:00 0 
7fb87c000000-7fb87c022000 rw-p 00000000 00:00 0 
7fb87c022000-7fb880000000 ---p 00000000 00:00 0 
7fb880000000-7fb880021000 rw-p 00000000 00:00 0 
7fb880021000-7fb884000000 ---p 00000000 00:00 0 
7fb88479c000-7fb884848000 r--p 00000000 08:02 12061246                   /usr/share/fonts/truetype/dejavu/DejaVuSans-Bold.ttf
7fb884848000-7fb884a14000 rw-p 00000000 00:00 0 
7fb884a14000-7fb884a48000 ---p 00000000 00:00 0 
7fb884a48000-7fb884b48000 rw-s 00000000 00:05 31817759                   /SYSV00000000 (deleted)
7fb884b48000-7fb884d48000 rw-s 30399000 00:06 459                        /dev/nvidiactl
7fb884d48000-7fb884e48000 rw-s 5076b000 00:06 459                        /dev/nvidiactl
7fb884e48000-7fb885048000 rw-s 147c30000 00:06 459                       /dev/nvidiactl
7fb885048000-7fb885fd3000 rw-p 00000000 00:00 0 
7fb885fd3000-7fb885fe6000 r--s 00345000 08:02 2492713                    /home/alexandre/jdks/jdk1.8.0_131/jre/lib/resources.jar
7fb885fe6000-7fb885fe9000 ---p 00000000 00:00 0 
7fb885fe9000-7fb8860e7000 rw-p 00000000 00:00 0 
7fb8860e7000-7fb8861a0000 r--p 00000000 08:02 12061247                   /usr/share/fonts/truetype/dejavu/DejaVuSans.ttf
7fb8861a0000-7fb88624b000 r--p 00000000 08:02 2492605                    /home/alexandre/jdks/jdk1.8.0_131/jre/lib/fonts/LucidaSansRegular.ttf
7fb88624b000-7fb88625f000 r--p 00000000 08:02 2492604                    /home/alexandre/jdks/jdk1.8.0_131/jre/lib/fonts/LucidaBrightItalic.ttf
7fb88625f000-7fb886299000 r--p 00000000 08:02 2492611                    /home/alexandre/jdks/jdk1.8.0_131/jre/lib/fonts/LucidaTypewriterBold.ttf
7fb886299000-7fb8862ac000 r--p 00000000 08:02 2492612                    /home/alexandre/jdks/jdk1.8.0_131/jre/lib/fonts/LucidaBrightDemiBold.ttf
7fb8862ac000-7fb8862e8000 r--p 00000000 08:02 2492610                    /home/alexandre/jdks/jdk1.8.0_131/jre/lib/fonts/LucidaTypewriterRegular.ttf
7fb8862e8000-7fb8862fb000 r--p 00000000 08:02 2492609                    /home/alexandre/jdks/jdk1.8.0_131/jre/lib/fonts/LucidaBrightDemiItalic.ttf
7fb8862fb000-7fb886350000 r--p 00000000 08:02 2492606                    /home/alexandre/jdks/jdk1.8.0_131/jre/lib/fonts/LucidaBrightRegular.ttf
7fb886350000-7fb88639e000 r--p 00000000 08:02 2492607                    /home/alexandre/jdks/jdk1.8.0_131/jre/lib/fonts/LucidaSansDemiBold.ttf
7fb88639e000-7fb8863a2000 r-xp 00000000 08:02 2492835                    /home/alexandre/jdks/jdk1.8.0_131/jre/lib/amd64/libjavafx_font_pango.so
7fb8863a2000-7fb8865a1000 ---p 00004000 08:02 2492835                    /home/alexandre/jdks/jdk1.8.0_131/jre/lib/amd64/libjavafx_font_pango.so
7fb8865a1000-7fb8865a2000 rw-p 00003000 08:02 2492835                    /home/alexandre/jdks/jdk1.8.0_131/jre/lib/amd64/libjavafx_font_pango.so
7fb8865a2000-7fb8865a7000 r--s 00084000 08:02 2492592                    /home/alexandre/jdks/jdk1.8.0_131/jre/lib/jfr.jar
7fb8865a7000-7fb8867a7000 rw-p 00000000 00:00 0 
7fb8867a7000-7fb8869a7000 rw-p 00000000 00:00 0 
7fb8869a7000-7fb8869b2000 r--s 00000000 08:02 7865641                    /var/cache/fontconfig/945677eb7aeaf62f1d50efc3fb3ec7d8-le64.cache-6
7fb8869b2000-7fb8869b8000 r--s 00000000 08:02 7865639                    /var/cache/fontconfig/2cd17615ca594fa2959ae173292e504c-le64.cache-6
7fb8869b8000-7fb8869cd000 r--s 00000000 08:02 7865604                    /var/cache/fontconfig/04aabc0a78ac019cf9454389977116d2-le64.cache-6
7fb8869cd000-7fb8869d2000 r-xp 00000000 08:02 2492838                    /home/alexandre/jdks/jdk1.8.0_131/jre/lib/amd64/libjavafx_font_freetype.so
7fb8869d2000-7fb886bd1000 ---p 00005000 08:02 2492838                    /home/alexandre/jdks/jdk1.8.0_131/jre/lib/amd64/libjavafx_font_freetype.so
7fb886bd1000-7fb886bd2000 rw-p 00004000 08:02 2492838                    /home/alexandre/jdks/jdk1.8.0_131/jre/lib/amd64/libjavafx_font_freetype.so
7fb886bd2000-7fb886bd5000 r-xp 00000000 08:02 2492885                    /home/alexandre/jdks/jdk1.8.0_131/jre/lib/amd64/libjavafx_font.so
7fb886bd5000-7fb886dd4000 ---p 00003000 08:02 2492885                    /home/alexandre/jdks/jdk1.8.0_131/jre/lib/amd64/libjavafx_font.so
7fb886dd4000-7fb886dd5000 rw-p 00002000 08:02 2492885                    /home/alexandre/jdks/jdk1.8.0_131/jre/lib/amd64/libjavafx_font.so
7fb886dd5000-7fb886fd5000 rw-p 00000000 00:00 0 
7fb886fd5000-7fb886fd8000 ---p 00000000 00:00 0 
7fb886fd8000-7fb8873d7000 rw-p 00000000 00:00 0 
7fb8873d7000-7fb8873ed000 r-xp 00000000 08:02 2492884                    /home/alexandre/jdks/jdk1.8.0_131/jre/lib/amd64/libnet.so
7fb8873ed000-7fb8875ed000 ---p 00016000 08:02 2492884                    /home/alexandre/jdks/jdk1.8.0_131/jre/lib/amd64/libnet.so
7fb8875ed000-7fb8875ee000 rw-p 00016000 08:02 2492884                    /home/alexandre/jdks/jdk1.8.0_131/jre/lib/amd64/libnet.so
7fb8875ee000-7fb8875ff000 r-xp 00000000 08:02 2492887                    /home/alexandre/jdks/jdk1.8.0_131/jre/lib/amd64/libnio.so
7fb8875ff000-7fb8877fe000 ---p 00011000 08:02 2492887                    /home/alexandre/jdks/jdk1.8.0_131/jre/lib/amd64/libnio.so
7fb8877fe000-7fb8877ff000 rw-p 00010000 08:02 2492887                    /home/alexandre/jdks/jdk1.8.0_131/jre/lib/amd64/libnio.so
7fb8877ff000-7fb887800000 ---p 00000000 00:00 0 
7fb887800000-7fb888000000 rw-p 00000000 00:00 0 
7fb888000000-7fb888021000 rw-p 00000000 00:00 0 
7fb888021000-7fb88c000000 ---p 00000000 00:00 0 
7fb88c001000-7fb88c002000 r--s 00000000 08:02 7865630                    /var/cache/fontconfig/0d8c3b2ac0904cb8a57a757ad11a4a08-le64.cache-6
7fb88c002000-7fb88c003000 r--s 00000000 08:02 7865602                    /var/cache/fontconfig/1ac9eb803944fde146138c791f5cc56a-le64.cache-6
7fb88c003000-7fb88c007000 r--s 00000000 08:02 7865600                    /var/cache/fontconfig/385c0604a188198f04d133e54aba7fe7-le64.cache-6
7fb88c007000-7fb88c008000 r--s 00000000 08:02 7865585                    /var/cache/fontconfig/dc05db6664285cc2f12bf69c139ae4c3-le64.cache-6
7fb88c008000-7fb88c00b000 r--s 00000000 08:02 7865340                    /var/cache/fontconfig/767a8244fc0220cfb567a839d0392e0b-le64.cache-6
7fb88c00b000-7fb88c010000 r--s 00000000 08:02 7865563                    /var/cache/fontconfig/8801497958630a81b71ace7c5f9b32a8-le64.cache-6
7fb88c010000-7fb88c013000 ---p 00000000 00:00 0 
7fb88c013000-7fb88c111000 rw-p 00000000 00:00 0 
7fb88c111000-7fb88c114000 ---p 00000000 00:00 0 
7fb88c114000-7fb88c212000 rw-p 00000000 00:00 0 
7fb88c212000-7fb88c213000 ---p 00000000 00:00 0 
7fb88c213000-7fb88ca13000 rw-p 00000000 00:00 0 
7fb88ca13000-7fb88ca16000 ---p 00000000 00:00 0 
7fb88ca16000-7fb88cb14000 rw-p 00000000 00:00 0 
7fb88cb14000-7fb88cb15000 ---p 00000000 00:00 0 
7fb88cb15000-7fb88d315000 rw-p 00000000 00:00 0 
7fb88d315000-7fb88d320000 r-xp 00000000 08:02 11403322                   /usr/lib/x86_64-linux-gnu/gio/modules/libdconfsettings.so
7fb88d320000-7fb88d520000 ---p 0000b000 08:02 11403322                   /usr/lib/x86_64-linux-gnu/gio/modules/libdconfsettings.so
7fb88d520000-7fb88d521000 r--p 0000b000 08:02 11403322                   /usr/lib/x86_64-linux-gnu/gio/modules/libdconfsettings.so
7fb88d521000-7fb88d522000 rw-p 0000c000 08:02 11403322                   /usr/lib/x86_64-linux-gnu/gio/modules/libdconfsettings.so
7fb88d522000-7fb88d529000 r-xp 00000000 08:02 11019068                   /usr/lib/x86_64-linux-gnu/libogg.so.0.8.2
7fb88d529000-7fb88d729000 ---p 00007000 08:02 11019068                   /usr/lib/x86_64-linux-gnu/libogg.so.0.8.2
7fb88d729000-7fb88d72a000 r--p 00007000 08:02 11019068                   /usr/lib/x86_64-linux-gnu/libogg.so.0.8.2
7fb88d72a000-7fb88d72b000 rw-p 00008000 08:02 11019068                   /usr/lib/x86_64-linux-gnu/libogg.so.0.8.2
7fb88d72b000-7fb88d755000 r-xp 00000000 08:02 11019417                   /usr/lib/x86_64-linux-gnu/libvorbis.so.0.4.8
7fb88d755000-7fb88d955000 ---p 0002a000 08:02 11019417                   /usr/lib/x86_64-linux-gnu/libvorbis.so.0.4.8
7fb88d955000-7fb88d956000 r--p 0002a000 08:02 11019417                   /usr/lib/x86_64-linux-gnu/libvorbis.so.0.4.8
7fb88d956000-7fb88d957000 rw-p 0002b000 08:02 11019417                   /usr/lib/x86_64-linux-gnu/libvorbis.so.0.4.8
7fb88d957000-7fb88d960000 r-xp 00000000 08:02 11018935                   /usr/lib/x86_64-linux-gnu/libltdl.so.7.3.1
7fb88d960000-7fb88db5f000 ---p 00009000 08:02 11018935                   /usr/lib/x86_64-linux-gnu/libltdl.so.7.3.1
7fb88db5f000-7fb88db60000 r--p 00008000 08:02 11018935                   /usr/lib/x86_64-linux-gnu/libltdl.so.7.3.1
7fb88db60000-7fb88db61000 rw-p 00009000 08:02 11018935                   /usr/lib/x86_64-linux-gnu/libltdl.so.7.3.1
7fb88db61000-7fb88db75000 r-xp 00000000 08:02 11019310                   /usr/lib/x86_64-linux-gnu/libtdb.so.1.3.8
7fb88db75000-7fb88dd74000 ---p 00014000 08:02 11019310                   /usr/lib/x86_64-linux-gnu/libtdb.so.1.3.8
7fb88dd74000-7fb88dd75000 r--p 00013000 08:02 11019310                   /usr/lib/x86_64-linux-gnu/libtdb.so.1.3.8
7fb88dd75000-7fb88dd76000 rw-p 00014000 08:02 11019310                   /usr/lib/x86_64-linux-gnu/libtdb.so.1.3.8
7fb88dd76000-7fb88dd7d000 r-xp 00000000 08:02 11019421                   /usr/lib/x86_64-linux-gnu/libvorbisfile.so.3.3.7
7fb88dd7d000-7fb88df7d000 ---p 00007000 08:02 11019421                   /usr/lib/x86_64-linux-gnu/libvorbisfile.so.3.3.7
7fb88df7d000-7fb88df7e000 r--p 00007000 08:02 11019421                   /usr/lib/x86_64-linux-gnu/libvorbisfile.so.3.3.7
7fb88df7e000-7fb88df7f000 rw-p 00008000 08:02 11019421                   /usr/lib/x86_64-linux-gnu/libvorbisfile.so.3.3.7
7fb88df7f000-7fb88df8f000 r-xp 00000000 08:02 11018332                   /usr/lib/x86_64-linux-gnu/libcanberra.so.0.2.5
7fb88df8f000-7fb88e18e000 ---p 00010000 08:02 11018332                   /usr/lib/x86_64-linux-gnu/libcanberra.so.0.2.5
7fb88e18e000-7fb88e18f000 r--p 0000f000 08:02 11018332                   /usr/lib/x86_64-linux-gnu/libcanberra.so.0.2.5
7fb88e18f000-7fb88e190000 rw-p 00010000 08:02 11018332                   /usr/lib/x86_64-linux-gnu/libcanberra.so.0.2.5
7fb88e190000-7fb88e194000 r-xp 00000000 08:02 11018328                   /usr/lib/x86_64-linux-gnu/libcanberra-gtk.so.0.1.9
7fb88e194000-7fb88e393000 ---p 00004000 08:02 11018328                   /usr/lib/x86_64-linux-gnu/libcanberra-gtk.so.0.1.9
7fb88e393000-7fb88e394000 r--p 00003000 08:02 11018328                   /usr/lib/x86_64-linux-gnu/libcanberra-gtk.so.0.1.9
7fb88e394000-7fb88e395000 rw-p 00004000 08:02 11018328                   /usr/lib/x86_64-linux-gnu/libcanberra-gtk.so.0.1.9
7fb88e395000-7fb88e39a000 r-xp 00000000 08:02 11403355                   /usr/lib/x86_64-linux-gnu/gtk-2.0/modules/libcanberra-gtk-module.so
7fb88e39a000-7fb88e599000 ---p 00005000 08:02 11403355                   /usr/lib/x86_64-linux-gnu/gtk-2.0/modules/libcanberra-gtk-module.so
7fb88e599000-7fb88e59a000 r--p 00004000 08:02 11403355                   /usr/lib/x86_64-linux-gnu/gtk-2.0/modules/libcanberra-gtk-module.so
7fb88e59a000-7fb88e59b000 rw-p 00005000 08:02 11403355                   /usr/lib/x86_64-linux-gnu/gtk-2.0/modules/libcanberra-gtk-module.so
7fb88e59b000-7fb88e5cb000 r-xp 00000000 08:02 11406093                   /usr/lib/x86_64-linux-gnu/gtk-2.0/2.10.0/engines/libmurrine.so
7fb88e5cb000-7fb88e7cb000 ---p 00030000 08:02 11406093                   /usr/lib/x86_64-linux-gnu/gtk-2.0/2.10.0/engines/libmurrine.so
7fb88e7cb000-7fb88e7cc000 r--p 00030000 08:02 11406093                   /usr/lib/x86_64-linux-gnu/gtk-2.0/2.10.0/engines/libmurrine.so
7fb88e7cc000-7fb88e7cd000 rw-p 00031000 08:02 11406093                   /usr/lib/x86_64-linux-gnu/gtk-2.0/2.10.0/engines/libmurrine.so
7fb88e7cd000-7fb88e7dd000 r-xp 00000000 08:02 11019366                   /usr/lib/x86_64-linux-gnu/libunity-gtk2-parser.so.0.0.0
7fb88e7dd000-7fb88e9dd000 ---p 00010000 08:02 11019366                   /usr/lib/x86_64-linux-gnu/libunity-gtk2-parser.so.0.0.0
7fb88e9dd000-7fb88e9de000 r--p 00010000 08:02 11019366                   /usr/lib/x86_64-linux-gnu/libunity-gtk2-parser.so.0.0.0
7fb88e9de000-7fb88e9df000 rw-p 00011000 08:02 11019366                   /usr/lib/x86_64-linux-gnu/libunity-gtk2-parser.so.0.0.0
7fb88e9df000-7fb88e9e4000 r-xp 00000000 08:02 11403359                   /usr/lib/x86_64-linux-gnu/gtk-2.0/modules/libunity-gtk-module.so
7fb88e9e4000-7fb88ebe3000 ---p 00005000 08:02 11403359                   /usr/lib/x86_64-linux-gnu/gtk-2.0/modules/libunity-gtk-module.so
7fb88ebe3000-7fb88ebe4000 r--p 00004000 08:02 11403359                   /usr/lib/x86_64-linux-gnu/gtk-2.0/modules/libunity-gtk-module.so
7fb88ebe4000-7fb88ebe5000 rw-p 00005000 08:02 11403359                   /usr/lib/x86_64-linux-gnu/gtk-2.0/modules/libunity-gtk-module.so
7fb88ebe5000-7fb88ebf7000 r-xp 00000000 08:02 5247438                    /lib/x86_64-linux-gnu/libgpg-error.so.0.17.0
7fb88ebf7000-7fb88edf7000 ---p 00012000 08:02 5247438                    /lib/x86_64-linux-gnu/libgpg-error.so.0.17.0
7fb88edf7000-7fb88edf8000 r--p 00012000 08:02 5247438                    /lib/x86_64-linux-gnu/libgpg-error.so.0.17.0
7fb88edf8000-7fb88edf9000 rw-p 00013000 08:02 5247438                    /lib/x86_64-linux-gnu/libgpg-error.so.0.17.0
7fb88edf9000-7fb88eed1000 r-xp 00000000 08:02 5242980                    /lib/x86_64-linux-gnu/libgcrypt.so.20.0.5
7fb88eed1000-7fb88f0d0000 ---p 000d8000 08:02 5242980                    /lib/x86_64-linux-gnu/libgcrypt.so.20.0.5
7fb88f0d0000-7fb88f0d1000 r--p 000d7000 08:02 5242980                    /lib/x86_64-linux-gnu/libgcrypt.so.20.0.5
7fb88f0d1000-7fb88f0d9000 rw-p 000d8000 08:02 5242980                    /lib/x86_64-linux-gnu/libgcrypt.so.20.0.5
7fb88f0d9000-7fb88f0da000 rw-p 00000000 00:00 0 
7fb88f0da000-7fb88f0fb000 r-xp 00000000 08:02 5247461                    /lib/x86_64-linux-gnu/liblzma.so.5.0.0
7fb88f0fb000-7fb88f2fa000 ---p 00021000 08:02 5247461                    /lib/x86_64-linux-gnu/liblzma.so.5.0.0
7fb88f2fa000-7fb88f2fb000 r--p 00020000 08:02 5247461                    /lib/x86_64-linux-gnu/liblzma.so.5.0.0
7fb88f2fb000-7fb88f2fc000 rw-p 00021000 08:02 5247461                    /lib/x86_64-linux-gnu/liblzma.so.5.0.0
7fb88f2fc000-7fb88f346000 r-xp 00000000 08:02 5247307                    /lib/x86_64-linux-gnu/libdbus-1.so.3.14.6
7fb88f346000-7fb88f546000 ---p 0004a000 08:02 5247307                    /lib/x86_64-linux-gnu/libdbus-1.so.3.14.6
7fb88f546000-7fb88f547000 r--p 0004a000 08:02 5247307                    /lib/x86_64-linux-gnu/libdbus-1.so.3.14.6
7fb88f547000-7fb88f548000 rw-p 0004b000 08:02 5247307                    /lib/x86_64-linux-gnu/libdbus-1.so.3.14.6
7fb88f548000-7fb88f574000 r-xp 00000000 08:02 11018274                   /usr/lib/x86_64-linux-gnu/libatspi.so.0.0.1
7fb88f574000-7fb88f773000 ---p 0002c000 08:02 11018274                   /usr/lib/x86_64-linux-gnu/libatspi.so.0.0.1
7fb88f773000-7fb88f776000 r--p 0002b000 08:02 11018274                   /usr/lib/x86_64-linux-gnu/libatspi.so.0.0.1
7fb88f776000-7fb88f777000 rw-p 0002e000 08:02 11018274                   /usr/lib/x86_64-linux-gnu/libatspi.so.0.0.1
7fb88f777000-7fb88f7a4000 r-xp 00000000 08:02 11018268                   /usr/lib/x86_64-linux-gnu/libatk-bridge-2.0.so.0.0.0
7fb88f7a4000-7fb88f9a3000 ---p 0002d000 08:02 11018268                   /usr/lib/x86_64-linux-gnu/libatk-bridge-2.0.so.0.0.0
7fb88f9a3000-7fb88f9a4000 r--p 0002c000 08:02 11018268                   /usr/lib/x86_64-linux-gnu/libatk-bridge-2.0.so.0.0.0
7fb88f9a4000-7fb88f9a6000 rw-p 0002d000 08:02 11018268                   /usr/lib/x86_64-linux-gnu/libatk-bridge-2.0.so.0.0.0
7fb88f9a6000-7fb88f9a7000 r-xp 00000000 08:02 11403354                   /usr/lib/x86_64-linux-gnu/gtk-2.0/modules/libatk-bridge.so
7fb88f9a7000-7fb88fba6000 ---p 00001000 08:02 11403354                   /usr/lib/x86_64-linux-gnu/gtk-2.0/modules/libatk-bridge.so
7fb88fba6000-7fb88fba7000 r--p 00000000 08:02 11403354                   /usr/lib/x86_64-linux-gnu/gtk-2.0/modules/libatk-bridge.so
7fb88fba7000-7fb88fba8000 rw-p 00001000 08:02 11403354                   /usr/lib/x86_64-linux-gnu/gtk-2.0/modules/libatk-bridge.so
7fb88fba8000-7fb88fbaf000 r-xp 00000000 08:02 11018603                   /usr/lib/x86_64-linux-gnu/libgailutil.so.18.0.1
7fb88fbaf000-7fb88fdae000 ---p 00007000 08:02 11018603                   /usr/lib/x86_64-linux-gnu/libgailutil.so.18.0.1
7fb88fdae000-7fb88fdaf000 r--p 00006000 08:02 11018603                   /usr/lib/x86_64-linux-gnu/libgailutil.so.18.0.1
7fb88fdaf000-7fb88fdb0000 rw-p 00007000 08:02 11018603                   /usr/lib/x86_64-linux-gnu/libgailutil.so.18.0.1
7fb88fdb0000-7fb88fdfe000 r-xp 00000000 08:02 11403357                   /usr/lib/x86_64-linux-gnu/gtk-2.0/modules/libgail.so
7fb88fdfe000-7fb88fffd000 ---p 0004e000 08:02 11403357                   /usr/lib/x86_64-linux-gnu/gtk-2.0/modules/libgail.so
7fb88fffd000-7fb88fffe000 r--p 0004d000 08:02 11403357                   /usr/lib/x86_64-linux-gnu/gtk-2.0/modules/libgail.so
7fb88fffe000-7fb890000000 rw-p 0004e000 08:02 11403357                   /usr/lib/x86_64-linux-gnu/gtk-2.0/modules/libgail.so
7fb890000000-7fb8908e0000 rw-p 00000000 00:00 0 
7fb8908e0000-7fb894000000 ---p 00000000 00:00 0 
7fb894000000-7fb894001000 r--s 00000000 08:02 7865565                    /var/cache/fontconfig/4794a0821666d79190d59a36cb4f44b5-le64.cache-6
7fb894001000-7fb894002000 r--s 00000000 08:02 7865534                    /var/cache/fontconfig/bab58bb527bb656aaa9f116d68a48d89-le64.cache-6
7fb894002000-7fb894009000 r--s 00000000 08:02 7865532                    /var/cache/fontconfig/3047814df9a2f067bd2d96a2b9c36e5a-le64.cache-6
7fb894009000-7fb89400a000 r--s 00000000 08:02 7865496                    /var/cache/fontconfig/56cf4f4769d0f4abc89a4895d7bd3ae1-le64.cache-6
7fb89400a000-7fb89401d000 r--s 00000000 08:02 7865471                    /var/cache/fontconfig/d52a8644073d54c13679302ca1180695-le64.cache-6
7fb89401d000-7fb894028000 r--s 00000000 08:02 7866681                    /var/cache/fontconfig/d589a48862398ed80a3d6066f4f56f4c-le64.cache-6
7fb894028000-7fb89403a000 r--s 00000000 08:02 7864406                    /var/cache/fontconfig/9b89f8e3dae116d678bbf48e5f21f69b-le64.cache-6
7fb89403a000-7fb894047000 r--s 00000000 08:02 7866918                    /var/cache/fontconfig/e13b20fdb08344e0e664864cc2ede53d-le64.cache-6
7fb894047000-7fb8940c7000 r-xp 00000000 08:02 5242921                    /lib/x86_64-linux-gnu/libsystemd.so.0.14.0
7fb8940c7000-7fb8940ca000 r--p 0007f000 08:02 5242921                    /lib/x86_64-linux-gnu/libsystemd.so.0.14.0
7fb8940ca000-7fb8940cb000 rw-p 00082000 08:02 5242921                    /lib/x86_64-linux-gnu/libsystemd.so.0.14.0
7fb8940cb000-7fb8940cc000 rw-p 00000000 00:00 0 
7fb8940cc000-7fb8940dd000 r-xp 00000000 08:02 11405295                   /usr/lib/x86_64-linux-gnu/gtk-2.0/modules/liboverlay-scrollbar.so
7fb8940dd000-7fb8942dd000 ---p 00011000 08:02 11405295                   /usr/lib/x86_64-linux-gnu/gtk-2.0/modules/liboverlay-scrollbar.so
7fb8942dd000-7fb8942de000 r--p 00011000 08:02 11405295                   /usr/lib/x86_64-linux-gnu/gtk-2.0/modules/liboverlay-scrollbar.so
7fb8942de000-7fb8942df000 rw-p 00012000 08:02 11405295                   /usr/lib/x86_64-linux-gnu/gtk-2.0/modules/liboverlay-scrollbar.so
7fb8942df000-7fb894308000 r-xp 00000000 08:02 2492860                    /home/alexandre/jdks/jdk1.8.0_131/jre/lib/amd64/libglass.so
7fb894308000-7fb894507000 ---p 00029000 08:02 2492860                    /home/alexandre/jdks/jdk1.8.0_131/jre/lib/amd64/libglass.so
7fb894507000-7fb89450a000 rw-p 00028000 08:02 2492860                    /home/alexandre/jdks/jdk1.8.0_131/jre/lib/amd64/libglass.so
7fb89450a000-7fb89458a000 rw-s 301b6000 00:06 459                        /dev/nvidiactl
7fb89458a000-7fb89460a000 rw-s 117609000 00:06 459                       /dev/nvidiactl
7fb89460a000-7fb89470a000 rw-s 115da3000 00:06 459                       /dev/nvidiactl
7fb89470a000-7fb895aee000 r-xp 00000000 08:02 11025158                   /usr/lib/nvidia-375/libnvidia-glcore.so.375.66
7fb895aee000-7fb895b0e000 rwxp 013e4000 08:02 11025158                   /usr/lib/nvidia-375/libnvidia-glcore.so.375.66
7fb895b0e000-7fb895ede000 r-xp 01404000 08:02 11025158                   /usr/lib/nvidia-375/libnvidia-glcore.so.375.66
7fb895ede000-7fb8960de000 ---p 017d4000 08:02 11025158                   /usr/lib/nvidia-375/libnvidia-glcore.so.375.66
7fb8960de000-7fb8964c5000 rw-p 017d4000 08:02 11025158                   /usr/lib/nvidia-375/libnvidia-glcore.so.375.66
7fb8964c5000-7fb8964dd000 rw-p 00000000 00:00 0 
7fb8964dd000-7fb8964e0000 r-xp 00000000 08:02 11025185                   /usr/lib/nvidia-375/tls/libnvidia-tls.so.375.66
7fb8964e0000-7fb8966e0000 ---p 00003000 08:02 11025185                   /usr/lib/nvidia-375/tls/libnvidia-tls.so.375.66
7fb8966e0000-7fb8966e1000 rw-p 00003000 08:02 11025185                   /usr/lib/nvidia-375/tls/libnvidia-tls.so.375.66
7fb8966e1000-7fb8967aa000 r-xp 00000000 08:02 11025157                   /usr/lib/nvidia-375/libGLX_nvidia.so.375.66
7fb8967aa000-7fb8967de000 rwxp 000c9000 08:02 11025157                   /usr/lib/nvidia-375/libGLX_nvidia.so.375.66
7fb8967de000-7fb8967f2000 r-xp 000fd000 08:02 11025157                   /usr/lib/nvidia-375/libGLX_nvidia.so.375.66
7fb8967f2000-7fb8969f1000 ---p 00111000 08:02 11025157                   /usr/lib/nvidia-375/libGLX_nvidia.so.375.66
7fb8969f1000-7fb896a19000 rw-p 00110000 08:02 11025157                   /usr/lib/nvidia-375/libGLX_nvidia.so.375.66
7fb896a19000-7fb896a20000 rw-p 00000000 00:00 0 
7fb896a20000-7fb896a26000 r-xp 00000000 08:02 11018415                   /usr/lib/x86_64-linux-gnu/libdatrie.so.1.3.3
7fb896a26000-7fb896c26000 ---p 00006000 08:02 11018415                   /usr/lib/x86_64-linux-gnu/libdatrie.so.1.3.3
7fb896c26000-7fb896c27000 r--p 00006000 08:02 11018415                   /usr/lib/x86_64-linux-gnu/libdatrie.so.1.3.3
7fb896c27000-7fb896c28000 rw-p 00007000 08:02 11018415                   /usr/lib/x86_64-linux-gnu/libdatrie.so.1.3.3
7fb896c28000-7fb896c2d000 r-xp 00000000 08:02 11018173                   /usr/lib/x86_64-linux-gnu/libXdmcp.so.6.0.0
7fb896c2d000-7fb896e2c000 ---p 00005000 08:02 11018173                   /usr/lib/x86_64-linux-gnu/libXdmcp.so.6.0.0
7fb896e2c000-7fb896e2d000 r--p 00004000 08:02 11018173                   /usr/lib/x86_64-linux-gnu/libXdmcp.so.6.0.0
7fb896e2d000-7fb896e2e000 rw-p 00005000 08:02 11018173                   /usr/lib/x86_64-linux-gnu/libXdmcp.so.6.0.0
7fb896e2e000-7fb896e30000 r-xp 00000000 08:02 11018162                   /usr/lib/x86_64-linux-gnu/libXau.so.6.0.0
7fb896e30000-7fb897030000 ---p 00002000 08:02 11018162                   /usr/lib/x86_64-linux-gnu/libXau.so.6.0.0
7fb897030000-7fb897031000 r--p 00002000 08:02 11018162                   /usr/lib/x86_64-linux-gnu/libXau.so.6.0.0
7fb897031000-7fb897032000 rw-p 00003000 08:02 11018162                   /usr/lib/x86_64-linux-gnu/libXau.so.6.0.0
7fb897032000-7fb897056000 r-xp 00000000 08:02 11014430                   /usr/lib/x86_64-linux-gnu/libgraphite2.so.3.0.1
7fb897056000-7fb897255000 ---p 00024000 08:02 11014430                   /usr/lib/x86_64-linux-gnu/libgraphite2.so.3.0.1
7fb897255000-7fb897257000 r--p 00023000 08:02 11014430                   /usr/lib/x86_64-linux-gnu/libgraphite2.so.3.0.1
7fb897257000-7fb897258000 rw-p 00025000 08:02 11014430                   /usr/lib/x86_64-linux-gnu/libgraphite2.so.3.0.1
7fb897258000-7fb89729a000 r-xp 00000000 08:02 11025154                   /usr/lib/nvidia-375/libGLdispatch.so.0
7fb89729a000-7fb8972cc000 r-xp 00042000 08:02 11025154                   /usr/lib/nvidia-375/libGLdispatch.so.0
7fb8972cc000-7fb8972de000 r-xp 00074000 08:02 11025154                   /usr/lib/nvidia-375/libGLdispatch.so.0
7fb8972de000-7fb8974de000 ---p 00086000 08:02 11025154                   /usr/lib/nvidia-375/libGLdispatch.so.0
7fb8974de000-7fb897506000 rw-p 00086000 08:02 11025154                   /usr/lib/nvidia-375/libGLdispatch.so.0
7fb897506000-7fb897526000 rw-p 00000000 00:00 0 
7fb897526000-7fb897535000 r-xp 00000000 08:02 11025156                   /usr/lib/nvidia-375/libGLX.so.0
7fb897535000-7fb897735000 ---p 0000f000 08:02 11025156                   /usr/lib/nvidia-375/libGLX.so.0
7fb897735000-7fb897736000 rw-p 0000f000 08:02 11025156                   /usr/lib/nvidia-375/libGLX.so.0
7fb897736000-7fb897756000 rw-p 00000000 00:00 0 
7fb897756000-7fb8977c4000 r-xp 00000000 08:02 5247523                    /lib/x86_64-linux-gnu/libpcre.so.3.13.2
7fb8977c4000-7fb8979c4000 ---p 0006e000 08:02 5247523                    /lib/x86_64-linux-gnu/libpcre.so.3.13.2
7fb8979c4000-7fb8979c5000 r--p 0006e000 08:02 5247523                    /lib/x86_64-linux-gnu/libpcre.so.3.13.2
7fb8979c5000-7fb8979c6000 rw-p 0006f000 08:02 5247523                    /lib/x86_64-linux-gnu/libpcre.so.3.13.2
7fb8979c6000-7fb8979cd000 r-xp 00000000 08:02 11018544                   /usr/lib/x86_64-linux-gnu/libffi.so.6.0.4
7fb8979cd000-7fb897bcc000 ---p 00007000 08:02 11018544                   /usr/lib/x86_64-linux-gnu/libffi.so.6.0.4
7fb897bcc000-7fb897bcd000 r--p 00006000 08:02 11018544                   /usr/lib/x86_64-linux-gnu/libffi.so.6.0.4
7fb897bcd000-7fb897bce000 rw-p 00007000 08:02 11018544                   /usr/lib/x86_64-linux-gnu/libffi.so.6.0.4
7fb897bce000-7fb897bf4000 r-xp 00000000 08:02 5243224                    /lib/x86_64-linux-gnu/libexpat.so.1.6.0
7fb897bf4000-7fb897df4000 ---p 00026000 08:02 5243224                    /lib/x86_64-linux-gnu/libexpat.so.1.6.0
7fb897df4000-7fb897df6000 r--p 00026000 08:02 5243224                    /lib/x86_64-linux-gnu/libexpat.so.1.6.0
7fb897df6000-7fb897df7000 rw-p 00028000 08:02 5243224                    /lib/x86_64-linux-gnu/libexpat.so.1.6.0
7fb897df7000-7fb897dff000 r-xp 00000000 08:02 11019318                   /usr/lib/x86_64-linux-gnu/libthai.so.0.2.4
7fb897dff000-7fb897ffe000 ---p 00008000 08:02 11019318                   /usr/lib/x86_64-linux-gnu/libthai.so.0.2.4
7fb897ffe000-7fb897fff000 r--p 00007000 08:02 11019318                   /usr/lib/x86_64-linux-gnu/libthai.so.0.2.4
7fb897fff000-7fb898000000 rw-p 00008000 08:02 11019318                   /usr/lib/x86_64-linux-gnu/libthai.so.0.2.4
7fb898000000-7fb898021000 rw-p 00000000 00:00 0 
7fb898021000-7fb89c000000 ---p 00000000 00:00 0 
7fb89c000000-7fb89c021000 rw-p 00000000 00:00 0 
7fb89c021000-7fb8a0000000 ---p 00000000 00:00 0 
7fb8a0000000-7fb8a03c1000 rw-p 00000000 00:00 0 
7fb8a03c1000-7fb8a4000000 ---p 00000000 00:00 0 
7fb8a4000000-7fb8a4460000 rw-p 00000000 00:00 0 
7fb8a4460000-7fb8a8000000 ---p 00000000 00:00 0 
7fb8a8000000-7fb8a8021000 rw-p 00000000 00:00 0 
7fb8a8021000-7fb8ac000000 ---p 00000000 00:00 0 
7fb8ac000000-7fb8ac2c2000 rw-p 00000000 00:00 0 
7fb8ac2c2000-7fb8b0000000 ---p 00000000 00:00 0 
7fb8b0000000-7fb8b0021000 rw-p 00000000 00:00 0 
7fb8b0021000-7fb8b4000000 ---p 00000000 00:00 0 
7fb8b4000000-7fb8b4021000 rw-p 00000000 00:00 0 
7fb8b4021000-7fb8b8000000 ---p 00000000 00:00 0 
7fb8b8000000-7fb8b8021000 rw-p 00000000 00:00 0 
7fb8b8021000-7fb8bc000000 ---p 00000000 00:00 0 
7fb8bc000000-7fb8bc021000 rw-p 00000000 00:00 0 
7fb8bc021000-7fb8c0000000 ---p 00000000 00:00 0 
7fb8c0000000-7fb8c0021000 rw-p 00000000 00:00 0 
7fb8c0021000-7fb8c4000000 ---p 00000000 00:00 0 
7fb8c4000000-7fb8c4001000 r--s 00000000 08:02 7865481                    /var/cache/fontconfig/b9d506c9ac06c20b433354fa67a72993-le64.cache-6
7fb8c4001000-7fb8c4007000 r--s 00000000 08:02 7865473                    /var/cache/fontconfig/b47c4e1ecd0709278f4910c18777a504-le64.cache-6
7fb8c4007000-7fb8c4008000 r--s 00000000 08:02 7865470                    /var/cache/fontconfig/551ecf3b0e8b0bca0f25c0944f561853-le64.cache-6
7fb8c4008000-7fb8c4009000 r--s 00000000 08:02 7865466                    /var/cache/fontconfig/30829fa25452a46451e813d634d7f916-le64.cache-6
7fb8c4009000-7fb8c400c000 r--s 00000000 08:02 7865459                    /var/cache/fontconfig/75114ca45c98e8a441da0ff356701271-le64.cache-6
7fb8c400c000-7fb8c4052000 r--p 00000000 08:02 12062229                   /usr/share/glib-2.0/schemas/gschemas.compiled
7fb8c4052000-7fb8c40d2000 rw-s 125173000 00:06 459                       /dev/nvidiactl
7fb8c40d2000-7fb8c4112000 rw-s 11c4b9000 00:06 459                       /dev/nvidiactl
7fb8c4112000-7fb8c4133000 r-xp 00000000 08:02 11019540                   /usr/lib/x86_64-linux-gnu/libxcb.so.1.1.0
7fb8c4133000-7fb8c4332000 ---p 00021000 08:02 11019540                   /usr/lib/x86_64-linux-gnu/libxcb.so.1.1.0
7fb8c4332000-7fb8c4333000 r--p 00020000 08:02 11019540                   /usr/lib/x86_64-linux-gnu/libxcb.so.1.1.0
7fb8c4333000-7fb8c4334000 rw-p 00021000 08:02 11019540                   /usr/lib/x86_64-linux-gnu/libxcb.so.1.1.0
7fb8c4334000-7fb8c433c000 r-xp 00000000 08:02 11019526                   /usr/lib/x86_64-linux-gnu/libxcb-render.so.0.0.0
7fb8c433c000-7fb8c453c000 ---p 00008000 08:02 11019526                   /usr/lib/x86_64-linux-gnu/libxcb-render.so.0.0.0
7fb8c453c000-7fb8c453d000 r--p 00008000 08:02 11019526                   /usr/lib/x86_64-linux-gnu/libxcb-render.so.0.0.0
7fb8c453d000-7fb8c453e000 rw-p 00009000 08:02 11019526                   /usr/lib/x86_64-linux-gnu/libxcb-render.so.0.0.0
7fb8c453e000-7fb8c4540000 r-xp 00000000 08:02 11019530                   /usr/lib/x86_64-linux-gnu/libxcb-shm.so.0.0.0
7fb8c4540000-7fb8c4740000 ---p 00002000 08:02 11019530                   /usr/lib/x86_64-linux-gnu/libxcb-shm.so.0.0.0
7fb8c4740000-7fb8c4741000 r--p 00002000 08:02 11019530                   /usr/lib/x86_64-linux-gnu/libxcb-shm.so.0.0.0
7fb8c4741000-7fb8c4742000 rw-p 00003000 08:02 11019530                   /usr/lib/x86_64-linux-gnu/libxcb-shm.so.0.0.0
7fb8c4742000-7fb8c4766000 r-xp 00000000 08:02 5247535                    /lib/x86_64-linux-gnu/libpng12.so.0.54.0
7fb8c4766000-7fb8c4965000 ---p 00024000 08:02 5247535                    /lib/x86_64-linux-gnu/libpng12.so.0.54.0
7fb8c4965000-7fb8c4966000 r--p 00023000 08:02 5247535                    /lib/x86_64-linux-gnu/libpng12.so.0.54.0
7fb8c4966000-7fb8c4967000 rw-p 00024000 08:02 5247535                    /lib/x86_64-linux-gnu/libpng12.so.0.54.0
7fb8c4967000-7fb8c4a06000 r-xp 00000000 08:02 11019123                   /usr/lib/x86_64-linux-gnu/libpixman-1.so.0.33.6
7fb8c4a06000-7fb8c4c06000 ---p 0009f000 08:02 11019123                   /usr/lib/x86_64-linux-gnu/libpixman-1.so.0.33.6
7fb8c4c06000-7fb8c4c0e000 r--p 0009f000 08:02 11019123                   /usr/lib/x86_64-linux-gnu/libpixman-1.so.0.33.6
7fb8c4c0e000-7fb8c4c0f000 rw-p 000a7000 08:02 11019123                   /usr/lib/x86_64-linux-gnu/libpixman-1.so.0.33.6
7fb8c4c0f000-7fb8c4c6b000 r-xp 00000000 08:02 11014570                   /usr/lib/x86_64-linux-gnu/libharfbuzz.so.0.10000.1
7fb8c4c6b000-7fb8c4e6b000 ---p 0005c000 08:02 11014570                   /usr/lib/x86_64-linux-gnu/libharfbuzz.so.0.10000.1
7fb8c4e6b000-7fb8c4e6c000 r--p 0005c000 08:02 11014570                   /usr/lib/x86_64-linux-gnu/libharfbuzz.so.0.10000.1
7fb8c4e6c000-7fb8c4e6d000 rw-p 0005d000 08:02 11014570                   /usr/lib/x86_64-linux-gnu/libharfbuzz.so.0.10000.1
7fb8c4e6d000-7fb8c4e84000 r-xp 00000000 08:02 5247326                    /lib/x86_64-linux-gnu/libresolv-2.23.so
7fb8c4e84000-7fb8c5084000 ---p 00017000 08:02 5247326                    /lib/x86_64-linux-gnu/libresolv-2.23.so
7fb8c5084000-7fb8c5085000 r--p 00017000 08:02 5247326                    /lib/x86_64-linux-gnu/libresolv-2.23.so
7fb8c5085000-7fb8c5086000 rw-p 00018000 08:02 5247326                    /lib/x86_64-linux-gnu/libresolv-2.23.so
7fb8c5086000-7fb8c5088000 rw-p 00000000 00:00 0 
7fb8c5088000-7fb8c50a7000 r-xp 00000000 08:02 5247552                    /lib/x86_64-linux-gnu/libselinux.so.1
7fb8c50a7000-7fb8c52a6000 ---p 0001f000 08:02 5247552                    /lib/x86_64-linux-gnu/libselinux.so.1
7fb8c52a6000-7fb8c52a7000 r--p 0001e000 08:02 5247552                    /lib/x86_64-linux-gnu/libselinux.so.1
7fb8c52a7000-7fb8c52a8000 rw-p 0001f000 08:02 5247552                    /lib/x86_64-linux-gnu/libselinux.so.1
7fb8c52a8000-7fb8c52aa000 rw-p 00000000 00:00 0 
7fb8c52aa000-7fb8c52c3000 r-xp 00000000 08:02 5242885                    /lib/x86_64-linux-gnu/libz.so.1.2.8
7fb8c52c3000-7fb8c54c2000 ---p 00019000 08:02 5242885                    /lib/x86_64-linux-gnu/libz.so.1.2.8
7fb8c54c2000-7fb8c54c3000 r--p 00018000 08:02 5242885                    /lib/x86_64-linux-gnu/libz.so.1.2.8
7fb8c54c3000-7fb8c54c4000 rw-p 00019000 08:02 5242885                    /lib/x86_64-linux-gnu/libz.so.1.2.8
7fb8c54c4000-7fb8c54d5000 r-xp 00000000 08:02 11018175                   /usr/lib/x86_64-linux-gnu/libXext.so.6.4.0
7fb8c54d5000-7fb8c56d4000 ---p 00011000 08:02 11018175                   /usr/lib/x86_64-linux-gnu/libXext.so.6.4.0
7fb8c56d4000-7fb8c56d5000 r--p 00010000 08:02 11018175                   /usr/lib/x86_64-linux-gnu/libXext.so.6.4.0
7fb8c56d5000-7fb8c56d6000 rw-p 00011000 08:02 11018175                   /usr/lib/x86_64-linux-gnu/libXext.so.6.4.0
7fb8c56d6000-7fb8c56d8000 r-xp 00000000 08:02 11018171                   /usr/lib/x86_64-linux-gnu/libXdamage.so.1.1.0
7fb8c56d8000-7fb8c58d7000 ---p 00002000 08:02 11018171                   /usr/lib/x86_64-linux-gnu/libXdamage.so.1.1.0
7fb8c58d7000-7fb8c58d8000 r--p 00001000 08:02 11018171                   /usr/lib/x86_64-linux-gnu/libXdamage.so.1.1.0
7fb8c58d8000-7fb8c58d9000 rw-p 00002000 08:02 11018171                   /usr/lib/x86_64-linux-gnu/libXdamage.so.1.1.0
7fb8c58d9000-7fb8c58db000 r-xp 00000000 08:02 11018167                   /usr/lib/x86_64-linux-gnu/libXcomposite.so.1.0.0
7fb8c58db000-7fb8c5ada000 ---p 00002000 08:02 11018167                   /usr/lib/x86_64-linux-gnu/libXcomposite.so.1.0.0
7fb8c5ada000-7fb8c5adb000 r--p 00001000 08:02 11018167                   /usr/lib/x86_64-linux-gnu/libXcomposite.so.1.0.0
7fb8c5adb000-7fb8c5adc000 rw-p 00002000 08:02 11018167                   /usr/lib/x86_64-linux-gnu/libXcomposite.so.1.0.0
7fb8c5adc000-7fb8c5ae5000 r-xp 00000000 08:02 11018169                   /usr/lib/x86_64-linux-gnu/libXcursor.so.1.0.2
7fb8c5ae5000-7fb8c5ce4000 ---p 00009000 08:02 11018169                   /usr/lib/x86_64-linux-gnu/libXcursor.so.1.0.2
7fb8c5ce4000-7fb8c5ce5000 r--p 00008000 08:02 11018169                   /usr/lib/x86_64-linux-gnu/libXcursor.so.1.0.2
7fb8c5ce5000-7fb8c5ce6000 rw-p 00009000 08:02 11018169                   /usr/lib/x86_64-linux-gnu/libXcursor.so.1.0.2
7fb8c5ce6000-7fb8c5cf0000 r-xp 00000000 08:02 11018193                   /usr/lib/x86_64-linux-gnu/libXrandr.so.2.2.0
7fb8c5cf0000-7fb8c5eef000 ---p 0000a000 08:02 11018193                   /usr/lib/x86_64-linux-gnu/libXrandr.so.2.2.0
7fb8c5eef000-7fb8c5ef0000 r--p 00009000 08:02 11018193                   /usr/lib/x86_64-linux-gnu/libXrandr.so.2.2.0
7fb8c5ef0000-7fb8c5ef1000 rw-p 0000a000 08:02 11018193                   /usr/lib/x86_64-linux-gnu/libXrandr.so.2.2.0
7fb8c5ef1000-7fb8c5f00000 r-xp 00000000 08:02 11018183                   /usr/lib/x86_64-linux-gnu/libXi.so.6.1.0
7fb8c5f00000-7fb8c60ff000 ---p 0000f000 08:02 11018183                   /usr/lib/x86_64-linux-gnu/libXi.so.6.1.0
7fb8c60ff000-7fb8c6100000 r--p 0000e000 08:02 11018183                   /usr/lib/x86_64-linux-gnu/libXi.so.6.1.0
7fb8c6100000-7fb8c6101000 rw-p 0000f000 08:02 11018183                   /usr/lib/x86_64-linux-gnu/libXi.so.6.1.0
7fb8c6101000-7fb8c6103000 r-xp 00000000 08:02 11018185                   /usr/lib/x86_64-linux-gnu/libXinerama.so.1.0.0
7fb8c6103000-7fb8c6302000 ---p 00002000 08:02 11018185                   /usr/lib/x86_64-linux-gnu/libXinerama.so.1.0.0
7fb8c6302000-7fb8c6303000 r--p 00001000 08:02 11018185                   /usr/lib/x86_64-linux-gnu/libXinerama.so.1.0.0
7fb8c6303000-7fb8c6304000 rw-p 00002000 08:02 11018185                   /usr/lib/x86_64-linux-gnu/libXinerama.so.1.0.0
7fb8c6304000-7fb8c630d000 r-xp 00000000 08:02 11018195                   /usr/lib/x86_64-linux-gnu/libXrender.so.1.3.0
7fb8c630d000-7fb8c650c000 ---p 00009000 08:02 11018195                   /usr/lib/x86_64-linux-gnu/libXrender.so.1.3.0
7fb8c650c000-7fb8c650d000 r--p 00008000 08:02 11018195                   /usr/lib/x86_64-linux-gnu/libXrender.so.1.3.0
7fb8c650d000-7fb8c650e000 rw-p 00009000 08:02 11018195                   /usr/lib/x86_64-linux-gnu/libXrender.so.1.3.0
7fb8c650e000-7fb8c6513000 r-xp 00000000 08:02 11018177                   /usr/lib/x86_64-linux-gnu/libXfixes.so.3.1.0
7fb8c6513000-7fb8c6712000 ---p 00005000 08:02 11018177                   /usr/lib/x86_64-linux-gnu/libXfixes.so.3.1.0
7fb8c6712000-7fb8c6713000 r--p 00004000 08:02 11018177                   /usr/lib/x86_64-linux-gnu/libXfixes.so.3.1.0
7fb8c6713000-7fb8c6714000 rw-p 00005000 08:02 11018177                   /usr/lib/x86_64-linux-gnu/libXfixes.so.3.1.0
7fb8c6714000-7fb8c672a000 r-xp 00000000 08:02 5247432                    /lib/x86_64-linux-gnu/libgcc_s.so.1
7fb8c672a000-7fb8c6929000 ---p 00016000 08:02 5247432                    /lib/x86_64-linux-gnu/libgcc_s.so.1
7fb8c6929000-7fb8c692a000 rw-p 00015000 08:02 5247432                    /lib/x86_64-linux-gnu/libgcc_s.so.1
7fb8c692a000-7fb8c6a9c000 r-xp 00000000 08:02 11012226                   /usr/lib/x86_64-linux-gnu/libstdc++.so.6.0.21
7fb8c6a9c000-7fb8c6c9c000 ---p 00172000 08:02 11012226                   /usr/lib/x86_64-linux-gnu/libstdc++.so.6.0.21
7fb8c6c9c000-7fb8c6ca6000 r--p 00172000 08:02 11012226                   /usr/lib/x86_64-linux-gnu/libstdc++.so.6.0.21
7fb8c6ca6000-7fb8c6ca8000 rw-p 0017c000 08:02 11012226                   /usr/lib/x86_64-linux-gnu/libstdc++.so.6.0.21
7fb8c6ca8000-7fb8c6cac000 rw-p 00000000 00:00 0 
7fb8c6cac000-7fb8c6cf0000 r-xp 00000000 08:02 11025168                   /usr/lib/nvidia-375/libGL.so.1.0.0
7fb8c6cf0000-7fb8c6d22000 r-xp 00044000 08:02 11025168                   /usr/lib/nvidia-375/libGL.so.1.0.0
7fb8c6d22000-7fb8c6d35000 r-xp 00076000 08:02 11025168                   /usr/lib/nvidia-375/libGL.so.1.0.0
7fb8c6d35000-7fb8c6f35000 ---p 00089000 08:02 11025168                   /usr/lib/nvidia-375/libGL.so.1.0.0
7fb8c6f35000-7fb8c6f4f000 rw-p 00089000 08:02 11025168                   /usr/lib/nvidia-375/libGL.so.1.0.0
7fb8c6f4f000-7fb8c6f50000 rw-p 00000000 00:00 0 
7fb8c6f50000-7fb8c6f55000 r-xp 00000000 08:02 11018211                   /usr/lib/x86_64-linux-gnu/libXxf86vm.so.1.0.0
7fb8c6f55000-7fb8c7154000 ---p 00005000 08:02 11018211                   /usr/lib/x86_64-linux-gnu/libXxf86vm.so.1.0.0
7fb8c7154000-7fb8c7155000 r--p 00004000 08:02 11018211                   /usr/lib/x86_64-linux-gnu/libXxf86vm.so.1.0.0
7fb8c7155000-7fb8c7156000 rw-p 00005000 08:02 11018211                   /usr/lib/x86_64-linux-gnu/libXxf86vm.so.1.0.0
7fb8c7156000-7fb8c728b000 r-xp 00000000 08:02 11018158                   /usr/lib/x86_64-linux-gnu/libX11.so.6.3.0
7fb8c728b000-7fb8c748b000 ---p 00135000 08:02 11018158                   /usr/lib/x86_64-linux-gnu/libX11.so.6.3.0
7fb8c748b000-7fb8c748c000 r--p 00135000 08:02 11018158                   /usr/lib/x86_64-linux-gnu/libX11.so.6.3.0
7fb8c748c000-7fb8c7490000 rw-p 00136000 08:02 11018158                   /usr/lib/x86_64-linux-gnu/libX11.so.6.3.0
7fb8c7490000-7fb8c7495000 r-xp 00000000 08:02 11018201                   /usr/lib/x86_64-linux-gnu/libXtst.so.6.1.0
7fb8c7495000-7fb8c7694000 ---p 00005000 08:02 11018201                   /usr/lib/x86_64-linux-gnu/libXtst.so.6.1.0
7fb8c7694000-7fb8c7695000 r--p 00004000 08:02 11018201                   /usr/lib/x86_64-linux-gnu/libXtst.so.6.1.0
7fb8c7695000-7fb8c7696000 rw-p 00005000 08:02 11018201                   /usr/lib/x86_64-linux-gnu/libXtst.so.6.1.0
7fb8c7696000-7fb8c77a5000 r-xp 00000000 08:02 5247358                    /lib/x86_64-linux-gnu/libglib-2.0.so.0.4800.2
7fb8c77a5000-7fb8c79a4000 ---p 0010f000 08:02 5247358                    /lib/x86_64-linux-gnu/libglib-2.0.so.0.4800.2
7fb8c79a4000-7fb8c79a5000 r--p 0010e000 08:02 5247358                    /lib/x86_64-linux-gnu/libglib-2.0.so.0.4800.2
7fb8c79a5000-7fb8c79a6000 rw-p 0010f000 08:02 5247358                    /lib/x86_64-linux-gnu/libglib-2.0.so.0.4800.2
7fb8c79a6000-7fb8c79a7000 rw-p 00000000 00:00 0 
7fb8c79a7000-7fb8c79a8000 r-xp 00000000 08:02 11010466                   /usr/lib/x86_64-linux-gnu/libgthread-2.0.so.0.4800.2
7fb8c79a8000-7fb8c7ba7000 ---p 00001000 08:02 11010466                   /usr/lib/x86_64-linux-gnu/libgthread-2.0.so.0.4800.2
7fb8c7ba7000-7fb8c7ba8000 r--p 00000000 08:02 11010466                   /usr/lib/x86_64-linux-gnu/libgthread-2.0.so.0.4800.2
7fb8c7ba8000-7fb8c7ba9000 rw-p 00001000 08:02 11010466                   /usr/lib/x86_64-linux-gnu/libgthread-2.0.so.0.4800.2
7fb8c7ba9000-7fb8c7bac000 r-xp 00000000 08:02 11010442                   /usr/lib/x86_64-linux-gnu/libgmodule-2.0.so.0.4800.2
7fb8c7bac000-7fb8c7dab000 ---p 00003000 08:02 11010442                   /usr/lib/x86_64-linux-gnu/libgmodule-2.0.so.0.4800.2
7fb8c7dab000-7fb8c7dac000 r--p 00002000 08:02 11010442                   /usr/lib/x86_64-linux-gnu/libgmodule-2.0.so.0.4800.2
7fb8c7dac000-7fb8c7dad000 rw-p 00003000 08:02 11010442                   /usr/lib/x86_64-linux-gnu/libgmodule-2.0.so.0.4800.2
7fb8c7dad000-7fb8c7dff000 r-xp 00000000 08:02 11010487                   /usr/lib/x86_64-linux-gnu/libgobject-2.0.so.0.4800.2
7fb8c7dff000-7fb8c7ffe000 ---p 00052000 08:02 11010487                   /usr/lib/x86_64-linux-gnu/libgobject-2.0.so.0.4800.2
7fb8c7ffe000-7fb8c7fff000 r--p 00051000 08:02 11010487                   /usr/lib/x86_64-linux-gnu/libgobject-2.0.so.0.4800.2
7fb8c7fff000-7fb8c8000000 rw-p 00052000 08:02 11010487                   /usr/lib/x86_64-linux-gnu/libgobject-2.0.so.0.4800.2
7fb8c8000000-7fb8c8021000 rw-p 00000000 00:00 0 
7fb8c8021000-7fb8cc000000 ---p 00000000 00:00 0 
7fb8cc000000-7fb8cc00b000 r--s 00000000 08:02 7865341                    /var/cache/fontconfig/83bf95040141907cd45bb53cf7c1c148-le64.cache-6
7fb8cc00b000-7fb8cc00f000 r--s 00000000 08:02 7865400                    /var/cache/fontconfig/7ef2298fde41cc6eeb7af42e48b7d293-le64.cache-6
7fb8cc00f000-7fb8cc015000 r--p 00000000 08:02 1585258                    /home/alexandre/.config/dconf/user
7fb8cc015000-7fb8cc035000 rw-s a0100000 00:06 460                        /dev/nvidia0
7fb8cc035000-7fb8cc055000 rw-s 1233b9000 00:06 459                       /dev/nvidiactl
7fb8cc055000-7fb8cc092000 r-xp 00000000 08:02 11014469                   /usr/lib/x86_64-linux-gnu/libfontconfig.so.1.9.0
7fb8cc092000-7fb8cc291000 ---p 0003d000 08:02 11014469                   /usr/lib/x86_64-linux-gnu/libfontconfig.so.1.9.0
7fb8cc291000-7fb8cc293000 r--p 0003c000 08:02 11014469                   /usr/lib/x86_64-linux-gnu/libfontconfig.so.1.9.0
7fb8cc293000-7fb8cc298000 rw-p 0003e000 08:02 11014469                   /usr/lib/x86_64-linux-gnu/libfontconfig.so.1.9.0
7fb8cc298000-7fb8cc33c000 r-xp 00000000 08:02 11014475                   /usr/lib/x86_64-linux-gnu/libfreetype.so.6.12.1
7fb8cc33c000-7fb8cc53b000 ---p 000a4000 08:02 11014475                   /usr/lib/x86_64-linux-gnu/libfreetype.so.6.12.1
7fb8cc53b000-7fb8cc541000 r--p 000a3000 08:02 11014475                   /usr/lib/x86_64-linux-gnu/libfreetype.so.6.12.1
7fb8cc541000-7fb8cc542000 rw-p 000a9000 08:02 11014475                   /usr/lib/x86_64-linux-gnu/libfreetype.so.6.12.1
7fb8cc542000-7fb8cc58b000 r-xp 00000000 08:02 11019093                   /usr/lib/x86_64-linux-gnu/libpango-1.0.so.0.3800.1
7fb8cc58b000-7fb8cc78b000 ---p 00049000 08:02 11019093                   /usr/lib/x86_64-linux-gnu/libpango-1.0.so.0.3800.1
7fb8cc78b000-7fb8cc78d000 r--p 00049000 08:02 11019093                   /usr/lib/x86_64-linux-gnu/libpango-1.0.so.0.3800.1
7fb8cc78d000-7fb8cc78e000 rw-p 0004b000 08:02 11019093                   /usr/lib/x86_64-linux-gnu/libpango-1.0.so.0.3800.1
7fb8cc78e000-7fb8cc89c000 r-xp 00000000 08:02 11018322                   /usr/lib/x86_64-linux-gnu/libcairo.so.2.11400.6
7fb8cc89c000-7fb8cca9c000 ---p 0010e000 08:02 11018322                   /usr/lib/x86_64-linux-gnu/libcairo.so.2.11400.6
7fb8cca9c000-7fb8cca9f000 r--p 0010e000 08:02 11018322                   /usr/lib/x86_64-linux-gnu/libcairo.so.2.11400.6
7fb8cca9f000-7fb8ccaa0000 rw-p 00111000 08:02 11018322                   /usr/lib/x86_64-linux-gnu/libcairo.so.2.11400.6
7fb8ccaa0000-7fb8ccaa2000 rw-p 00000000 00:00 0 
7fb8ccaa2000-7fb8ccaae000 r-xp 00000000 08:02 11019095                   /usr/lib/x86_64-linux-gnu/libpangocairo-1.0.so.0.3800.1
7fb8ccaae000-7fb8cccad000 ---p 0000c000 08:02 11019095                   /usr/lib/x86_64-linux-gnu/libpangocairo-1.0.so.0.3800.1
7fb8cccad000-7fb8cccae000 r--p 0000b000 08:02 11019095                   /usr/lib/x86_64-linux-gnu/libpangocairo-1.0.so.0.3800.1
7fb8cccae000-7fb8cccaf000 rw-p 0000c000 08:02 11019095                   /usr/lib/x86_64-linux-gnu/libpangocairo-1.0.so.0.3800.1
7fb8cccaf000-7fb8cccd0000 r-xp 00000000 08:02 11014479                   /usr/lib/x86_64-linux-gnu/libgdk_pixbuf-2.0.so.0.3200.2
7fb8cccd0000-7fb8ccecf000 ---p 00021000 08:02 11014479                   /usr/lib/x86_64-linux-gnu/libgdk_pixbuf-2.0.so.0.3200.2
7fb8ccecf000-7fb8cced0000 r--p 00020000 08:02 11014479                   /usr/lib/x86_64-linux-gnu/libgdk_pixbuf-2.0.so.0.3200.2
7fb8cced0000-7fb8cced1000 rw-p 00021000 08:02 11014479                   /usr/lib/x86_64-linux-gnu/libgdk_pixbuf-2.0.so.0.3200.2
7fb8cced1000-7fb8ccee5000 r-xp 00000000 08:02 11019097                   /usr/lib/x86_64-linux-gnu/libpangoft2-1.0.so.0.3800.1
7fb8ccee5000-7fb8cd0e5000 ---p 00014000 08:02 11019097                   /usr/lib/x86_64-linux-gnu/libpangoft2-1.0.so.0.3800.1
7fb8cd0e5000-7fb8cd0e6000 r--p 00014000 08:02 11019097                   /usr/lib/x86_64-linux-gnu/libpangoft2-1.0.so.0.3800.1
7fb8cd0e6000-7fb8cd0e7000 rw-p 00015000 08:02 11019097                   /usr/lib/x86_64-linux-gnu/libpangoft2-1.0.so.0.3800.1
7fb8cd0e7000-7fb8cd267000 r-xp 00000000 08:02 11010490                   /usr/lib/x86_64-linux-gnu/libgio-2.0.so.0.4800.2
7fb8cd267000-7fb8cd467000 ---p 00180000 08:02 11010490                   /usr/lib/x86_64-linux-gnu/libgio-2.0.so.0.4800.2
7fb8cd467000-7fb8cd46b000 r--p 00180000 08:02 11010490                   /usr/lib/x86_64-linux-gnu/libgio-2.0.so.0.4800.2
7fb8cd46b000-7fb8cd46d000 rw-p 00184000 08:02 11010490                   /usr/lib/x86_64-linux-gnu/libgio-2.0.so.0.4800.2
7fb8cd46d000-7fb8cd46f000 rw-p 00000000 00:00 0 
7fb8cd46f000-7fb8cd491000 r-xp 00000000 08:02 11018266                   /usr/lib/x86_64-linux-gnu/libatk-1.0.so.0.21809.1
7fb8cd491000-7fb8cd690000 ---p 00022000 08:02 11018266                   /usr/lib/x86_64-linux-gnu/libatk-1.0.so.0.21809.1
7fb8cd690000-7fb8cd693000 r--p 00021000 08:02 11018266                   /usr/lib/x86_64-linux-gnu/libatk-1.0.so.0.21809.1
7fb8cd693000-7fb8cd694000 rw-p 00024000 08:02 11018266                   /usr/lib/x86_64-linux-gnu/libatk-1.0.so.0.21809.1
7fb8cd694000-7fb8cd744000 r-xp 00000000 08:02 11018631                   /usr/lib/x86_64-linux-gnu/libgdk-x11-2.0.so.0.2400.30
7fb8cd744000-7fb8cd943000 ---p 000b0000 08:02 11018631                   /usr/lib/x86_64-linux-gnu/libgdk-x11-2.0.so.0.2400.30
7fb8cd943000-7fb8cd947000 r--p 000af000 08:02 11018631                   /usr/lib/x86_64-linux-gnu/libgdk-x11-2.0.so.0.2400.30
7fb8cd947000-7fb8cd949000 rw-p 000b3000 08:02 11018631                   /usr/lib/x86_64-linux-gnu/libgdk-x11-2.0.so.0.2400.30
7fb8cd949000-7fb8cdd87000 r-xp 00000000 08:02 11018776                   /usr/lib/x86_64-linux-gnu/libgtk-x11-2.0.so.0.2400.30
7fb8cdd87000-7fb8cdf86000 ---p 0043e000 08:02 11018776                   /usr/lib/x86_64-linux-gnu/libgtk-x11-2.0.so.0.2400.30
7fb8cdf86000-7fb8cdf8d000 r--p 0043d000 08:02 11018776                   /usr/lib/x86_64-linux-gnu/libgtk-x11-2.0.so.0.2400.30
7fb8cdf8d000-7fb8cdf91000 rw-p 00444000 08:02 11018776                   /usr/lib/x86_64-linux-gnu/libgtk-x11-2.0.so.0.2400.30
7fb8cdf91000-7fb8cdf94000 rw-p 00000000 00:00 0 
7fb8cdf94000-7fb8cdfa0000 r-xp 00000000 08:02 2492888                    /home/alexandre/jdks/jdk1.8.0_131/jre/lib/amd64/libprism_es2.so
7fb8cdfa0000-7fb8ce19f000 ---p 0000c000 08:02 2492888                    /home/alexandre/jdks/jdk1.8.0_131/jre/lib/amd64/libprism_es2.so
7fb8ce19f000-7fb8ce1a0000 rw-p 0000b000 08:02 2492888                    /home/alexandre/jdks/jdk1.8.0_131/jre/lib/amd64/libprism_es2.so
7fb8ce1a0000-7fb8d0000000 rw-p 00000000 00:00 0 
7fb8d0000000-7fb8d0021000 rw-p 00000000 00:00 0 
7fb8d0021000-7fb8d4000000 ---p 00000000 00:00 0 
7fb8d4000000-7fb8d4002000 r--s 0000c000 08:02 2621730                    /home/alexandre/git/titanium/titanium/lib/json-20160810.jar
7fb8d4002000-7fb8d4004000 rw-s 00000000 08:02 4194443                    /tmp/.glT52uEZ (deleted)
7fb8d4004000-7fb8d4017000 rw-s 11d096000 00:06 459                       /dev/nvidiactl
7fb8d4017000-7fb8d411b000 rw-s 155be1000 00:06 459                       /dev/nvidiactl
7fb8d411b000-7fb8d411e000 ---p 00000000 00:00 0 
7fb8d411e000-7fb8d421c000 rw-p 00000000 00:00 0 
7fb8d421c000-7fb8d421d000 ---p 00000000 00:00 0 
7fb8d421d000-7fb8d431d000 rw-p 00000000 00:00 0 
7fb8d431d000-7fb8d4320000 ---p 00000000 00:00 0 
7fb8d4320000-7fb8d441e000 rw-p 00000000 00:00 0 
7fb8d441e000-7fb8d4421000 ---p 00000000 00:00 0 
7fb8d4421000-7fb8d451f000 rw-p 00000000 00:00 0 
7fb8d451f000-7fb8d4522000 ---p 00000000 00:00 0 
7fb8d4522000-7fb8d4620000 rw-p 00000000 00:00 0 
7fb8d4620000-7fb8d4623000 ---p 00000000 00:00 0 
7fb8d4623000-7fb8d4721000 rw-p 00000000 00:00 0 
7fb8d4721000-7fb8d4724000 ---p 00000000 00:00 0 
7fb8d4724000-7fb8d4822000 rw-p 00000000 00:00 0 
7fb8d4822000-7fb8d4afb000 r--p 00000000 08:02 11011689                   /usr/lib/locale/locale-archive
7fb8d4afb000-7fb8d4afe000 ---p 00000000 00:00 0 
7fb8d4afe000-7fb8d4bfc000 rw-p 00000000 00:00 0 
7fb8d4bfc000-7fb8d4bff000 ---p 00000000 00:00 0 
7fb8d4bff000-7fb8d4cfd000 rw-p 00000000 00:00 0 
7fb8d4cfd000-7fb8d4cfe000 ---p 00000000 00:00 0 
7fb8d4cfe000-7fb8d5000000 rw-p 00000000 00:00 0 
7fb8d5000000-7fb8d57b0000 rwxp 00000000 00:00 0 
7fb8d57b0000-7fb8e4000000 ---p 00000000 00:00 0 
7fb8e4000000-7fb8e440e000 rw-p 00000000 00:00 0 
7fb8e440e000-7fb8e8000000 ---p 00000000 00:00 0 
7fb8e8000000-7fb8e8001000 r--s 00000000 08:02 7865465                    /var/cache/fontconfig/0c9eb80ebd1c36541ebe2852d3bb0c49-le64.cache-6
7fb8e8001000-7fb8e8002000 r--s 00000000 00:29 40                         /run/user/1000/dconf/user
7fb8e8002000-7fb8e8042000 rw-s 147c6d000 00:06 459                       /dev/nvidiactl
7fb8e8062000-7fb8e80f8000 r--s 0110d000 08:02 2492732                    /home/alexandre/jdks/jdk1.8.0_131/jre/lib/ext/jfxrt.jar
7fb8e80f8000-7fb8e8eaa000 rw-p 00000000 00:00 0 
7fb8e8eaa000-7fb8e9083000 r--s 03d40000 08:02 2492675                    /home/alexandre/jdks/jdk1.8.0_131/jre/lib/rt.jar
7fb8e9083000-7fb8e9adf000 rw-p 00000000 00:00 0 
7fb8e9adf000-7fb8e9ae0000 ---p 00000000 00:00 0 
7fb8e9ae0000-7fb8e9be0000 rw-p 00000000 00:00 0 
7fb8e9be0000-7fb8e9be1000 ---p 00000000 00:00 0 
7fb8e9be1000-7fb8e9ce1000 rw-p 00000000 00:00 0 
7fb8e9ce1000-7fb8e9ce2000 ---p 00000000 00:00 0 
7fb8e9ce2000-7fb8e9de2000 rw-p 00000000 00:00 0 
7fb8e9de2000-7fb8e9de3000 ---p 00000000 00:00 0 
7fb8e9de3000-7fb8e9ef7000 rw-p 00000000 00:00 0 
7fb8e9ef7000-7fb8ea027000 ---p 00000000 00:00 0 
7fb8ea027000-7fb8ea03b000 rw-p 00000000 00:00 0 
7fb8ea03b000-7fb8ea16b000 ---p 00000000 00:00 0 
7fb8ea16b000-7fb8ea176000 rw-p 00000000 00:00 0 
7fb8ea176000-7fb8ea20d000 ---p 00000000 00:00 0 
7fb8ea20d000-7fb8ea22d000 rw-p 00000000 00:00 0 
7fb8ea22d000-7fb8ea5ce000 ---p 00000000 00:00 0 
7fb8ea5ce000-7fb8ea5e8000 r-xp 00000000 08:02 2492880                    /home/alexandre/jdks/jdk1.8.0_131/jre/lib/amd64/libzip.so
7fb8ea5e8000-7fb8ea7e8000 ---p 0001a000 08:02 2492880                    /home/alexandre/jdks/jdk1.8.0_131/jre/lib/amd64/libzip.so
7fb8ea7e8000-7fb8ea7e9000 rw-p 0001a000 08:02 2492880                    /home/alexandre/jdks/jdk1.8.0_131/jre/lib/amd64/libzip.so
7fb8ea7e9000-7fb8ea7f4000 r-xp 00000000 08:02 5247315                    /lib/x86_64-linux-gnu/libnss_files-2.23.so
7fb8ea7f4000-7fb8ea9f3000 ---p 0000b000 08:02 5247315                    /lib/x86_64-linux-gnu/libnss_files-2.23.so
7fb8ea9f3000-7fb8ea9f4000 r--p 0000a000 08:02 5247315                    /lib/x86_64-linux-gnu/libnss_files-2.23.so
7fb8ea9f4000-7fb8ea9f5000 rw-p 0000b000 08:02 5247315                    /lib/x86_64-linux-gnu/libnss_files-2.23.so
7fb8ea9f5000-7fb8ea9fb000 rw-p 00000000 00:00 0 
7fb8ea9fb000-7fb8eaa06000 r-xp 00000000 08:02 5247318                    /lib/x86_64-linux-gnu/libnss_nis-2.23.so
7fb8eaa06000-7fb8eac05000 ---p 0000b000 08:02 5247318                    /lib/x86_64-linux-gnu/libnss_nis-2.23.so
7fb8eac05000-7fb8eac06000 r--p 0000a000 08:02 5247318                    /lib/x86_64-linux-gnu/libnss_nis-2.23.so
7fb8eac06000-7fb8eac07000 rw-p 0000b000 08:02 5247318                    /lib/x86_64-linux-gnu/libnss_nis-2.23.so
7fb8eac07000-7fb8eac1d000 r-xp 00000000 08:02 5247310                    /lib/x86_64-linux-gnu/libnsl-2.23.so
7fb8eac1d000-7fb8eae1c000 ---p 00016000 08:02 5247310                    /lib/x86_64-linux-gnu/libnsl-2.23.so
7fb8eae1c000-7fb8eae1d000 r--p 00015000 08:02 5247310                    /lib/x86_64-linux-gnu/libnsl-2.23.so
7fb8eae1d000-7fb8eae1e000 rw-p 00016000 08:02 5247310                    /lib/x86_64-linux-gnu/libnsl-2.23.so
7fb8eae1e000-7fb8eae20000 rw-p 00000000 00:00 0 
7fb8eae20000-7fb8eae28000 r-xp 00000000 08:02 5247324                    /lib/x86_64-linux-gnu/libnss_compat-2.23.so
7fb8eae28000-7fb8eb027000 ---p 00008000 08:02 5247324                    /lib/x86_64-linux-gnu/libnss_compat-2.23.so
7fb8eb027000-7fb8eb028000 r--p 00007000 08:02 5247324                    /lib/x86_64-linux-gnu/libnss_compat-2.23.so
7fb8eb028000-7fb8eb029000 rw-p 00008000 08:02 5247324                    /lib/x86_64-linux-gnu/libnss_compat-2.23.so
7fb8eb029000-7fb8eb054000 r-xp 00000000 08:02 2492874                    /home/alexandre/jdks/jdk1.8.0_131/jre/lib/amd64/libjava.so
7fb8eb054000-7fb8eb253000 ---p 0002b000 08:02 2492874                    /home/alexandre/jdks/jdk1.8.0_131/jre/lib/amd64/libjava.so
7fb8eb253000-7fb8eb255000 rw-p 0002a000 08:02 2492874                    /home/alexandre/jdks/jdk1.8.0_131/jre/lib/amd64/libjava.so
7fb8eb255000-7fb8eb262000 r-xp 00000000 08:02 2492879                    /home/alexandre/jdks/jdk1.8.0_131/jre/lib/amd64/libverify.so
7fb8eb262000-7fb8eb461000 ---p 0000d000 08:02 2492879                    /home/alexandre/jdks/jdk1.8.0_131/jre/lib/amd64/libverify.so
7fb8eb461000-7fb8eb463000 rw-p 0000c000 08:02 2492879                    /home/alexandre/jdks/jdk1.8.0_131/jre/lib/amd64/libverify.so
7fb8eb463000-7fb8eb46a000 r-xp 00000000 08:02 5247320                    /lib/x86_64-linux-gnu/librt-2.23.so
7fb8eb46a000-7fb8eb669000 ---p 00007000 08:02 5247320                    /lib/x86_64-linux-gnu/librt-2.23.so
7fb8eb669000-7fb8eb66a000 r--p 00006000 08:02 5247320                    /lib/x86_64-linux-gnu/librt-2.23.so
7fb8eb66a000-7fb8eb66b000 rw-p 00007000 08:02 5247320                    /lib/x86_64-linux-gnu/librt-2.23.so
7fb8eb66b000-7fb8eb773000 r-xp 00000000 08:02 5247330                    /lib/x86_64-linux-gnu/libm-2.23.so
7fb8eb773000-7fb8eb972000 ---p 00108000 08:02 5247330                    /lib/x86_64-linux-gnu/libm-2.23.so
7fb8eb972000-7fb8eb973000 r--p 00107000 08:02 5247330                    /lib/x86_64-linux-gnu/libm-2.23.so
7fb8eb973000-7fb8eb974000 rw-p 00108000 08:02 5247330                    /lib/x86_64-linux-gnu/libm-2.23.so
7fb8eb974000-7fb8ec643000 r-xp 00000000 08:02 2492857                    /home/alexandre/jdks/jdk1.8.0_131/jre/lib/amd64/server/libjvm.so
7fb8ec643000-7fb8ec843000 ---p 00ccf000 08:02 2492857                    /home/alexandre/jdks/jdk1.8.0_131/jre/lib/amd64/server/libjvm.so
7fb8ec843000-7fb8ec91c000 rw-p 00ccf000 08:02 2492857                    /home/alexandre/jdks/jdk1.8.0_131/jre/lib/amd64/server/libjvm.so
7fb8ec91c000-7fb8ec967000 rw-p 00000000 00:00 0 
7fb8ec967000-7fb8ecb27000 r-xp 00000000 08:02 5247351                    /lib/x86_64-linux-gnu/libc-2.23.so
7fb8ecb27000-7fb8ecd27000 ---p 001c0000 08:02 5247351                    /lib/x86_64-linux-gnu/libc-2.23.so
7fb8ecd27000-7fb8ecd2b000 r--p 001c0000 08:02 5247351                    /lib/x86_64-linux-gnu/libc-2.23.so
7fb8ecd2b000-7fb8ecd2d000 rw-p 001c4000 08:02 5247351                    /lib/x86_64-linux-gnu/libc-2.23.so
7fb8ecd2d000-7fb8ecd31000 rw-p 00000000 00:00 0 
7fb8ecd31000-7fb8ecd34000 r-xp 00000000 08:02 5247323                    /lib/x86_64-linux-gnu/libdl-2.23.so
7fb8ecd34000-7fb8ecf33000 ---p 00003000 08:02 5247323                    /lib/x86_64-linux-gnu/libdl-2.23.so
7fb8ecf33000-7fb8ecf34000 r--p 00002000 08:02 5247323                    /lib/x86_64-linux-gnu/libdl-2.23.so
7fb8ecf34000-7fb8ecf35000 rw-p 00003000 08:02 5247323                    /lib/x86_64-linux-gnu/libdl-2.23.so
7fb8ecf35000-7fb8ecf4a000 r-xp 00000000 08:02 2492490                    /home/alexandre/jdks/jdk1.8.0_131/lib/amd64/jli/libjli.so
7fb8ecf4a000-7fb8ed14a000 ---p 00015000 08:02 2492490                    /home/alexandre/jdks/jdk1.8.0_131/lib/amd64/jli/libjli.so
7fb8ed14a000-7fb8ed14b000 rw-p 00015000 08:02 2492490                    /home/alexandre/jdks/jdk1.8.0_131/lib/amd64/jli/libjli.so
7fb8ed14b000-7fb8ed163000 r-xp 00000000 08:02 5247317                    /lib/x86_64-linux-gnu/libpthread-2.23.so
7fb8ed163000-7fb8ed362000 ---p 00018000 08:02 5247317                    /lib/x86_64-linux-gnu/libpthread-2.23.so
7fb8ed362000-7fb8ed363000 r--p 00017000 08:02 5247317                    /lib/x86_64-linux-gnu/libpthread-2.23.so
7fb8ed363000-7fb8ed364000 rw-p 00018000 08:02 5247317                    /lib/x86_64-linux-gnu/libpthread-2.23.so
7fb8ed364000-7fb8ed368000 rw-p 00000000 00:00 0 
7fb8ed368000-7fb8ed38e000 r-xp 00000000 08:02 5247312                    /lib/x86_64-linux-gnu/ld-2.23.so
7fb8ed38e000-7fb8ed38f000 rw-s 1177c7000 00:06 459                       /dev/nvidiactl
7fb8ed38f000-7fb8ed393000 rw-s 117d4f000 00:06 459                       /dev/nvidiactl
7fb8ed393000-7fb8ed394000 rw-s afee4000 00:06 460                        /dev/nvidia0
7fb8ed394000-7fb8ed395000 rw-s afee4000 00:06 460                        /dev/nvidia0
7fb8ed395000-7fb8ed467000 rw-p 00000000 00:00 0 
7fb8ed467000-7fb8ed46a000 ---p 00000000 00:00 0 
7fb8ed46a000-7fb8ed56c000 rw-p 00000000 00:00 0 
7fb8ed56c000-7fb8ed56d000 rw-s 117661000 00:06 459                       /dev/nvidiactl
7fb8ed56d000-7fb8ed56e000 rw-s b3060000 00:06 460                        /dev/nvidia0
7fb8ed56e000-7fb8ed581000 rw-p 00000000 00:00 0 
7fb8ed581000-7fb8ed589000 rw-s 00000000 08:02 5116255                    /tmp/hsperfdata_alexandre/8652
7fb8ed589000-7fb8ed58a000 rw-p 00000000 00:00 0 
7fb8ed58a000-7fb8ed58b000 r--p 00000000 00:00 0 
7fb8ed58b000-7fb8ed58d000 rw-p 00000000 00:00 0 
7fb8ed58d000-7fb8ed58e000 r--p 00025000 08:02 5247312                    /lib/x86_64-linux-gnu/ld-2.23.so
7fb8ed58e000-7fb8ed58f000 rw-p 00026000 08:02 5247312                    /lib/x86_64-linux-gnu/ld-2.23.so
7fb8ed58f000-7fb8ed590000 rw-p 00000000 00:00 0 
7ffc83372000-7ffc83394000 rw-p 00000000 00:00 0                          [stack]
7ffc833e2000-7ffc833e4000 r--p 00000000 00:00 0                          [vvar]
7ffc833e4000-7ffc833e6000 r-xp 00000000 00:00 0                          [vdso]
ffffffffff600000-ffffffffff601000 r-xp 00000000 00:00 0                  [vsyscall]

VM Arguments:
jvm_args: -Dfile.encoding=UTF-8 
java_command: screach.titanium.App
java_class_path (initial): /home/alexandre/git/titanium/titanium/target/classes:/home/alexandre/git/titanium/titanium/lib/json-20160810.jar
Launcher Type: SUN_STANDARD

Environment Variables:
JAVA_HOME=/usr/lib/jvm/java-8-oracle
PATH=/usr/local/sbin:/usr/local/bin:/usr/sbin:/usr/bin:/sbin:/bin:/usr/games:/usr/local/games:/snap/bin:/usr/lib/jvm/java-8-oracle/bin:/usr/lib/jvm/java-8-oracle/db/bin:/usr/lib/jvm/java-8-oracle/jre/bin
SHELL=/bin/bash
DISPLAY=:0

Signal Handlers:
SIGSEGV: [libjvm.so+0xac8af0], sa_mask[0]=11111111011111111101111111111110, sa_flags=SA_RESTART|SA_SIGINFO
SIGBUS: [libjvm.so+0xac8af0], sa_mask[0]=11111111011111111101111111111110, sa_flags=SA_RESTART|SA_SIGINFO
SIGFPE: [libjvm.so+0x921dd0], sa_mask[0]=11111111011111111101111111111110, sa_flags=SA_RESTART|SA_SIGINFO
SIGPIPE: SIG_IGN, sa_mask[0]=00000000000010000000000000000000, sa_flags=SA_RESTART
SIGXFSZ: [libjvm.so+0x921dd0], sa_mask[0]=11111111011111111101111111111110, sa_flags=SA_RESTART|SA_SIGINFO
SIGILL: [libjvm.so+0x921dd0], sa_mask[0]=11111111011111111101111111111110, sa_flags=SA_RESTART|SA_SIGINFO
SIGUSR1: SIG_DFL, sa_mask[0]=00000000000000000000000000000000, sa_flags=none
SIGUSR2: [libjvm.so+0x923610], sa_mask[0]=00100000000000000000000000000000, sa_flags=SA_RESTART|SA_SIGINFO
SIGHUP: [libjvm.so+0x924a10], sa_mask[0]=11111111011111111101111111111110, sa_flags=SA_RESTART|SA_SIGINFO
SIGINT: [libjvm.so+0x924a10], sa_mask[0]=11111111011111111101111111111110, sa_flags=SA_RESTART|SA_SIGINFO
SIGTERM: [libjvm.so+0x924a10], sa_mask[0]=11111111011111111101111111111110, sa_flags=SA_RESTART|SA_SIGINFO
SIGQUIT: [libjvm.so+0x924a10], sa_mask[0]=11111111011111111101111111111110, sa_flags=SA_RESTART|SA_SIGINFO


---------------  S Y S T E M  ---------------

OS:DISTRIB_ID=Ubuntu
DISTRIB_RELEASE=16.04
DISTRIB_CODENAME=xenial
DISTRIB_DESCRIPTION="Ubuntu 16.04.2 LTS"

uname:Linux 4.4.0-92-generic #115-Ubuntu SMP Thu Aug 10 09:04:33 UTC 2017 x86_64
libc:glibc 2.23 NPTL 2.23 
rlimit: STACK 8192k, CORE 0k, NPROC 15073, NOFILE 65536, AS infinity
load average:0,40 0,23 0,20

/proc/meminfo:
MemTotal:        3974652 kB
MemFree:          158176 kB
MemAvailable:     220148 kB
Buffers:           12672 kB
Cached:           292568 kB
SwapCached:        27532 kB
Active:          2591892 kB
Inactive:         924124 kB
Active(anon):    2445628 kB
Inactive(anon):   822396 kB
Active(file):     146264 kB
Inactive(file):   101728 kB
Unevictable:         104 kB
Mlocked:             104 kB
SwapTotal:       4121596 kB
SwapFree:        1745112 kB
Dirty:              4488 kB
Writeback:             0 kB
AnonPages:       3177436 kB
Mapped:           306636 kB
Shmem:             57244 kB
Slab:              86908 kB
SReclaimable:      41880 kB
SUnreclaim:        45028 kB
KernelStack:       14768 kB
PageTables:        55096 kB
NFS_Unstable:          0 kB
Bounce:                0 kB
WritebackTmp:          0 kB
CommitLimit:     6108920 kB
Committed_AS:   10705996 kB
VmallocTotal:   34359738367 kB
VmallocUsed:           0 kB
VmallocChunk:          0 kB
HardwareCorrupted:     0 kB
AnonHugePages:   1316864 kB
CmaTotal:              0 kB
CmaFree:               0 kB
HugePages_Total:       0
HugePages_Free:        0
HugePages_Rsvd:        0
HugePages_Surp:        0
Hugepagesize:       2048 kB
DirectMap4k:      383616 kB
DirectMap2M:     2691072 kB
DirectMap1G:     2097152 kB


CPU:total 4 (initial active 4) (2 cores per cpu, 2 threads per core) family 6 model 69 stepping 1, cmov, cx8, fxsr, mmx, sse, sse2, sse3, ssse3, sse4.1, sse4.2, popcnt, avx, avx2, aes, clmul, erms, lzcnt, ht, tsc, tscinvbit, bmi1, bmi2

/proc/cpuinfo:
processor	: 0
vendor_id	: GenuineIntel
cpu family	: 6
model		: 69
model name	: Intel(R) Core(TM) i3-4030U CPU @ 1.90GHz
stepping	: 1
microcode	: 0x1d
cpu MHz		: 1599.933
cache size	: 3072 KB
physical id	: 0
siblings	: 4
core id		: 0
cpu cores	: 2
apicid		: 0
initial apicid	: 0
fpu		: yes
fpu_exception	: yes
cpuid level	: 13
wp		: yes
flags		: fpu vme de pse tsc msr pae mce cx8 apic sep mtrr pge mca cmov pat pse36 clflush dts acpi mmx fxsr sse sse2 ss ht tm pbe syscall nx pdpe1gb rdtscp lm constant_tsc arch_perfmon pebs bts rep_good nopl xtopology nonstop_tsc aperfmperf eagerfpu pni pclmulqdq dtes64 monitor ds_cpl vmx est tm2 ssse3 sdbg fma cx16 xtpr pdcm pcid sse4_1 sse4_2 x2apic movbe popcnt tsc_deadline_timer aes xsave avx f16c rdrand lahf_lm abm epb tpr_shadow vnmi flexpriority ept vpid fsgsbase tsc_adjust bmi1 avx2 smep bmi2 erms invpcid xsaveopt dtherm ida arat pln pts
bugs		:
bogomips	: 3791.17
clflush size	: 64
cache_alignment	: 64
address sizes	: 39 bits physical, 48 bits virtual
power management:

processor	: 1
vendor_id	: GenuineIntel
cpu family	: 6
model		: 69
model name	: Intel(R) Core(TM) i3-4030U CPU @ 1.90GHz
stepping	: 1
microcode	: 0x1d
cpu MHz		: 1300.980
cache size	: 3072 KB
physical id	: 0
siblings	: 4
core id		: 0
cpu cores	: 2
apicid		: 1
initial apicid	: 1
fpu		: yes
fpu_exception	: yes
cpuid level	: 13
wp		: yes
flags		: fpu vme de pse tsc msr pae mce cx8 apic sep mtrr pge mca cmov pat pse36 clflush dts acpi mmx fxsr sse sse2 ss ht tm pbe syscall nx pdpe1gb rdtscp lm constant_tsc arch_perfmon pebs bts rep_good nopl xtopology nonstop_tsc aperfmperf eagerfpu pni pclmulqdq dtes64 monitor ds_cpl vmx est tm2 ssse3 sdbg fma cx16 xtpr pdcm pcid sse4_1 sse4_2 x2apic movbe popcnt tsc_deadline_timer aes xsave avx f16c rdrand lahf_lm abm epb tpr_shadow vnmi flexpriority ept vpid fsgsbase tsc_adjust bmi1 avx2 smep bmi2 erms invpcid xsaveopt dtherm ida arat pln pts
bugs		:
bogomips	: 3791.17
clflush size	: 64
cache_alignment	: 64
address sizes	: 39 bits physical, 48 bits virtual
power management:

processor	: 2
vendor_id	: GenuineIntel
cpu family	: 6
model		: 69
model name	: Intel(R) Core(TM) i3-4030U CPU @ 1.90GHz
stepping	: 1
microcode	: 0x1d
cpu MHz		: 1626.800
cache size	: 3072 KB
physical id	: 0
siblings	: 4
core id		: 1
cpu cores	: 2
apicid		: 2
initial apicid	: 2
fpu		: yes
fpu_exception	: yes
cpuid level	: 13
wp		: yes
flags		: fpu vme de pse tsc msr pae mce cx8 apic sep mtrr pge mca cmov pat pse36 clflush dts acpi mmx fxsr sse sse2 ss ht tm pbe syscall nx pdpe1gb rdtscp lm constant_tsc arch_perfmon pebs bts rep_good nopl xtopology nonstop_tsc aperfmperf eagerfpu pni pclmulqdq dtes64 monitor ds_cpl vmx est tm2 ssse3 sdbg fma cx16 xtpr pdcm pcid sse4_1 sse4_2 x2apic movbe popcnt tsc_deadline_timer aes xsave avx f16c rdrand lahf_lm abm epb tpr_shadow vnmi flexpriority ept vpid fsgsbase tsc_adjust bmi1 avx2 smep bmi2 erms invpcid xsaveopt dtherm ida arat pln pts
bugs		:
bogomips	: 3791.17
clflush size	: 64
cache_alignment	: 64
address sizes	: 39 bits physical, 48 bits virtual
power management:

processor	: 3
vendor_id	: GenuineIntel
cpu family	: 6
model		: 69
model name	: Intel(R) Core(TM) i3-4030U CPU @ 1.90GHz
stepping	: 1
microcode	: 0x1d
cpu MHz		: 1236.335
cache size	: 3072 KB
physical id	: 0
siblings	: 4
core id		: 1
cpu cores	: 2
apicid		: 3
initial apicid	: 3
fpu		: yes
fpu_exception	: yes
cpuid level	: 13
wp		: yes
flags		: fpu vme de pse tsc msr pae mce cx8 apic sep mtrr pge mca cmov pat pse36 clflush dts acpi mmx fxsr sse sse2 ss ht tm pbe syscall nx pdpe1gb rdtscp lm constant_tsc arch_perfmon pebs bts rep_good nopl xtopology nonstop_tsc aperfmperf eagerfpu pni pclmulqdq dtes64 monitor ds_cpl vmx est tm2 ssse3 sdbg fma cx16 xtpr pdcm pcid sse4_1 sse4_2 x2apic movbe popcnt tsc_deadline_timer aes xsave avx f16c rdrand lahf_lm abm epb tpr_shadow vnmi flexpriority ept vpid fsgsbase tsc_adjust bmi1 avx2 smep bmi2 erms invpcid xsaveopt dtherm ida arat pln pts
bugs		:
bogomips	: 3791.17
clflush size	: 64
cache_alignment	: 64
address sizes	: 39 bits physical, 48 bits virtual
power management:



Memory: 4k page, physical 3974652k(158176k free), swap 4121596k(1745112k free)

vm_info: Java HotSpot(TM) 64-Bit Server VM (25.131-b11) for linux-amd64 JRE (1.8.0_131-b11), built on Mar 15 2017 01:23:40 by "java_re" with gcc 4.3.0 20080428 (Red Hat 4.3.0-8)

time: Sat Aug 26 00:50:48 2017
elapsed time: 12 seconds (0d 0h 0m 12s)

