#
# A fatal error has been detected by the Java Runtime Environment:
#
#  SIGSEGV (0xb) at pc=0x00007f56f426c848, pid=8584, tid=0x00007f5694461700
#
# JRE version: Java(TM) SE Runtime Environment (8.0_131-b11) (build 1.8.0_131-b11)
# Java VM: Java HotSpot(TM) 64-Bit Server VM (25.131-b11 mixed mode linux-amd64 compressed oops)
# Problematic frame:
# V  [libjvm.so+0x6d3848]  jni_invoke_nonstatic(JNIEnv_*, JavaValue*, _jobject*, JNICallType, _jmethodID*, JNI_ArgumentPusher*, Thread*)+0x38
#
# Failed to write core dump. Core dumps have been disabled. To enable core dumping, try "ulimit -c unlimited" before starting Java again
#
# If you would like to submit a bug report, please visit:
#   http://bugreport.java.com/bugreport/crash.jsp
#

---------------  T H R E A D  ---------------

Current thread (0x00007f56ec28d800):  JavaThread "JavaFX Application Thread" [_thread_in_vm, id=8609, stack(0x00007f5694361000,0x00007f5694462000)]

siginfo: si_signo: 11 (SIGSEGV), si_code: 128 (SI_KERNEL), si_addr: 0x0000000000000000

Registers:
RAX=0x00007f569445d8b0, RBX=0x00007f569445d7c0, RCX=0x0000000000000001, RDX=0x2e382e316b646a2f
RSP=0x00007f569445d610, RBP=0x00007f569445d790, RSI=0x00007f569445d820, RDI=0x00007f56ec28d9f8
R8 =0x00007f56ec1cdf88, R9 =0x00007f569445d7c0, R10=0x00007f5680002590, R11=0x00007f56dd781bc0
R12=0x00007f56ec28d800, R13=0x00007f56ec1cdf88, R14=0x0000000000000001, R15=0x00007f56ec28d9f8
RIP=0x00007f56f426c848, EFLAGS=0x0000000000010202, CSGSFS=0x0000000000000033, ERR=0x0000000000000000
  TRAPNO=0x000000000000000d

Top of Stack: (sp=0x00007f569445d610)
0x00007f569445d610:   00007f569445dce0 00007f569445d930
0x00007f569445d620:   00007f569445d670 00007f569445d6f0
0x00007f569445d630:   00007f569445d7c0 00007f569445d820
0x00007f569445d640:   00007f56ec28d9f8 00007f56f428c350
0x00007f569445d650:   00007f56b8011e50 00007f56b8011ed0
0x00007f569445d660:   00007f56b8012238 00000000000003d8
0x00007f569445d670:   0000000000000000 00000000c3689fe8
0x00007f569445d680:   00007f560000006f 00007f560000000a
0x00007f569445d690:   00000000ebc877b8 0000000000000000
0x00007f569445d6a0:   0000000000000000 0000000000000000
0x00007f569445d6b0:   00007f56f1804830 0000000100000100
0x00007f569445d6c0:   0000000000000000 00007f569445d678
0x00007f569445d6d0:   00007f569445d6b9 0000000800000005
0x00007f569445d6e0:   0000000000000000 00007f56ec28dd90
0x00007f569445d6f0:   00007f56f4afa790 00007f56f560f720
0x00007f569445d700:   00000000ec28dc20 00007f56ec28d800
0x00007f569445d710:   0000000000000000 00007f56f426cc1b
0x00007f569445d720:   00007f56f180e8e0 00007f56ec28d800
0x00007f569445d730:   00007f56f180e8e0 00007f56ec28d800
0x00007f569445d740:   00007f569445d8d0 00007f56f180e8e0
0x00007f569445d750:   00007f56f180e8e0 00007f56f180e8e0
0x00007f569445d760:   00007f56b8011e50 00007f569445d7c0
0x00007f569445d770:   00007f56ec28d800 00007f569445d800
0x00007f569445d780:   00007f56ec1cdf88 00007f56ec28d9f8
0x00007f569445d790:   00007f569445d880 00007f56f4270fef
0x00007f569445d7a0:   00007f56ec28d800 00007f56cd933054
0x00007f569445d7b0:   00007f569445d898 2e382e316b646a2f
0x00007f569445d7c0:   00007f56f4afb3f0 00007f56f560f720
0x00007f569445d7d0:   000000009445d840 09c24cb000000063
0x00007f569445d7e0:   0000000000000000 0000003000000018
0x00007f569445d7f0:   00007f569445d970 00007f569445d8b0
0x00007f569445d800:   00007f56ec28d800 0000000000000000 

Instructions: (pc=0x00007f56f426c848)
0x00007f56f426c828:   00 00 48 85 d2 48 89 bd b0 fe ff ff 48 89 b5 a8
0x00007f56f426c838:   fe ff ff 4c 89 8d a0 fe ff ff 0f 84 78 09 00 00
0x00007f56f426c848:   4c 8b 22 4d 85 e4 0f 84 6c 09 00 00 48 8b 45 10
0x00007f56f426c858:   48 8b 98 38 01 00 00 48 83 7b 18 f7 0f 87 16 07 

Register to memory mapping:

RAX=0x00007f569445d8b0 is pointing into the stack for thread: 0x00007f56ec28d800
RBX=0x00007f569445d7c0 is pointing into the stack for thread: 0x00007f56ec28d800
RCX=0x0000000000000001 is an unknown value
RDX=0x2e382e316b646a2f is an unknown value
RSP=0x00007f569445d610 is pointing into the stack for thread: 0x00007f56ec28d800
RBP=0x00007f569445d790 is pointing into the stack for thread: 0x00007f56ec28d800
RSI=0x00007f569445d820 is pointing into the stack for thread: 0x00007f56ec28d800
RDI=0x00007f56ec28d9f8 is an unknown value
R8 =0x00007f56ec1cdf88 is an unknown value
R9 =0x00007f569445d7c0 is pointing into the stack for thread: 0x00007f56ec28d800
R10=0x00007f5680002590 is an unknown value
R11=0x00007f56dd781bc0 is at entry_point+32 in (nmethod*)0x00007f56dd781a50
R12=0x00007f56ec28d800 is a thread
R13=0x00007f56ec1cdf88 is an unknown value
R14=0x0000000000000001 is an unknown value
R15=0x00007f56ec28d9f8 is an unknown value


Stack: [0x00007f5694361000,0x00007f5694462000],  sp=0x00007f569445d610,  free space=1009k
Native frames: (J=compiled Java code, j=interpreted, Vv=VM code, C=native code)
V  [libjvm.so+0x6d3848]  jni_invoke_nonstatic(JNIEnv_*, JavaValue*, _jobject*, JNICallType, _jmethodID*, JNI_ArgumentPusher*, Thread*)+0x38
V  [libjvm.so+0x6d7fef]  jni_CallVoidMethodV+0x10f
C  [libglass.so+0x18221]  JNIEnv_::CallVoidMethod(_jobject*, _jmethodID*, ...)+0x81
C  [libglass.so+0x1dbcf]  WindowContextBase::process_key(_GdkEventKey*)+0x20f
C  [libglass.so+0x1c0a0]  WindowContextBase::im_filter_keypress(_GdkEventKey*)+0x1c0
C  [libglass.so+0x21d3c]  process_events(_GdkEvent*, void*)+0x22c
C  [libgdk-x11-2.0.so.0+0x5ac4c]

Java frames: (J=compiled Java code, j=interpreted, Vv=VM code)
j  com.sun.glass.ui.gtk.GtkApplication.enterNestedEventLoopImpl()V+0
j  com.sun.glass.ui.gtk.GtkApplication._enterNestedEventLoop()Ljava/lang/Object;+15
j  com.sun.glass.ui.Application.enterNestedEventLoop()Ljava/lang/Object;+14
j  com.sun.glass.ui.EventLoop.enter()Ljava/lang/Object;+42
j  com.sun.javafx.tk.quantum.QuantumToolkit.enterNestedEventLoop(Ljava/lang/Object;)Ljava/lang/Object;+107
j  javafx.stage.Stage.showAndWait()V+93
j  javafx.scene.control.HeavyweightDialog.showAndWait()V+22
j  javafx.scene.control.Dialog.showAndWait()Ljava/util/Optional;+88
j  screach.titanium.gui.org.OrganizationManagerStage.newAction(Ljavafx/event/Event;)V+30
j  screach.titanium.gui.org.OrganizationManagerStage$$Lambda$278.handle(Ljavafx/event/Event;)V+11
j  com.sun.javafx.event.CompositeEventHandler.dispatchBubblingEvent(Ljavafx/event/Event;)V+51
J 1683 C1 com.sun.javafx.event.EventHandlerManager.dispatchBubblingEvent(Ljavafx/event/Event;)Ljavafx/event/Event; (23 bytes) @ 0x00007f56dd520b24 [0x00007f56dd520480+0x6a4]
J 2137 C1 com.sun.javafx.event.CompositeEventDispatcher.dispatchBubblingEvent(Ljavafx/event/Event;)Ljavafx/event/Event; (35 bytes) @ 0x00007f56dd66a41c [0x00007f56dd66a260+0x1bc]
J 1602 C1 com.sun.javafx.event.BasicEventDispatcher.dispatchEvent(Ljavafx/event/Event;Ljavafx/event/EventDispatchChain;)Ljavafx/event/Event; (44 bytes) @ 0x00007f56dd4f13bc [0x00007f56dd4f1080+0x33c]
J 1450 C1 com.sun.javafx.event.EventDispatchChainImpl.dispatchEvent(Ljavafx/event/Event;)Ljavafx/event/Event; (101 bytes) @ 0x00007f56dd4a4b44 [0x00007f56dd4a49a0+0x1a4]
J 1602 C1 com.sun.javafx.event.BasicEventDispatcher.dispatchEvent(Ljavafx/event/Event;Ljavafx/event/EventDispatchChain;)Ljavafx/event/Event; (44 bytes) @ 0x00007f56dd4f12d4 [0x00007f56dd4f1080+0x254]
J 1450 C1 com.sun.javafx.event.EventDispatchChainImpl.dispatchEvent(Ljavafx/event/Event;)Ljavafx/event/Event; (101 bytes) @ 0x00007f56dd4a4b44 [0x00007f56dd4a49a0+0x1a4]
J 1602 C1 com.sun.javafx.event.BasicEventDispatcher.dispatchEvent(Ljavafx/event/Event;Ljavafx/event/EventDispatchChain;)Ljavafx/event/Event; (44 bytes) @ 0x00007f56dd4f12d4 [0x00007f56dd4f1080+0x254]
J 1450 C1 com.sun.javafx.event.EventDispatchChainImpl.dispatchEvent(Ljavafx/event/Event;)Ljavafx/event/Event; (101 bytes) @ 0x00007f56dd4a4b44 [0x00007f56dd4a49a0+0x1a4]
J 2170 C1 com.sun.javafx.event.EventUtil.fireEvent(Ljavafx/event/EventTarget;Ljavafx/event/Event;)Ljavafx/event/Event; (81 bytes) @ 0x00007f56dd67e9a4 [0x00007f56dd67ddc0+0xbe4]
J 2169 C1 javafx.event.Event.fireEvent(Ljavafx/event/EventTarget;Ljavafx/event/Event;)V (35 bytes) @ 0x00007f56dd67d76c [0x00007f56dd67d6a0+0xcc]
j  javafx.scene.Node.fireEvent(Ljavafx/event/Event;)V+86
j  javafx.scene.control.Button.fire()V+15
j  com.sun.javafx.scene.control.behavior.ButtonBehavior.mouseReleased(Ljavafx/scene/input/MouseEvent;)V+23
j  com.sun.javafx.scene.control.skin.BehaviorSkinBase$1.handle(Ljavafx/scene/input/MouseEvent;)V+83
j  com.sun.javafx.scene.control.skin.BehaviorSkinBase$1.handle(Ljavafx/event/Event;)V+5
j  com.sun.javafx.event.CompositeEventHandler$NormalEventHandlerRecord.handleBubblingEvent(Ljavafx/event/Event;)V+5
j  com.sun.javafx.event.CompositeEventHandler.dispatchBubblingEvent(Ljavafx/event/Event;)V+28
J 1683 C1 com.sun.javafx.event.EventHandlerManager.dispatchBubblingEvent(Ljavafx/event/Event;)Ljavafx/event/Event; (23 bytes) @ 0x00007f56dd520b24 [0x00007f56dd520480+0x6a4]
J 2137 C1 com.sun.javafx.event.CompositeEventDispatcher.dispatchBubblingEvent(Ljavafx/event/Event;)Ljavafx/event/Event; (35 bytes) @ 0x00007f56dd66a41c [0x00007f56dd66a260+0x1bc]
J 1602 C1 com.sun.javafx.event.BasicEventDispatcher.dispatchEvent(Ljavafx/event/Event;Ljavafx/event/EventDispatchChain;)Ljavafx/event/Event; (44 bytes) @ 0x00007f56dd4f13bc [0x00007f56dd4f1080+0x33c]
J 1450 C1 com.sun.javafx.event.EventDispatchChainImpl.dispatchEvent(Ljavafx/event/Event;)Ljavafx/event/Event; (101 bytes) @ 0x00007f56dd4a4b44 [0x00007f56dd4a49a0+0x1a4]
J 1602 C1 com.sun.javafx.event.BasicEventDispatcher.dispatchEvent(Ljavafx/event/Event;Ljavafx/event/EventDispatchChain;)Ljavafx/event/Event; (44 bytes) @ 0x00007f56dd4f12d4 [0x00007f56dd4f1080+0x254]
J 1450 C1 com.sun.javafx.event.EventDispatchChainImpl.dispatchEvent(Ljavafx/event/Event;)Ljavafx/event/Event; (101 bytes) @ 0x00007f56dd4a4b44 [0x00007f56dd4a49a0+0x1a4]
J 1602 C1 com.sun.javafx.event.BasicEventDispatcher.dispatchEvent(Ljavafx/event/Event;Ljavafx/event/EventDispatchChain;)Ljavafx/event/Event; (44 bytes) @ 0x00007f56dd4f12d4 [0x00007f56dd4f1080+0x254]
J 1450 C1 com.sun.javafx.event.EventDispatchChainImpl.dispatchEvent(Ljavafx/event/Event;)Ljavafx/event/Event; (101 bytes) @ 0x00007f56dd4a4b44 [0x00007f56dd4a49a0+0x1a4]
J 2170 C1 com.sun.javafx.event.EventUtil.fireEvent(Ljavafx/event/EventTarget;Ljavafx/event/Event;)Ljavafx/event/Event; (81 bytes) @ 0x00007f56dd67e4f4 [0x00007f56dd67ddc0+0x734]
J 2169 C1 javafx.event.Event.fireEvent(Ljavafx/event/EventTarget;Ljavafx/event/Event;)V (35 bytes) @ 0x00007f56dd67d76c [0x00007f56dd67d6a0+0xcc]
j  javafx.scene.Scene$MouseHandler.process(Ljavafx/scene/input/MouseEvent;Z)V+491
j  javafx.scene.Scene$MouseHandler.access$1500(Ljavafx/scene/Scene$MouseHandler;Ljavafx/scene/input/MouseEvent;Z)V+3
j  javafx.scene.Scene.impl_processMouseEvent(Ljavafx/scene/input/MouseEvent;)V+6
j  javafx.scene.Scene$ScenePeerListener.mouseEvent(Ljavafx/event/EventType;DDDDLjavafx/scene/input/MouseButton;ZZZZZZZZZ)V+46
j  com.sun.javafx.tk.quantum.GlassViewEventHandler$MouseEventNotification.run()Ljava/lang/Void;+514
j  com.sun.javafx.tk.quantum.GlassViewEventHandler$MouseEventNotification.run()Ljava/lang/Object;+1
v  ~StubRoutines::call_stub
j  java.security.AccessController.doPrivileged(Ljava/security/PrivilegedAction;Ljava/security/AccessControlContext;)Ljava/lang/Object;+0
j  com.sun.javafx.tk.quantum.GlassViewEventHandler.lambda$handleMouseEvent$354()Ljava/lang/Void;+11
j  com.sun.javafx.tk.quantum.GlassViewEventHandler$$Lambda$238.get()Ljava/lang/Object;+4
j  com.sun.javafx.tk.quantum.QuantumToolkit.runWithoutRenderLock(Ljava/util/function/Supplier;)Ljava/lang/Object;+18
j  com.sun.javafx.tk.quantum.GlassViewEventHandler.handleMouseEvent(Lcom/sun/glass/ui/View;JIIIIIIIZZ)V+103
j  com.sun.glass.ui.View.handleMouseEvent(JIIIIIIIZZ)V+30
j  com.sun.glass.ui.View.notifyMouse(IIIIIIIZZ)V+181
v  ~StubRoutines::call_stub
j  com.sun.glass.ui.gtk.GtkApplication._runLoop(Ljava/lang/Runnable;Z)V+0
j  com.sun.glass.ui.gtk.GtkApplication.lambda$null$49(Ljava/lang/Runnable;Z)V+7
j  com.sun.glass.ui.gtk.GtkApplication$$Lambda$41.run()V+12
j  java.lang.Thread.run()V+11
v  ~StubRoutines::call_stub

---------------  P R O C E S S  ---------------

Java Threads: ( => current thread )
  0x00007f56802f1000 JavaThread "Prism Font Disposer" daemon [_thread_blocked, id=8612, stack(0x00007f568e20c000,0x00007f568e30d000)]
  0x00007f56ec291000 JavaThread "JavaFX-Launcher" [_thread_blocked, id=8610, stack(0x00007f5694260000,0x00007f5694361000)]
=>0x00007f56ec28d800 JavaThread "JavaFX Application Thread" [_thread_in_vm, id=8609, stack(0x00007f5694361000,0x00007f5694462000)]
  0x00007f56ec250800 JavaThread "Thread-1" daemon [_thread_blocked, id=8608, stack(0x00007f5694462000,0x00007f5694563000)]
  0x00007f56ec1bf000 JavaThread "QuantumRenderer-0" daemon [_thread_blocked, id=8604, stack(0x00007f56dc388000,0x00007f56dc489000)]
  0x00007f56ec0db800 JavaThread "Service Thread" daemon [_thread_blocked, id=8602, stack(0x00007f56dc620000,0x00007f56dc721000)]
  0x00007f56ec0be000 JavaThread "C1 CompilerThread2" daemon [_thread_blocked, id=8601, stack(0x00007f56dc721000,0x00007f56dc822000)]
  0x00007f56ec0bc800 JavaThread "C2 CompilerThread1" daemon [_thread_blocked, id=8600, stack(0x00007f56dc822000,0x00007f56dc923000)]
  0x00007f56ec0b9800 JavaThread "C2 CompilerThread0" daemon [_thread_blocked, id=8599, stack(0x00007f56dc923000,0x00007f56dca24000)]
  0x00007f56ec0b5800 JavaThread "Signal Dispatcher" daemon [_thread_blocked, id=8598, stack(0x00007f56dca24000,0x00007f56dcb25000)]
  0x00007f56ec084000 JavaThread "Finalizer" daemon [_thread_blocked, id=8597, stack(0x00007f56dcdfe000,0x00007f56dceff000)]
  0x00007f56ec07f800 JavaThread "Reference Handler" daemon [_thread_blocked, id=8596, stack(0x00007f56dceff000,0x00007f56dd000000)]
  0x00007f56ec009800 JavaThread "main" [_thread_blocked, id=8590, stack(0x00007f56f568c000,0x00007f56f578d000)]

Other Threads:
  0x00007f56ec077800 VMThread [stack: 0x00007f56f001a000,0x00007f56f011b000] [id=8595]
  0x00007f56ec0de000 WatcherThread [stack: 0x00007f56dc51f000,0x00007f56dc620000] [id=8603]

VM state:not at safepoint (normal execution)

VM Mutex/Monitor currently owned by a thread: None

Heap:
 PSYoungGen      total 18432K, used 3534K [0x00000000ebc00000, 0x00000000ed080000, 0x0000000100000000)
  eden space 15872K, 6% used [0x00000000ebc00000,0x00000000ebcfba60,0x00000000ecb80000)
  from space 2560K, 98% used [0x00000000ecb80000,0x00000000ecdf8030,0x00000000ece00000)
  to   space 2560K, 0% used [0x00000000ece00000,0x00000000ece00000,0x00000000ed080000)
 ParOldGen       total 42496K, used 6556K [0x00000000c3400000, 0x00000000c5d80000, 0x00000000ebc00000)
  object space 42496K, 15% used [0x00000000c3400000,0x00000000c3a672b0,0x00000000c5d80000)
 Metaspace       used 19627K, capacity 21164K, committed 21248K, reserved 1067008K
  class space    used 2982K, capacity 3257K, committed 3328K, reserved 1048576K

Card table byte_map: [0x00007f56f224c000,0x00007f56f2433000] byte_map_base: 0x00007f56f1c32000

Marking Bits: (ParMarkBitMap*) 0x00007f56f4b5ef60
 Begin Bits: [0x00007f56ce1a0000, 0x00007f56cf0d0000)
 End Bits:   [0x00007f56cf0d0000, 0x00007f56d0000000)

Polling page: 0x00007f56f57af000

CodeCache: size=245760Kb used=7715Kb max_used=7724Kb free=238044Kb
 bounds [0x00007f56dd000000, 0x00007f56dd790000, 0x00007f56ec000000]
 total_blobs=3277 nmethods=2600 adapters=590
 compilation: enabled

Compilation events (10 events):
Event: 11,049 Thread 0x00007f56ec0be000 2596       3       com.sun.javafx.animation.TickCalculation::fromNano (10 bytes)
Event: 11,049 Thread 0x00007f56ec0be000 nmethod 2596 0x00007f56dd78b450 code [0x00007f56dd78b5e0, 0x00007f56dd78b768]
Event: 11,180 Thread 0x00007f56ec0be000 2597       3       com.sun.scenario.animation.shared.TimelineClipCore::setTime (17 bytes)
Event: 11,181 Thread 0x00007f56ec0be000 nmethod 2597 0x00007f56dd78b810 code [0x00007f56dd78b980, 0x00007f56dd78bbd8]
Event: 11,181 Thread 0x00007f56ec0be000 2598       3       javafx.animation.AnimationAccessorImpl::setCurrentTicks (6 bytes)
Event: 11,181 Thread 0x00007f56ec0be000 nmethod 2598 0x00007f56dd78bcd0 code [0x00007f56dd78be40, 0x00007f56dd78c188]
Event: 11,262 Thread 0x00007f56ec0b9800 2599       4       java.lang.Math::round (70 bytes)
Event: 11,263 Thread 0x00007f56ec0b9800 nmethod 2599 0x00007f56dd78ef90 code [0x00007f56dd78f0e0, 0x00007f56dd78f198]
Event: 11,317 Thread 0x00007f56ec0be000 2600       3       java.util.ArrayList::indexOf (67 bytes)
Event: 11,318 Thread 0x00007f56ec0be000 nmethod 2600 0x00007f56dd78e710 code [0x00007f56dd78e8c0, 0x00007f56dd78ed88]

GC Heap History (6 events):
Event: 1,405 GC heap before
{Heap before GC invocations=1 (full 0):
 PSYoungGen      total 18432K, used 15872K [0x00000000ebc00000, 0x00000000ed080000, 0x0000000100000000)
  eden space 15872K, 100% used [0x00000000ebc00000,0x00000000ecb80000,0x00000000ecb80000)
  from space 2560K, 0% used [0x00000000ece00000,0x00000000ece00000,0x00000000ed080000)
  to   space 2560K, 0% used [0x00000000ecb80000,0x00000000ecb80000,0x00000000ece00000)
 ParOldGen       total 42496K, used 0K [0x00000000c3400000, 0x00000000c5d80000, 0x00000000ebc00000)
  object space 42496K, 0% used [0x00000000c3400000,0x00000000c3400000,0x00000000c5d80000)
 Metaspace       used 10577K, capacity 11022K, committed 11264K, reserved 1058816K
  class space    used 1394K, capacity 1521K, committed 1536K, reserved 1048576K
Event: 1,413 GC heap after
Heap after GC invocations=1 (full 0):
 PSYoungGen      total 18432K, used 2544K [0x00000000ebc00000, 0x00000000ed080000, 0x0000000100000000)
  eden space 15872K, 0% used [0x00000000ebc00000,0x00000000ebc00000,0x00000000ecb80000)
  from space 2560K, 99% used [0x00000000ecb80000,0x00000000ecdfc050,0x00000000ece00000)
  to   space 2560K, 0% used [0x00000000ece00000,0x00000000ece00000,0x00000000ed080000)
 ParOldGen       total 42496K, used 287K [0x00000000c3400000, 0x00000000c5d80000, 0x00000000ebc00000)
  object space 42496K, 0% used [0x00000000c3400000,0x00000000c3447f68,0x00000000c5d80000)
 Metaspace       used 10577K, capacity 11022K, committed 11264K, reserved 1058816K
  class space    used 1394K, capacity 1521K, committed 1536K, reserved 1048576K
}
Event: 2,255 GC heap before
{Heap before GC invocations=2 (full 0):
 PSYoungGen      total 18432K, used 18416K [0x00000000ebc00000, 0x00000000ed080000, 0x0000000100000000)
  eden space 15872K, 100% used [0x00000000ebc00000,0x00000000ecb80000,0x00000000ecb80000)
  from space 2560K, 99% used [0x00000000ecb80000,0x00000000ecdfc050,0x00000000ece00000)
  to   space 2560K, 0% used [0x00000000ece00000,0x00000000ece00000,0x00000000ed080000)
 ParOldGen       total 42496K, used 287K [0x00000000c3400000, 0x00000000c5d80000, 0x00000000ebc00000)
  object space 42496K, 0% used [0x00000000c3400000,0x00000000c3447f68,0x00000000c5d80000)
 Metaspace       used 16638K, capacity 17634K, committed 17920K, reserved 1064960K
  class space    used 2555K, capacity 2765K, committed 2816K, reserved 1048576K
Event: 2,274 GC heap after
Heap after GC invocations=2 (full 0):
 PSYoungGen      total 18432K, used 2528K [0x00000000ebc00000, 0x00000000ee000000, 0x0000000100000000)
  eden space 15872K, 0% used [0x00000000ebc00000,0x00000000ebc00000,0x00000000ecb80000)
  from space 2560K, 98% used [0x00000000ece00000,0x00000000ed078040,0x00000000ed080000)
  to   space 2560K, 0% used [0x00000000ecb80000,0x00000000ecb80000,0x00000000ece00000)
 ParOldGen       total 42496K, used 2478K [0x00000000c3400000, 0x00000000c5d80000, 0x00000000ebc00000)
  object space 42496K, 5% used [0x00000000c3400000,0x00000000c366ba28,0x00000000c5d80000)
 Metaspace       used 16638K, capacity 17634K, committed 17920K, reserved 1064960K
  class space    used 2555K, capacity 2765K, committed 2816K, reserved 1048576K
}
Event: 8,642 GC heap before
{Heap before GC invocations=3 (full 0):
 PSYoungGen      total 18432K, used 18400K [0x00000000ebc00000, 0x00000000ee000000, 0x0000000100000000)
  eden space 15872K, 100% used [0x00000000ebc00000,0x00000000ecb80000,0x00000000ecb80000)
  from space 2560K, 98% used [0x00000000ece00000,0x00000000ed078040,0x00000000ed080000)
  to   space 2560K, 0% used [0x00000000ecb80000,0x00000000ecb80000,0x00000000ece00000)
 ParOldGen       total 42496K, used 2478K [0x00000000c3400000, 0x00000000c5d80000, 0x00000000ebc00000)
  object space 42496K, 5% used [0x00000000c3400000,0x00000000c366ba28,0x00000000c5d80000)
 Metaspace       used 19513K, capacity 21088K, committed 21248K, reserved 1067008K
  class space    used 2978K, capacity 3255K, committed 3328K, reserved 1048576K
Event: 8,654 GC heap after
Heap after GC invocations=3 (full 0):
 PSYoungGen      total 18432K, used 2528K [0x00000000ebc00000, 0x00000000ed080000, 0x0000000100000000)
  eden space 15872K, 0% used [0x00000000ebc00000,0x00000000ebc00000,0x00000000ecb80000)
  from space 2560K, 98% used [0x00000000ecb80000,0x00000000ecdf8030,0x00000000ece00000)
  to   space 2560K, 0% used [0x00000000ece00000,0x00000000ece00000,0x00000000ed080000)
 ParOldGen       total 42496K, used 6556K [0x00000000c3400000, 0x00000000c5d80000, 0x00000000ebc00000)
  object space 42496K, 15% used [0x00000000c3400000,0x00000000c3a672b0,0x00000000c5d80000)
 Metaspace       used 19513K, capacity 21088K, committed 21248K, reserved 1067008K
  class space    used 2978K, capacity 3255K, committed 3328K, reserved 1048576K
}

Deoptimization events (10 events):
Event: 5,265 Thread 0x00007f56ec28d800 Uncommon trap: reason=unstable_if action=reinterpret pc=0x00007f56dd46e40c method=java.lang.StrictMath.floorOrCeil(DDDD)D @ 24
Event: 5,323 Thread 0x00007f56ec28d800 Uncommon trap: reason=unstable_if action=reinterpret pc=0x00007f56dd1a102c method=java.lang.String.startsWith(Ljava/lang/String;I)Z @ 25
Event: 5,340 Thread 0x00007f56ec28d800 Uncommon trap: reason=unstable_if action=reinterpret pc=0x00007f56dd455160 method=com.sun.javafx.css.BitSet.addAll(Ljava/util/Collection;)Z @ 1
Event: 7,726 Thread 0x00007f56ec28d800 Uncommon trap: reason=unstable_if action=reinterpret pc=0x00007f56dd532f84 method=com.sun.javafx.css.SimpleSelector.applies(Ljavafx/css/Styleable;)Z @ 7
Event: 7,740 Thread 0x00007f56ec28d800 Uncommon trap: reason=unstable_if action=reinterpret pc=0x00007f56dd3f3254 method=java.io.ByteArrayInputStream.read()I @ 8
Event: 7,741 Thread 0x00007f56ec28d800 Uncommon trap: reason=class_check action=maybe_recompile pc=0x00007f56dd406b8c method=java.io.FilterInputStream.read()I @ 4
Event: 7,741 Thread 0x00007f56ec28d800 Uncommon trap: reason=class_check action=maybe_recompile pc=0x00007f56dd406b8c method=java.io.FilterInputStream.read()I @ 4
Event: 7,741 Thread 0x00007f56ec28d800 Uncommon trap: reason=class_check action=maybe_recompile pc=0x00007f56dd406b8c method=java.io.FilterInputStream.read()I @ 4
Event: 7,741 Thread 0x00007f56ec28d800 Uncommon trap: reason=class_check action=maybe_recompile pc=0x00007f56dd406b8c method=java.io.FilterInputStream.read()I @ 4
Event: 7,786 Thread 0x00007f56ec28d800 Uncommon trap: reason=unstable_if action=reinterpret pc=0x00007f56dd5b2b38 method=com.sun.javafx.css.StyleManager.getStyleMap(Ljavafx/css/Styleable;Ljavafx/scene/SubScene;I)Lcom/sun/javafx/css/StyleMap; @ 2

Internal exceptions (10 events):
Event: 0,281 Thread 0x00007f56ec009800 Exception <a 'java/security/PrivilegedActionException'> (0x00000000ebe4d0b8) thrown at [/HUDSON/workspace/8-2-build-linux-amd64/jdk8u131/8869/hotspot/src/share/vm/prims/jvm.cpp, line 1390]
Event: 0,281 Thread 0x00007f56ec009800 Exception <a 'java/security/PrivilegedActionException'> (0x00000000ebe4d2c8) thrown at [/HUDSON/workspace/8-2-build-linux-amd64/jdk8u131/8869/hotspot/src/share/vm/prims/jvm.cpp, line 1390]
Event: 0,282 Thread 0x00007f56ec009800 Exception <a 'java/security/PrivilegedActionException'> (0x00000000ebe4f9e8) thrown at [/HUDSON/workspace/8-2-build-linux-amd64/jdk8u131/8869/hotspot/src/share/vm/prims/jvm.cpp, line 1390]
Event: 0,282 Thread 0x00007f56ec009800 Exception <a 'java/security/PrivilegedActionException'> (0x00000000ebe4fbf8) thrown at [/HUDSON/workspace/8-2-build-linux-amd64/jdk8u131/8869/hotspot/src/share/vm/prims/jvm.cpp, line 1390]
Event: 0,282 Thread 0x00007f56ec009800 Exception <a 'java/lang/NullPointerException'> (0x00000000ebe501d0) thrown at [/HUDSON/workspace/8-2-build-linux-amd64/jdk8u131/8869/hotspot/src/share/vm/interpreter/linkResolver.cpp, line 1197]
Event: 1,155 Thread 0x00007f56ec28d800 Exception <a 'java/lang/NullPointerException'> (0x00000000ec6da4d8) thrown at [/HUDSON/workspace/8-2-build-linux-amd64/jdk8u131/8869/hotspot/src/share/vm/interpreter/linkResolver.cpp, line 1197]
Event: 1,155 Thread 0x00007f56ec28d800 Exception <a 'java/lang/NullPointerException'> (0x00000000ec6da4d8) thrown at [/HUDSON/workspace/8-2-build-linux-amd64/jdk8u131/8869/hotspot/src/share/vm/prims/jvm.cpp, line 1394]
Event: 1,427 Thread 0x00007f56ec28d800 Implicit null exception at 0x00007f56dd283635 to 0x00007f56dd283811
Event: 1,717 Thread 0x00007f56ec28d800 Implicit null exception at 0x00007f56dd2fc7ff to 0x00007f56dd2fcbe5
Event: 5,340 Thread 0x00007f56ec28d800 Implicit null exception at 0x00007f56dd454bcf to 0x00007f56dd45514d

Events (10 events):
Event: 8,790 loading class com/sun/javafx/scene/KeyboardShortcutsHandler$1 done
Event: 9,154 loading class com/sun/prism/shape/ShapeRep$InvalidationType
Event: 9,154 loading class com/sun/prism/shape/ShapeRep$InvalidationType done
Event: 11,061 Thread 0x00007f5680091800 Thread exited: 0x00007f5680091800
Event: 11,310 loading class javafx/scene/input/KeyCombination$2
Event: 11,310 loading class javafx/scene/input/KeyCombination$2 done
Event: 11,311 loading class com/sun/prism/GraphicsResource
Event: 11,311 loading class com/sun/prism/GraphicsResource done
Event: 11,312 loading class com/sun/prism/GraphicsResource
Event: 11,312 loading class com/sun/prism/GraphicsResource done


Dynamic libraries:
00400000-00401000 r-xp 00000000 08:02 2491056                            /home/alexandre/jdks/jdk1.8.0_131/bin/java
00600000-00601000 rw-p 00000000 08:02 2491056                            /home/alexandre/jdks/jdk1.8.0_131/bin/java
02234000-02255000 rw-p 00000000 00:00 0                                  [heap]
41fbd000-41fbf000 r-xs 00000000 08:02 4194443                            /tmp/.glOnY8r2 (deleted)
41fe4000-42084000 rw-p 00000000 00:00 0 
c3400000-c5d80000 rw-p 00000000 00:00 0 
c5d80000-ebc00000 ---p 00000000 00:00 0 
ebc00000-ed080000 rw-p 00000000 00:00 0 
ed080000-100000000 ---p 00000000 00:00 0 
100000000-100340000 rw-p 00000000 00:00 0 
100340000-140000000 ---p 00000000 00:00 0 
7f566c000000-7f566c021000 rw-p 00000000 00:00 0 
7f566c021000-7f5670000000 ---p 00000000 00:00 0 
7f5674000000-7f5674021000 rw-p 00000000 00:00 0 
7f5674021000-7f5678000000 ---p 00000000 00:00 0 
7f5678000000-7f5678021000 rw-p 00000000 00:00 0 
7f5678021000-7f567c000000 ---p 00000000 00:00 0 
7f567c000000-7f567c021000 rw-p 00000000 00:00 0 
7f567c021000-7f5680000000 ---p 00000000 00:00 0 
7f5680000000-7f5680627000 rw-p 00000000 00:00 0 
7f5680627000-7f5684000000 ---p 00000000 00:00 0 
7f5684000000-7f5684022000 rw-p 00000000 00:00 0 
7f5684022000-7f5688000000 ---p 00000000 00:00 0 
7f5688000000-7f5688021000 rw-p 00000000 00:00 0 
7f5688021000-7f568c000000 ---p 00000000 00:00 0 
7f568c9c2000-7f568ca6e000 r--p 00000000 08:02 12061246                   /usr/share/fonts/truetype/dejavu/DejaVuSans-Bold.ttf
7f568ca6e000-7f568cbee000 rw-p 00000000 00:00 0 
7f568cbee000-7f568cc6e000 ---p 00000000 00:00 0 
7f568cc6e000-7f568cd6e000 rw-s 00000000 00:05 31719455                   /SYSV00000000 (deleted)
7f568cd6e000-7f568ce6e000 rw-s 115e0c000 00:06 459                       /dev/nvidiactl
7f568ce6e000-7f568d06e000 rw-s 15535e000 00:06 459                       /dev/nvidiactl
7f568d06e000-7f568d26e000 rw-s 19e10000 00:06 459                        /dev/nvidiactl
7f568d26e000-7f568e1f9000 rw-p 00000000 00:00 0 
7f568e1f9000-7f568e20c000 r--s 00345000 08:02 2492713                    /home/alexandre/jdks/jdk1.8.0_131/jre/lib/resources.jar
7f568e20c000-7f568e20f000 ---p 00000000 00:00 0 
7f568e20f000-7f568e30d000 rw-p 00000000 00:00 0 
7f568e30d000-7f568e3c6000 r--p 00000000 08:02 12061247                   /usr/share/fonts/truetype/dejavu/DejaVuSans.ttf
7f568e3c6000-7f568e471000 r--p 00000000 08:02 2492605                    /home/alexandre/jdks/jdk1.8.0_131/jre/lib/fonts/LucidaSansRegular.ttf
7f568e471000-7f568e485000 r--p 00000000 08:02 2492604                    /home/alexandre/jdks/jdk1.8.0_131/jre/lib/fonts/LucidaBrightItalic.ttf
7f568e485000-7f568e4bf000 r--p 00000000 08:02 2492611                    /home/alexandre/jdks/jdk1.8.0_131/jre/lib/fonts/LucidaTypewriterBold.ttf
7f568e4bf000-7f568e4d2000 r--p 00000000 08:02 2492612                    /home/alexandre/jdks/jdk1.8.0_131/jre/lib/fonts/LucidaBrightDemiBold.ttf
7f568e4d2000-7f568e50e000 r--p 00000000 08:02 2492610                    /home/alexandre/jdks/jdk1.8.0_131/jre/lib/fonts/LucidaTypewriterRegular.ttf
7f568e50e000-7f568e521000 r--p 00000000 08:02 2492609                    /home/alexandre/jdks/jdk1.8.0_131/jre/lib/fonts/LucidaBrightDemiItalic.ttf
7f568e521000-7f568e576000 r--p 00000000 08:02 2492606                    /home/alexandre/jdks/jdk1.8.0_131/jre/lib/fonts/LucidaBrightRegular.ttf
7f568e576000-7f568e5c4000 r--p 00000000 08:02 2492607                    /home/alexandre/jdks/jdk1.8.0_131/jre/lib/fonts/LucidaSansDemiBold.ttf
7f568e5c4000-7f568e5c8000 r-xp 00000000 08:02 2492835                    /home/alexandre/jdks/jdk1.8.0_131/jre/lib/amd64/libjavafx_font_pango.so
7f568e5c8000-7f568e7c7000 ---p 00004000 08:02 2492835                    /home/alexandre/jdks/jdk1.8.0_131/jre/lib/amd64/libjavafx_font_pango.so
7f568e7c7000-7f568e7c8000 rw-p 00003000 08:02 2492835                    /home/alexandre/jdks/jdk1.8.0_131/jre/lib/amd64/libjavafx_font_pango.so
7f568e7c8000-7f568e7cd000 r--s 00084000 08:02 2492592                    /home/alexandre/jdks/jdk1.8.0_131/jre/lib/jfr.jar
7f568e7cd000-7f568e9cd000 rw-p 00000000 00:00 0 
7f568e9cd000-7f568ebcd000 rw-p 00000000 00:00 0 
7f568ebcd000-7f568ebd8000 r--s 00000000 08:02 7865641                    /var/cache/fontconfig/945677eb7aeaf62f1d50efc3fb3ec7d8-le64.cache-6
7f568ebd8000-7f568ebde000 r--s 00000000 08:02 7865639                    /var/cache/fontconfig/2cd17615ca594fa2959ae173292e504c-le64.cache-6
7f568ebde000-7f568ebe3000 r-xp 00000000 08:02 2492838                    /home/alexandre/jdks/jdk1.8.0_131/jre/lib/amd64/libjavafx_font_freetype.so
7f568ebe3000-7f568ede2000 ---p 00005000 08:02 2492838                    /home/alexandre/jdks/jdk1.8.0_131/jre/lib/amd64/libjavafx_font_freetype.so
7f568ede2000-7f568ede3000 rw-p 00004000 08:02 2492838                    /home/alexandre/jdks/jdk1.8.0_131/jre/lib/amd64/libjavafx_font_freetype.so
7f568ede3000-7f568ede6000 r-xp 00000000 08:02 2492885                    /home/alexandre/jdks/jdk1.8.0_131/jre/lib/amd64/libjavafx_font.so
7f568ede6000-7f568efe5000 ---p 00003000 08:02 2492885                    /home/alexandre/jdks/jdk1.8.0_131/jre/lib/amd64/libjavafx_font.so
7f568efe5000-7f568efe6000 rw-p 00002000 08:02 2492885                    /home/alexandre/jdks/jdk1.8.0_131/jre/lib/amd64/libjavafx_font.so
7f568efe6000-7f568f1e6000 rw-p 00000000 00:00 0 
7f568f1e6000-7f568f1e9000 ---p 00000000 00:00 0 
7f568f1e9000-7f568f5e8000 rw-p 00000000 00:00 0 
7f568f5e8000-7f568f5fe000 r-xp 00000000 08:02 2492884                    /home/alexandre/jdks/jdk1.8.0_131/jre/lib/amd64/libnet.so
7f568f5fe000-7f568f7fe000 ---p 00016000 08:02 2492884                    /home/alexandre/jdks/jdk1.8.0_131/jre/lib/amd64/libnet.so
7f568f7fe000-7f568f7ff000 rw-p 00016000 08:02 2492884                    /home/alexandre/jdks/jdk1.8.0_131/jre/lib/amd64/libnet.so
7f568f7ff000-7f568f800000 ---p 00000000 00:00 0 
7f568f800000-7f5690000000 rw-p 00000000 00:00 0 
7f5690000000-7f5690021000 rw-p 00000000 00:00 0 
7f5690021000-7f5694000000 ---p 00000000 00:00 0 
7f5694000000-7f5694001000 r--s 00000000 08:02 7865630                    /var/cache/fontconfig/0d8c3b2ac0904cb8a57a757ad11a4a08-le64.cache-6
7f5694001000-7f5694016000 r--s 00000000 08:02 7865604                    /var/cache/fontconfig/04aabc0a78ac019cf9454389977116d2-le64.cache-6
7f5694016000-7f5694017000 r--s 00000000 08:02 7865602                    /var/cache/fontconfig/1ac9eb803944fde146138c791f5cc56a-le64.cache-6
7f5694017000-7f569401b000 r--s 00000000 08:02 7865600                    /var/cache/fontconfig/385c0604a188198f04d133e54aba7fe7-le64.cache-6
7f569401b000-7f569401c000 r--s 00000000 08:02 7865585                    /var/cache/fontconfig/dc05db6664285cc2f12bf69c139ae4c3-le64.cache-6
7f569401c000-7f569401f000 r--s 00000000 08:02 7865340                    /var/cache/fontconfig/767a8244fc0220cfb567a839d0392e0b-le64.cache-6
7f569401f000-7f5694024000 r--s 00000000 08:02 7865563                    /var/cache/fontconfig/8801497958630a81b71ace7c5f9b32a8-le64.cache-6
7f5694024000-7f569402b000 r--s 00000000 08:02 7865532                    /var/cache/fontconfig/3047814df9a2f067bd2d96a2b9c36e5a-le64.cache-6
7f569402b000-7f5694031000 r--s 00000000 08:02 7865473                    /var/cache/fontconfig/b47c4e1ecd0709278f4910c18777a504-le64.cache-6
7f5694031000-7f5694044000 r--s 00000000 08:02 7865471                    /var/cache/fontconfig/d52a8644073d54c13679302ca1180695-le64.cache-6
7f5694044000-7f569404f000 r--s 00000000 08:02 7866681                    /var/cache/fontconfig/d589a48862398ed80a3d6066f4f56f4c-le64.cache-6
7f569404f000-7f5694060000 r-xp 00000000 08:02 2492887                    /home/alexandre/jdks/jdk1.8.0_131/jre/lib/amd64/libnio.so
7f5694060000-7f569425f000 ---p 00011000 08:02 2492887                    /home/alexandre/jdks/jdk1.8.0_131/jre/lib/amd64/libnio.so
7f569425f000-7f5694260000 rw-p 00010000 08:02 2492887                    /home/alexandre/jdks/jdk1.8.0_131/jre/lib/amd64/libnio.so
7f5694260000-7f5694263000 ---p 00000000 00:00 0 
7f5694263000-7f5694361000 rw-p 00000000 00:00 0 
7f5694361000-7f5694364000 ---p 00000000 00:00 0 
7f5694364000-7f5694462000 rw-p 00000000 00:00 0 
7f5694462000-7f5694465000 ---p 00000000 00:00 0 
7f5694465000-7f5694563000 rw-p 00000000 00:00 0 
7f5694563000-7f5694564000 ---p 00000000 00:00 0 
7f5694564000-7f5694d64000 rw-p 00000000 00:00 0 
7f5694d64000-7f5694d65000 ---p 00000000 00:00 0 
7f5694d65000-7f5695565000 rw-p 00000000 00:00 0 
7f5695565000-7f5695570000 r-xp 00000000 08:02 11403322                   /usr/lib/x86_64-linux-gnu/gio/modules/libdconfsettings.so
7f5695570000-7f5695770000 ---p 0000b000 08:02 11403322                   /usr/lib/x86_64-linux-gnu/gio/modules/libdconfsettings.so
7f5695770000-7f5695771000 r--p 0000b000 08:02 11403322                   /usr/lib/x86_64-linux-gnu/gio/modules/libdconfsettings.so
7f5695771000-7f5695772000 rw-p 0000c000 08:02 11403322                   /usr/lib/x86_64-linux-gnu/gio/modules/libdconfsettings.so
7f5695772000-7f5695779000 r-xp 00000000 08:02 11019068                   /usr/lib/x86_64-linux-gnu/libogg.so.0.8.2
7f5695779000-7f5695979000 ---p 00007000 08:02 11019068                   /usr/lib/x86_64-linux-gnu/libogg.so.0.8.2
7f5695979000-7f569597a000 r--p 00007000 08:02 11019068                   /usr/lib/x86_64-linux-gnu/libogg.so.0.8.2
7f569597a000-7f569597b000 rw-p 00008000 08:02 11019068                   /usr/lib/x86_64-linux-gnu/libogg.so.0.8.2
7f569597b000-7f56959a5000 r-xp 00000000 08:02 11019417                   /usr/lib/x86_64-linux-gnu/libvorbis.so.0.4.8
7f56959a5000-7f5695ba5000 ---p 0002a000 08:02 11019417                   /usr/lib/x86_64-linux-gnu/libvorbis.so.0.4.8
7f5695ba5000-7f5695ba6000 r--p 0002a000 08:02 11019417                   /usr/lib/x86_64-linux-gnu/libvorbis.so.0.4.8
7f5695ba6000-7f5695ba7000 rw-p 0002b000 08:02 11019417                   /usr/lib/x86_64-linux-gnu/libvorbis.so.0.4.8
7f5695ba7000-7f5695bb0000 r-xp 00000000 08:02 11018935                   /usr/lib/x86_64-linux-gnu/libltdl.so.7.3.1
7f5695bb0000-7f5695daf000 ---p 00009000 08:02 11018935                   /usr/lib/x86_64-linux-gnu/libltdl.so.7.3.1
7f5695daf000-7f5695db0000 r--p 00008000 08:02 11018935                   /usr/lib/x86_64-linux-gnu/libltdl.so.7.3.1
7f5695db0000-7f5695db1000 rw-p 00009000 08:02 11018935                   /usr/lib/x86_64-linux-gnu/libltdl.so.7.3.1
7f5695db1000-7f5695dc5000 r-xp 00000000 08:02 11019310                   /usr/lib/x86_64-linux-gnu/libtdb.so.1.3.8
7f5695dc5000-7f5695fc4000 ---p 00014000 08:02 11019310                   /usr/lib/x86_64-linux-gnu/libtdb.so.1.3.8
7f5695fc4000-7f5695fc5000 r--p 00013000 08:02 11019310                   /usr/lib/x86_64-linux-gnu/libtdb.so.1.3.8
7f5695fc5000-7f5695fc6000 rw-p 00014000 08:02 11019310                   /usr/lib/x86_64-linux-gnu/libtdb.so.1.3.8
7f5695fc6000-7f5695fcd000 r-xp 00000000 08:02 11019421                   /usr/lib/x86_64-linux-gnu/libvorbisfile.so.3.3.7
7f5695fcd000-7f56961cd000 ---p 00007000 08:02 11019421                   /usr/lib/x86_64-linux-gnu/libvorbisfile.so.3.3.7
7f56961cd000-7f56961ce000 r--p 00007000 08:02 11019421                   /usr/lib/x86_64-linux-gnu/libvorbisfile.so.3.3.7
7f56961ce000-7f56961cf000 rw-p 00008000 08:02 11019421                   /usr/lib/x86_64-linux-gnu/libvorbisfile.so.3.3.7
7f56961cf000-7f56961df000 r-xp 00000000 08:02 11018332                   /usr/lib/x86_64-linux-gnu/libcanberra.so.0.2.5
7f56961df000-7f56963de000 ---p 00010000 08:02 11018332                   /usr/lib/x86_64-linux-gnu/libcanberra.so.0.2.5
7f56963de000-7f56963df000 r--p 0000f000 08:02 11018332                   /usr/lib/x86_64-linux-gnu/libcanberra.so.0.2.5
7f56963df000-7f56963e0000 rw-p 00010000 08:02 11018332                   /usr/lib/x86_64-linux-gnu/libcanberra.so.0.2.5
7f56963e0000-7f56963e4000 r-xp 00000000 08:02 11018328                   /usr/lib/x86_64-linux-gnu/libcanberra-gtk.so.0.1.9
7f56963e4000-7f56965e3000 ---p 00004000 08:02 11018328                   /usr/lib/x86_64-linux-gnu/libcanberra-gtk.so.0.1.9
7f56965e3000-7f56965e4000 r--p 00003000 08:02 11018328                   /usr/lib/x86_64-linux-gnu/libcanberra-gtk.so.0.1.9
7f56965e4000-7f56965e5000 rw-p 00004000 08:02 11018328                   /usr/lib/x86_64-linux-gnu/libcanberra-gtk.so.0.1.9
7f56965e5000-7f56965ea000 r-xp 00000000 08:02 11403355                   /usr/lib/x86_64-linux-gnu/gtk-2.0/modules/libcanberra-gtk-module.so
7f56965ea000-7f56967e9000 ---p 00005000 08:02 11403355                   /usr/lib/x86_64-linux-gnu/gtk-2.0/modules/libcanberra-gtk-module.so
7f56967e9000-7f56967ea000 r--p 00004000 08:02 11403355                   /usr/lib/x86_64-linux-gnu/gtk-2.0/modules/libcanberra-gtk-module.so
7f56967ea000-7f56967eb000 rw-p 00005000 08:02 11403355                   /usr/lib/x86_64-linux-gnu/gtk-2.0/modules/libcanberra-gtk-module.so
7f56967eb000-7f569681b000 r-xp 00000000 08:02 11406093                   /usr/lib/x86_64-linux-gnu/gtk-2.0/2.10.0/engines/libmurrine.so
7f569681b000-7f5696a1b000 ---p 00030000 08:02 11406093                   /usr/lib/x86_64-linux-gnu/gtk-2.0/2.10.0/engines/libmurrine.so
7f5696a1b000-7f5696a1c000 r--p 00030000 08:02 11406093                   /usr/lib/x86_64-linux-gnu/gtk-2.0/2.10.0/engines/libmurrine.so
7f5696a1c000-7f5696a1d000 rw-p 00031000 08:02 11406093                   /usr/lib/x86_64-linux-gnu/gtk-2.0/2.10.0/engines/libmurrine.so
7f5696a1d000-7f5696a2d000 r-xp 00000000 08:02 11019366                   /usr/lib/x86_64-linux-gnu/libunity-gtk2-parser.so.0.0.0
7f5696a2d000-7f5696c2d000 ---p 00010000 08:02 11019366                   /usr/lib/x86_64-linux-gnu/libunity-gtk2-parser.so.0.0.0
7f5696c2d000-7f5696c2e000 r--p 00010000 08:02 11019366                   /usr/lib/x86_64-linux-gnu/libunity-gtk2-parser.so.0.0.0
7f5696c2e000-7f5696c2f000 rw-p 00011000 08:02 11019366                   /usr/lib/x86_64-linux-gnu/libunity-gtk2-parser.so.0.0.0
7f5696c2f000-7f5696c34000 r-xp 00000000 08:02 11403359                   /usr/lib/x86_64-linux-gnu/gtk-2.0/modules/libunity-gtk-module.so
7f5696c34000-7f5696e33000 ---p 00005000 08:02 11403359                   /usr/lib/x86_64-linux-gnu/gtk-2.0/modules/libunity-gtk-module.so
7f5696e33000-7f5696e34000 r--p 00004000 08:02 11403359                   /usr/lib/x86_64-linux-gnu/gtk-2.0/modules/libunity-gtk-module.so
7f5696e34000-7f5696e35000 rw-p 00005000 08:02 11403359                   /usr/lib/x86_64-linux-gnu/gtk-2.0/modules/libunity-gtk-module.so
7f5696e35000-7f5696e47000 r-xp 00000000 08:02 5247438                    /lib/x86_64-linux-gnu/libgpg-error.so.0.17.0
7f5696e47000-7f5697047000 ---p 00012000 08:02 5247438                    /lib/x86_64-linux-gnu/libgpg-error.so.0.17.0
7f5697047000-7f5697048000 r--p 00012000 08:02 5247438                    /lib/x86_64-linux-gnu/libgpg-error.so.0.17.0
7f5697048000-7f5697049000 rw-p 00013000 08:02 5247438                    /lib/x86_64-linux-gnu/libgpg-error.so.0.17.0
7f5697049000-7f5697121000 r-xp 00000000 08:02 5242980                    /lib/x86_64-linux-gnu/libgcrypt.so.20.0.5
7f5697121000-7f5697320000 ---p 000d8000 08:02 5242980                    /lib/x86_64-linux-gnu/libgcrypt.so.20.0.5
7f5697320000-7f5697321000 r--p 000d7000 08:02 5242980                    /lib/x86_64-linux-gnu/libgcrypt.so.20.0.5
7f5697321000-7f5697329000 rw-p 000d8000 08:02 5242980                    /lib/x86_64-linux-gnu/libgcrypt.so.20.0.5
7f5697329000-7f569732a000 rw-p 00000000 00:00 0 
7f569732a000-7f569734b000 r-xp 00000000 08:02 5247461                    /lib/x86_64-linux-gnu/liblzma.so.5.0.0
7f569734b000-7f569754a000 ---p 00021000 08:02 5247461                    /lib/x86_64-linux-gnu/liblzma.so.5.0.0
7f569754a000-7f569754b000 r--p 00020000 08:02 5247461                    /lib/x86_64-linux-gnu/liblzma.so.5.0.0
7f569754b000-7f569754c000 rw-p 00021000 08:02 5247461                    /lib/x86_64-linux-gnu/liblzma.so.5.0.0
7f569754c000-7f56975cc000 r-xp 00000000 08:02 5242921                    /lib/x86_64-linux-gnu/libsystemd.so.0.14.0
7f56975cc000-7f56975cf000 r--p 0007f000 08:02 5242921                    /lib/x86_64-linux-gnu/libsystemd.so.0.14.0
7f56975cf000-7f56975d0000 rw-p 00082000 08:02 5242921                    /lib/x86_64-linux-gnu/libsystemd.so.0.14.0
7f56975d0000-7f56975d1000 rw-p 00000000 00:00 0 
7f56975d1000-7f569761b000 r-xp 00000000 08:02 5247307                    /lib/x86_64-linux-gnu/libdbus-1.so.3.14.6
7f569761b000-7f569781b000 ---p 0004a000 08:02 5247307                    /lib/x86_64-linux-gnu/libdbus-1.so.3.14.6
7f569781b000-7f569781c000 r--p 0004a000 08:02 5247307                    /lib/x86_64-linux-gnu/libdbus-1.so.3.14.6
7f569781c000-7f569781d000 rw-p 0004b000 08:02 5247307                    /lib/x86_64-linux-gnu/libdbus-1.so.3.14.6
7f569781d000-7f5697849000 r-xp 00000000 08:02 11018274                   /usr/lib/x86_64-linux-gnu/libatspi.so.0.0.1
7f5697849000-7f5697a48000 ---p 0002c000 08:02 11018274                   /usr/lib/x86_64-linux-gnu/libatspi.so.0.0.1
7f5697a48000-7f5697a4b000 r--p 0002b000 08:02 11018274                   /usr/lib/x86_64-linux-gnu/libatspi.so.0.0.1
7f5697a4b000-7f5697a4c000 rw-p 0002e000 08:02 11018274                   /usr/lib/x86_64-linux-gnu/libatspi.so.0.0.1
7f5697a4c000-7f5697a79000 r-xp 00000000 08:02 11018268                   /usr/lib/x86_64-linux-gnu/libatk-bridge-2.0.so.0.0.0
7f5697a79000-7f5697c78000 ---p 0002d000 08:02 11018268                   /usr/lib/x86_64-linux-gnu/libatk-bridge-2.0.so.0.0.0
7f5697c78000-7f5697c79000 r--p 0002c000 08:02 11018268                   /usr/lib/x86_64-linux-gnu/libatk-bridge-2.0.so.0.0.0
7f5697c79000-7f5697c7b000 rw-p 0002d000 08:02 11018268                   /usr/lib/x86_64-linux-gnu/libatk-bridge-2.0.so.0.0.0
7f5697c7b000-7f5697c7c000 r-xp 00000000 08:02 11403354                   /usr/lib/x86_64-linux-gnu/gtk-2.0/modules/libatk-bridge.so
7f5697c7c000-7f5697e7b000 ---p 00001000 08:02 11403354                   /usr/lib/x86_64-linux-gnu/gtk-2.0/modules/libatk-bridge.so
7f5697e7b000-7f5697e7c000 r--p 00000000 08:02 11403354                   /usr/lib/x86_64-linux-gnu/gtk-2.0/modules/libatk-bridge.so
7f5697e7c000-7f5697e7d000 rw-p 00001000 08:02 11403354                   /usr/lib/x86_64-linux-gnu/gtk-2.0/modules/libatk-bridge.so
7f5697e7d000-7f5697e84000 r-xp 00000000 08:02 11018603                   /usr/lib/x86_64-linux-gnu/libgailutil.so.18.0.1
7f5697e84000-7f5698083000 ---p 00007000 08:02 11018603                   /usr/lib/x86_64-linux-gnu/libgailutil.so.18.0.1
7f5698083000-7f5698084000 r--p 00006000 08:02 11018603                   /usr/lib/x86_64-linux-gnu/libgailutil.so.18.0.1
7f5698084000-7f5698085000 rw-p 00007000 08:02 11018603                   /usr/lib/x86_64-linux-gnu/libgailutil.so.18.0.1
7f5698085000-7f56980d3000 r-xp 00000000 08:02 11403357                   /usr/lib/x86_64-linux-gnu/gtk-2.0/modules/libgail.so
7f56980d3000-7f56982d2000 ---p 0004e000 08:02 11403357                   /usr/lib/x86_64-linux-gnu/gtk-2.0/modules/libgail.so
7f56982d2000-7f56982d3000 r--p 0004d000 08:02 11403357                   /usr/lib/x86_64-linux-gnu/gtk-2.0/modules/libgail.so
7f56982d3000-7f56982d5000 rw-p 0004e000 08:02 11403357                   /usr/lib/x86_64-linux-gnu/gtk-2.0/modules/libgail.so
7f56982d5000-7f56982e6000 r-xp 00000000 08:02 11405295                   /usr/lib/x86_64-linux-gnu/gtk-2.0/modules/liboverlay-scrollbar.so
7f56982e6000-7f56984e6000 ---p 00011000 08:02 11405295                   /usr/lib/x86_64-linux-gnu/gtk-2.0/modules/liboverlay-scrollbar.so
7f56984e6000-7f56984e7000 r--p 00011000 08:02 11405295                   /usr/lib/x86_64-linux-gnu/gtk-2.0/modules/liboverlay-scrollbar.so
7f56984e7000-7f56984e8000 rw-p 00012000 08:02 11405295                   /usr/lib/x86_64-linux-gnu/gtk-2.0/modules/liboverlay-scrollbar.so
7f56984e8000-7f5698511000 r-xp 00000000 08:02 2492860                    /home/alexandre/jdks/jdk1.8.0_131/jre/lib/amd64/libglass.so
7f5698511000-7f5698710000 ---p 00029000 08:02 2492860                    /home/alexandre/jdks/jdk1.8.0_131/jre/lib/amd64/libglass.so
7f5698710000-7f5698713000 rw-p 00028000 08:02 2492860                    /home/alexandre/jdks/jdk1.8.0_131/jre/lib/amd64/libglass.so
7f5698713000-7f5698793000 rw-s 11c558000 00:06 459                       /dev/nvidiactl
7f5698793000-7f5698813000 rw-s 11d062000 00:06 459                       /dev/nvidiactl
7f5698813000-7f5698913000 rw-s 15550c000 00:06 459                       /dev/nvidiactl
7f5698913000-7f5699cf7000 r-xp 00000000 08:02 11025158                   /usr/lib/nvidia-375/libnvidia-glcore.so.375.66
7f5699cf7000-7f5699d17000 rwxp 013e4000 08:02 11025158                   /usr/lib/nvidia-375/libnvidia-glcore.so.375.66
7f5699d17000-7f569a0e7000 r-xp 01404000 08:02 11025158                   /usr/lib/nvidia-375/libnvidia-glcore.so.375.66
7f569a0e7000-7f569a2e7000 ---p 017d4000 08:02 11025158                   /usr/lib/nvidia-375/libnvidia-glcore.so.375.66
7f569a2e7000-7f569a6ce000 rw-p 017d4000 08:02 11025158                   /usr/lib/nvidia-375/libnvidia-glcore.so.375.66
7f569a6ce000-7f569a6e6000 rw-p 00000000 00:00 0 
7f569a6e6000-7f569a6e9000 r-xp 00000000 08:02 11025185                   /usr/lib/nvidia-375/tls/libnvidia-tls.so.375.66
7f569a6e9000-7f569a8e9000 ---p 00003000 08:02 11025185                   /usr/lib/nvidia-375/tls/libnvidia-tls.so.375.66
7f569a8e9000-7f569a8ea000 rw-p 00003000 08:02 11025185                   /usr/lib/nvidia-375/tls/libnvidia-tls.so.375.66
7f569a8ea000-7f569a9b3000 r-xp 00000000 08:02 11025157                   /usr/lib/nvidia-375/libGLX_nvidia.so.375.66
7f569a9b3000-7f569a9e7000 rwxp 000c9000 08:02 11025157                   /usr/lib/nvidia-375/libGLX_nvidia.so.375.66
7f569a9e7000-7f569a9fb000 r-xp 000fd000 08:02 11025157                   /usr/lib/nvidia-375/libGLX_nvidia.so.375.66
7f569a9fb000-7f569abfa000 ---p 00111000 08:02 11025157                   /usr/lib/nvidia-375/libGLX_nvidia.so.375.66
7f569abfa000-7f569ac22000 rw-p 00110000 08:02 11025157                   /usr/lib/nvidia-375/libGLX_nvidia.so.375.66
7f569ac22000-7f569ac29000 rw-p 00000000 00:00 0 
7f569ac29000-7f569ac2f000 r-xp 00000000 08:02 11018415                   /usr/lib/x86_64-linux-gnu/libdatrie.so.1.3.3
7f569ac2f000-7f569ae2f000 ---p 00006000 08:02 11018415                   /usr/lib/x86_64-linux-gnu/libdatrie.so.1.3.3
7f569ae2f000-7f569ae30000 r--p 00006000 08:02 11018415                   /usr/lib/x86_64-linux-gnu/libdatrie.so.1.3.3
7f569ae30000-7f569ae31000 rw-p 00007000 08:02 11018415                   /usr/lib/x86_64-linux-gnu/libdatrie.so.1.3.3
7f569ae31000-7f569ae36000 r-xp 00000000 08:02 11018173                   /usr/lib/x86_64-linux-gnu/libXdmcp.so.6.0.0
7f569ae36000-7f569b035000 ---p 00005000 08:02 11018173                   /usr/lib/x86_64-linux-gnu/libXdmcp.so.6.0.0
7f569b035000-7f569b036000 r--p 00004000 08:02 11018173                   /usr/lib/x86_64-linux-gnu/libXdmcp.so.6.0.0
7f569b036000-7f569b037000 rw-p 00005000 08:02 11018173                   /usr/lib/x86_64-linux-gnu/libXdmcp.so.6.0.0
7f569b037000-7f569b039000 r-xp 00000000 08:02 11018162                   /usr/lib/x86_64-linux-gnu/libXau.so.6.0.0
7f569b039000-7f569b239000 ---p 00002000 08:02 11018162                   /usr/lib/x86_64-linux-gnu/libXau.so.6.0.0
7f569b239000-7f569b23a000 r--p 00002000 08:02 11018162                   /usr/lib/x86_64-linux-gnu/libXau.so.6.0.0
7f569b23a000-7f569b23b000 rw-p 00003000 08:02 11018162                   /usr/lib/x86_64-linux-gnu/libXau.so.6.0.0
7f569b23b000-7f569b25f000 r-xp 00000000 08:02 11014430                   /usr/lib/x86_64-linux-gnu/libgraphite2.so.3.0.1
7f569b25f000-7f569b45e000 ---p 00024000 08:02 11014430                   /usr/lib/x86_64-linux-gnu/libgraphite2.so.3.0.1
7f569b45e000-7f569b460000 r--p 00023000 08:02 11014430                   /usr/lib/x86_64-linux-gnu/libgraphite2.so.3.0.1
7f569b460000-7f569b461000 rw-p 00025000 08:02 11014430                   /usr/lib/x86_64-linux-gnu/libgraphite2.so.3.0.1
7f569b461000-7f569b4a3000 r-xp 00000000 08:02 11025154                   /usr/lib/nvidia-375/libGLdispatch.so.0
7f569b4a3000-7f569b4d5000 r-xp 00042000 08:02 11025154                   /usr/lib/nvidia-375/libGLdispatch.so.0
7f569b4d5000-7f569b4e7000 r-xp 00074000 08:02 11025154                   /usr/lib/nvidia-375/libGLdispatch.so.0
7f569b4e7000-7f569b6e7000 ---p 00086000 08:02 11025154                   /usr/lib/nvidia-375/libGLdispatch.so.0
7f569b6e7000-7f569b70f000 rw-p 00086000 08:02 11025154                   /usr/lib/nvidia-375/libGLdispatch.so.0
7f569b70f000-7f569b72f000 rw-p 00000000 00:00 0 
7f569b72f000-7f569b73e000 r-xp 00000000 08:02 11025156                   /usr/lib/nvidia-375/libGLX.so.0
7f569b73e000-7f569b93e000 ---p 0000f000 08:02 11025156                   /usr/lib/nvidia-375/libGLX.so.0
7f569b93e000-7f569b93f000 rw-p 0000f000 08:02 11025156                   /usr/lib/nvidia-375/libGLX.so.0
7f569b93f000-7f569b95f000 rw-p 00000000 00:00 0 
7f569b95f000-7f569b9cd000 r-xp 00000000 08:02 5247523                    /lib/x86_64-linux-gnu/libpcre.so.3.13.2
7f569b9cd000-7f569bbcd000 ---p 0006e000 08:02 5247523                    /lib/x86_64-linux-gnu/libpcre.so.3.13.2
7f569bbcd000-7f569bbce000 r--p 0006e000 08:02 5247523                    /lib/x86_64-linux-gnu/libpcre.so.3.13.2
7f569bbce000-7f569bbcf000 rw-p 0006f000 08:02 5247523                    /lib/x86_64-linux-gnu/libpcre.so.3.13.2
7f569bbcf000-7f569bbd6000 r-xp 00000000 08:02 11018544                   /usr/lib/x86_64-linux-gnu/libffi.so.6.0.4
7f569bbd6000-7f569bdd5000 ---p 00007000 08:02 11018544                   /usr/lib/x86_64-linux-gnu/libffi.so.6.0.4
7f569bdd5000-7f569bdd6000 r--p 00006000 08:02 11018544                   /usr/lib/x86_64-linux-gnu/libffi.so.6.0.4
7f569bdd6000-7f569bdd7000 rw-p 00007000 08:02 11018544                   /usr/lib/x86_64-linux-gnu/libffi.so.6.0.4
7f569bdd7000-7f569bdfd000 r-xp 00000000 08:02 5243224                    /lib/x86_64-linux-gnu/libexpat.so.1.6.0
7f569bdfd000-7f569bffd000 ---p 00026000 08:02 5243224                    /lib/x86_64-linux-gnu/libexpat.so.1.6.0
7f569bffd000-7f569bfff000 r--p 00026000 08:02 5243224                    /lib/x86_64-linux-gnu/libexpat.so.1.6.0
7f569bfff000-7f569c000000 rw-p 00028000 08:02 5243224                    /lib/x86_64-linux-gnu/libexpat.so.1.6.0
7f569c000000-7f569c8e2000 rw-p 00000000 00:00 0 
7f569c8e2000-7f56a0000000 ---p 00000000 00:00 0 
7f56a0000000-7f56a0001000 r--s 00000000 08:02 7865565                    /var/cache/fontconfig/4794a0821666d79190d59a36cb4f44b5-le64.cache-6
7f56a0001000-7f56a0002000 r--s 00000000 08:02 7865534                    /var/cache/fontconfig/bab58bb527bb656aaa9f116d68a48d89-le64.cache-6
7f56a0002000-7f56a0003000 r--s 00000000 08:02 7865496                    /var/cache/fontconfig/56cf4f4769d0f4abc89a4895d7bd3ae1-le64.cache-6
7f56a0003000-7f56a0004000 r--s 00000000 08:02 7865481                    /var/cache/fontconfig/b9d506c9ac06c20b433354fa67a72993-le64.cache-6
7f56a0004000-7f56a0016000 r--s 00000000 08:02 7864406                    /var/cache/fontconfig/9b89f8e3dae116d678bbf48e5f21f69b-le64.cache-6
7f56a0016000-7f56a005c000 r--p 00000000 08:02 12062229                   /usr/share/glib-2.0/schemas/gschemas.compiled
7f56a005c000-7f56a00dc000 rw-s 12506c000 00:06 459                       /dev/nvidiactl
7f56a00dc000-7f56a00fc000 rw-s a0100000 00:06 460                        /dev/nvidia0
7f56a00fc000-7f56a013c000 rw-s 159fd8000 00:06 459                       /dev/nvidiactl
7f56a013c000-7f56a015c000 rw-s 10dd3c000 00:06 459                       /dev/nvidiactl
7f56a015c000-7f56a0164000 r-xp 00000000 08:02 11019318                   /usr/lib/x86_64-linux-gnu/libthai.so.0.2.4
7f56a0164000-7f56a0363000 ---p 00008000 08:02 11019318                   /usr/lib/x86_64-linux-gnu/libthai.so.0.2.4
7f56a0363000-7f56a0364000 r--p 00007000 08:02 11019318                   /usr/lib/x86_64-linux-gnu/libthai.so.0.2.4
7f56a0364000-7f56a0365000 rw-p 00008000 08:02 11019318                   /usr/lib/x86_64-linux-gnu/libthai.so.0.2.4
7f56a0365000-7f56a0386000 r-xp 00000000 08:02 11019540                   /usr/lib/x86_64-linux-gnu/libxcb.so.1.1.0
7f56a0386000-7f56a0585000 ---p 00021000 08:02 11019540                   /usr/lib/x86_64-linux-gnu/libxcb.so.1.1.0
7f56a0585000-7f56a0586000 r--p 00020000 08:02 11019540                   /usr/lib/x86_64-linux-gnu/libxcb.so.1.1.0
7f56a0586000-7f56a0587000 rw-p 00021000 08:02 11019540                   /usr/lib/x86_64-linux-gnu/libxcb.so.1.1.0
7f56a0587000-7f56a058f000 r-xp 00000000 08:02 11019526                   /usr/lib/x86_64-linux-gnu/libxcb-render.so.0.0.0
7f56a058f000-7f56a078f000 ---p 00008000 08:02 11019526                   /usr/lib/x86_64-linux-gnu/libxcb-render.so.0.0.0
7f56a078f000-7f56a0790000 r--p 00008000 08:02 11019526                   /usr/lib/x86_64-linux-gnu/libxcb-render.so.0.0.0
7f56a0790000-7f56a0791000 rw-p 00009000 08:02 11019526                   /usr/lib/x86_64-linux-gnu/libxcb-render.so.0.0.0
7f56a0791000-7f56a0793000 r-xp 00000000 08:02 11019530                   /usr/lib/x86_64-linux-gnu/libxcb-shm.so.0.0.0
7f56a0793000-7f56a0993000 ---p 00002000 08:02 11019530                   /usr/lib/x86_64-linux-gnu/libxcb-shm.so.0.0.0
7f56a0993000-7f56a0994000 r--p 00002000 08:02 11019530                   /usr/lib/x86_64-linux-gnu/libxcb-shm.so.0.0.0
7f56a0994000-7f56a0995000 rw-p 00003000 08:02 11019530                   /usr/lib/x86_64-linux-gnu/libxcb-shm.so.0.0.0
7f56a0995000-7f56a09b9000 r-xp 00000000 08:02 5247535                    /lib/x86_64-linux-gnu/libpng12.so.0.54.0
7f56a09b9000-7f56a0bb8000 ---p 00024000 08:02 5247535                    /lib/x86_64-linux-gnu/libpng12.so.0.54.0
7f56a0bb8000-7f56a0bb9000 r--p 00023000 08:02 5247535                    /lib/x86_64-linux-gnu/libpng12.so.0.54.0
7f56a0bb9000-7f56a0bba000 rw-p 00024000 08:02 5247535                    /lib/x86_64-linux-gnu/libpng12.so.0.54.0
7f56a0bba000-7f56a0c59000 r-xp 00000000 08:02 11019123                   /usr/lib/x86_64-linux-gnu/libpixman-1.so.0.33.6
7f56a0c59000-7f56a0e59000 ---p 0009f000 08:02 11019123                   /usr/lib/x86_64-linux-gnu/libpixman-1.so.0.33.6
7f56a0e59000-7f56a0e61000 r--p 0009f000 08:02 11019123                   /usr/lib/x86_64-linux-gnu/libpixman-1.so.0.33.6
7f56a0e61000-7f56a0e62000 rw-p 000a7000 08:02 11019123                   /usr/lib/x86_64-linux-gnu/libpixman-1.so.0.33.6
7f56a0e62000-7f56a0ebe000 r-xp 00000000 08:02 11014570                   /usr/lib/x86_64-linux-gnu/libharfbuzz.so.0.10000.1
7f56a0ebe000-7f56a10be000 ---p 0005c000 08:02 11014570                   /usr/lib/x86_64-linux-gnu/libharfbuzz.so.0.10000.1
7f56a10be000-7f56a10bf000 r--p 0005c000 08:02 11014570                   /usr/lib/x86_64-linux-gnu/libharfbuzz.so.0.10000.1
7f56a10bf000-7f56a10c0000 rw-p 0005d000 08:02 11014570                   /usr/lib/x86_64-linux-gnu/libharfbuzz.so.0.10000.1
7f56a10c0000-7f56a10d7000 r-xp 00000000 08:02 5247326                    /lib/x86_64-linux-gnu/libresolv-2.23.so
7f56a10d7000-7f56a12d7000 ---p 00017000 08:02 5247326                    /lib/x86_64-linux-gnu/libresolv-2.23.so
7f56a12d7000-7f56a12d8000 r--p 00017000 08:02 5247326                    /lib/x86_64-linux-gnu/libresolv-2.23.so
7f56a12d8000-7f56a12d9000 rw-p 00018000 08:02 5247326                    /lib/x86_64-linux-gnu/libresolv-2.23.so
7f56a12d9000-7f56a12db000 rw-p 00000000 00:00 0 
7f56a12db000-7f56a12fa000 r-xp 00000000 08:02 5247552                    /lib/x86_64-linux-gnu/libselinux.so.1
7f56a12fa000-7f56a14f9000 ---p 0001f000 08:02 5247552                    /lib/x86_64-linux-gnu/libselinux.so.1
7f56a14f9000-7f56a14fa000 r--p 0001e000 08:02 5247552                    /lib/x86_64-linux-gnu/libselinux.so.1
7f56a14fa000-7f56a14fb000 rw-p 0001f000 08:02 5247552                    /lib/x86_64-linux-gnu/libselinux.so.1
7f56a14fb000-7f56a14fd000 rw-p 00000000 00:00 0 
7f56a14fd000-7f56a1516000 r-xp 00000000 08:02 5242885                    /lib/x86_64-linux-gnu/libz.so.1.2.8
7f56a1516000-7f56a1715000 ---p 00019000 08:02 5242885                    /lib/x86_64-linux-gnu/libz.so.1.2.8
7f56a1715000-7f56a1716000 r--p 00018000 08:02 5242885                    /lib/x86_64-linux-gnu/libz.so.1.2.8
7f56a1716000-7f56a1717000 rw-p 00019000 08:02 5242885                    /lib/x86_64-linux-gnu/libz.so.1.2.8
7f56a1717000-7f56a1728000 r-xp 00000000 08:02 11018175                   /usr/lib/x86_64-linux-gnu/libXext.so.6.4.0
7f56a1728000-7f56a1927000 ---p 00011000 08:02 11018175                   /usr/lib/x86_64-linux-gnu/libXext.so.6.4.0
7f56a1927000-7f56a1928000 r--p 00010000 08:02 11018175                   /usr/lib/x86_64-linux-gnu/libXext.so.6.4.0
7f56a1928000-7f56a1929000 rw-p 00011000 08:02 11018175                   /usr/lib/x86_64-linux-gnu/libXext.so.6.4.0
7f56a1929000-7f56a192b000 r-xp 00000000 08:02 11018171                   /usr/lib/x86_64-linux-gnu/libXdamage.so.1.1.0
7f56a192b000-7f56a1b2a000 ---p 00002000 08:02 11018171                   /usr/lib/x86_64-linux-gnu/libXdamage.so.1.1.0
7f56a1b2a000-7f56a1b2b000 r--p 00001000 08:02 11018171                   /usr/lib/x86_64-linux-gnu/libXdamage.so.1.1.0
7f56a1b2b000-7f56a1b2c000 rw-p 00002000 08:02 11018171                   /usr/lib/x86_64-linux-gnu/libXdamage.so.1.1.0
7f56a1b2c000-7f56a1b2e000 r-xp 00000000 08:02 11018167                   /usr/lib/x86_64-linux-gnu/libXcomposite.so.1.0.0
7f56a1b2e000-7f56a1d2d000 ---p 00002000 08:02 11018167                   /usr/lib/x86_64-linux-gnu/libXcomposite.so.1.0.0
7f56a1d2d000-7f56a1d2e000 r--p 00001000 08:02 11018167                   /usr/lib/x86_64-linux-gnu/libXcomposite.so.1.0.0
7f56a1d2e000-7f56a1d2f000 rw-p 00002000 08:02 11018167                   /usr/lib/x86_64-linux-gnu/libXcomposite.so.1.0.0
7f56a1d2f000-7f56a1d38000 r-xp 00000000 08:02 11018169                   /usr/lib/x86_64-linux-gnu/libXcursor.so.1.0.2
7f56a1d38000-7f56a1f37000 ---p 00009000 08:02 11018169                   /usr/lib/x86_64-linux-gnu/libXcursor.so.1.0.2
7f56a1f37000-7f56a1f38000 r--p 00008000 08:02 11018169                   /usr/lib/x86_64-linux-gnu/libXcursor.so.1.0.2
7f56a1f38000-7f56a1f39000 rw-p 00009000 08:02 11018169                   /usr/lib/x86_64-linux-gnu/libXcursor.so.1.0.2
7f56a1f39000-7f56a1f43000 r-xp 00000000 08:02 11018193                   /usr/lib/x86_64-linux-gnu/libXrandr.so.2.2.0
7f56a1f43000-7f56a2142000 ---p 0000a000 08:02 11018193                   /usr/lib/x86_64-linux-gnu/libXrandr.so.2.2.0
7f56a2142000-7f56a2143000 r--p 00009000 08:02 11018193                   /usr/lib/x86_64-linux-gnu/libXrandr.so.2.2.0
7f56a2143000-7f56a2144000 rw-p 0000a000 08:02 11018193                   /usr/lib/x86_64-linux-gnu/libXrandr.so.2.2.0
7f56a2144000-7f56a2153000 r-xp 00000000 08:02 11018183                   /usr/lib/x86_64-linux-gnu/libXi.so.6.1.0
7f56a2153000-7f56a2352000 ---p 0000f000 08:02 11018183                   /usr/lib/x86_64-linux-gnu/libXi.so.6.1.0
7f56a2352000-7f56a2353000 r--p 0000e000 08:02 11018183                   /usr/lib/x86_64-linux-gnu/libXi.so.6.1.0
7f56a2353000-7f56a2354000 rw-p 0000f000 08:02 11018183                   /usr/lib/x86_64-linux-gnu/libXi.so.6.1.0
7f56a2354000-7f56a2356000 r-xp 00000000 08:02 11018185                   /usr/lib/x86_64-linux-gnu/libXinerama.so.1.0.0
7f56a2356000-7f56a2555000 ---p 00002000 08:02 11018185                   /usr/lib/x86_64-linux-gnu/libXinerama.so.1.0.0
7f56a2555000-7f56a2556000 r--p 00001000 08:02 11018185                   /usr/lib/x86_64-linux-gnu/libXinerama.so.1.0.0
7f56a2556000-7f56a2557000 rw-p 00002000 08:02 11018185                   /usr/lib/x86_64-linux-gnu/libXinerama.so.1.0.0
7f56a2557000-7f56a2560000 r-xp 00000000 08:02 11018195                   /usr/lib/x86_64-linux-gnu/libXrender.so.1.3.0
7f56a2560000-7f56a275f000 ---p 00009000 08:02 11018195                   /usr/lib/x86_64-linux-gnu/libXrender.so.1.3.0
7f56a275f000-7f56a2760000 r--p 00008000 08:02 11018195                   /usr/lib/x86_64-linux-gnu/libXrender.so.1.3.0
7f56a2760000-7f56a2761000 rw-p 00009000 08:02 11018195                   /usr/lib/x86_64-linux-gnu/libXrender.so.1.3.0
7f56a2761000-7f56a2766000 r-xp 00000000 08:02 11018177                   /usr/lib/x86_64-linux-gnu/libXfixes.so.3.1.0
7f56a2766000-7f56a2965000 ---p 00005000 08:02 11018177                   /usr/lib/x86_64-linux-gnu/libXfixes.so.3.1.0
7f56a2965000-7f56a2966000 r--p 00004000 08:02 11018177                   /usr/lib/x86_64-linux-gnu/libXfixes.so.3.1.0
7f56a2966000-7f56a2967000 rw-p 00005000 08:02 11018177                   /usr/lib/x86_64-linux-gnu/libXfixes.so.3.1.0
7f56a2967000-7f56a297d000 r-xp 00000000 08:02 5247432                    /lib/x86_64-linux-gnu/libgcc_s.so.1
7f56a297d000-7f56a2b7c000 ---p 00016000 08:02 5247432                    /lib/x86_64-linux-gnu/libgcc_s.so.1
7f56a2b7c000-7f56a2b7d000 rw-p 00015000 08:02 5247432                    /lib/x86_64-linux-gnu/libgcc_s.so.1
7f56a2b7d000-7f56a2cef000 r-xp 00000000 08:02 11012226                   /usr/lib/x86_64-linux-gnu/libstdc++.so.6.0.21
7f56a2cef000-7f56a2eef000 ---p 00172000 08:02 11012226                   /usr/lib/x86_64-linux-gnu/libstdc++.so.6.0.21
7f56a2eef000-7f56a2ef9000 r--p 00172000 08:02 11012226                   /usr/lib/x86_64-linux-gnu/libstdc++.so.6.0.21
7f56a2ef9000-7f56a2efb000 rw-p 0017c000 08:02 11012226                   /usr/lib/x86_64-linux-gnu/libstdc++.so.6.0.21
7f56a2efb000-7f56a2eff000 rw-p 00000000 00:00 0 
7f56a2eff000-7f56a2f43000 r-xp 00000000 08:02 11025168                   /usr/lib/nvidia-375/libGL.so.1.0.0
7f56a2f43000-7f56a2f75000 r-xp 00044000 08:02 11025168                   /usr/lib/nvidia-375/libGL.so.1.0.0
7f56a2f75000-7f56a2f88000 r-xp 00076000 08:02 11025168                   /usr/lib/nvidia-375/libGL.so.1.0.0
7f56a2f88000-7f56a3188000 ---p 00089000 08:02 11025168                   /usr/lib/nvidia-375/libGL.so.1.0.0
7f56a3188000-7f56a31a2000 rw-p 00089000 08:02 11025168                   /usr/lib/nvidia-375/libGL.so.1.0.0
7f56a31a2000-7f56a31a3000 rw-p 00000000 00:00 0 
7f56a31a3000-7f56a31a8000 r-xp 00000000 08:02 11018211                   /usr/lib/x86_64-linux-gnu/libXxf86vm.so.1.0.0
7f56a31a8000-7f56a33a7000 ---p 00005000 08:02 11018211                   /usr/lib/x86_64-linux-gnu/libXxf86vm.so.1.0.0
7f56a33a7000-7f56a33a8000 r--p 00004000 08:02 11018211                   /usr/lib/x86_64-linux-gnu/libXxf86vm.so.1.0.0
7f56a33a8000-7f56a33a9000 rw-p 00005000 08:02 11018211                   /usr/lib/x86_64-linux-gnu/libXxf86vm.so.1.0.0
7f56a33a9000-7f56a34de000 r-xp 00000000 08:02 11018158                   /usr/lib/x86_64-linux-gnu/libX11.so.6.3.0
7f56a34de000-7f56a36de000 ---p 00135000 08:02 11018158                   /usr/lib/x86_64-linux-gnu/libX11.so.6.3.0
7f56a36de000-7f56a36df000 r--p 00135000 08:02 11018158                   /usr/lib/x86_64-linux-gnu/libX11.so.6.3.0
7f56a36df000-7f56a36e3000 rw-p 00136000 08:02 11018158                   /usr/lib/x86_64-linux-gnu/libX11.so.6.3.0
7f56a36e3000-7f56a36e8000 r-xp 00000000 08:02 11018201                   /usr/lib/x86_64-linux-gnu/libXtst.so.6.1.0
7f56a36e8000-7f56a38e7000 ---p 00005000 08:02 11018201                   /usr/lib/x86_64-linux-gnu/libXtst.so.6.1.0
7f56a38e7000-7f56a38e8000 r--p 00004000 08:02 11018201                   /usr/lib/x86_64-linux-gnu/libXtst.so.6.1.0
7f56a38e8000-7f56a38e9000 rw-p 00005000 08:02 11018201                   /usr/lib/x86_64-linux-gnu/libXtst.so.6.1.0
7f56a38e9000-7f56a39f8000 r-xp 00000000 08:02 5247358                    /lib/x86_64-linux-gnu/libglib-2.0.so.0.4800.2
7f56a39f8000-7f56a3bf7000 ---p 0010f000 08:02 5247358                    /lib/x86_64-linux-gnu/libglib-2.0.so.0.4800.2
7f56a3bf7000-7f56a3bf8000 r--p 0010e000 08:02 5247358                    /lib/x86_64-linux-gnu/libglib-2.0.so.0.4800.2
7f56a3bf8000-7f56a3bf9000 rw-p 0010f000 08:02 5247358                    /lib/x86_64-linux-gnu/libglib-2.0.so.0.4800.2
7f56a3bf9000-7f56a3bfa000 rw-p 00000000 00:00 0 
7f56a3bfa000-7f56a3bfb000 r-xp 00000000 08:02 11010466                   /usr/lib/x86_64-linux-gnu/libgthread-2.0.so.0.4800.2
7f56a3bfb000-7f56a3dfa000 ---p 00001000 08:02 11010466                   /usr/lib/x86_64-linux-gnu/libgthread-2.0.so.0.4800.2
7f56a3dfa000-7f56a3dfb000 r--p 00000000 08:02 11010466                   /usr/lib/x86_64-linux-gnu/libgthread-2.0.so.0.4800.2
7f56a3dfb000-7f56a3dfc000 rw-p 00001000 08:02 11010466                   /usr/lib/x86_64-linux-gnu/libgthread-2.0.so.0.4800.2
7f56a3dfc000-7f56a3dff000 r-xp 00000000 08:02 11010442                   /usr/lib/x86_64-linux-gnu/libgmodule-2.0.so.0.4800.2
7f56a3dff000-7f56a3ffe000 ---p 00003000 08:02 11010442                   /usr/lib/x86_64-linux-gnu/libgmodule-2.0.so.0.4800.2
7f56a3ffe000-7f56a3fff000 r--p 00002000 08:02 11010442                   /usr/lib/x86_64-linux-gnu/libgmodule-2.0.so.0.4800.2
7f56a3fff000-7f56a4000000 rw-p 00003000 08:02 11010442                   /usr/lib/x86_64-linux-gnu/libgmodule-2.0.so.0.4800.2
7f56a4000000-7f56a4021000 rw-p 00000000 00:00 0 
7f56a4021000-7f56a8000000 ---p 00000000 00:00 0 
7f56a8000000-7f56a8021000 rw-p 00000000 00:00 0 
7f56a8021000-7f56ac000000 ---p 00000000 00:00 0 
7f56ac000000-7f56ac374000 rw-p 00000000 00:00 0 
7f56ac374000-7f56b0000000 ---p 00000000 00:00 0 
7f56b0000000-7f56b0386000 rw-p 00000000 00:00 0 
7f56b0386000-7f56b4000000 ---p 00000000 00:00 0 
7f56b4000000-7f56b4021000 rw-p 00000000 00:00 0 
7f56b4021000-7f56b8000000 ---p 00000000 00:00 0 
7f56b8000000-7f56b82c6000 rw-p 00000000 00:00 0 
7f56b82c6000-7f56bc000000 ---p 00000000 00:00 0 
7f56bc000000-7f56bc021000 rw-p 00000000 00:00 0 
7f56bc021000-7f56c0000000 ---p 00000000 00:00 0 
7f56c0000000-7f56c0021000 rw-p 00000000 00:00 0 
7f56c0021000-7f56c4000000 ---p 00000000 00:00 0 
7f56c4000000-7f56c4021000 rw-p 00000000 00:00 0 
7f56c4021000-7f56c8000000 ---p 00000000 00:00 0 
7f56c8000000-7f56c8021000 rw-p 00000000 00:00 0 
7f56c8021000-7f56cc000000 ---p 00000000 00:00 0 
7f56cc000000-7f56cc001000 r--s 00000000 08:02 7865470                    /var/cache/fontconfig/551ecf3b0e8b0bca0f25c0944f561853-le64.cache-6
7f56cc001000-7f56cc002000 r--s 00000000 08:02 7865466                    /var/cache/fontconfig/30829fa25452a46451e813d634d7f916-le64.cache-6
7f56cc002000-7f56cc003000 r--s 00000000 08:02 7865465                    /var/cache/fontconfig/0c9eb80ebd1c36541ebe2852d3bb0c49-le64.cache-6
7f56cc003000-7f56cc00e000 r--s 00000000 08:02 7865341                    /var/cache/fontconfig/83bf95040141907cd45bb53cf7c1c148-le64.cache-6
7f56cc00e000-7f56cc060000 r-xp 00000000 08:02 11010487                   /usr/lib/x86_64-linux-gnu/libgobject-2.0.so.0.4800.2
7f56cc060000-7f56cc25f000 ---p 00052000 08:02 11010487                   /usr/lib/x86_64-linux-gnu/libgobject-2.0.so.0.4800.2
7f56cc25f000-7f56cc260000 r--p 00051000 08:02 11010487                   /usr/lib/x86_64-linux-gnu/libgobject-2.0.so.0.4800.2
7f56cc260000-7f56cc261000 rw-p 00052000 08:02 11010487                   /usr/lib/x86_64-linux-gnu/libgobject-2.0.so.0.4800.2
7f56cc261000-7f56cc29e000 r-xp 00000000 08:02 11014469                   /usr/lib/x86_64-linux-gnu/libfontconfig.so.1.9.0
7f56cc29e000-7f56cc49d000 ---p 0003d000 08:02 11014469                   /usr/lib/x86_64-linux-gnu/libfontconfig.so.1.9.0
7f56cc49d000-7f56cc49f000 r--p 0003c000 08:02 11014469                   /usr/lib/x86_64-linux-gnu/libfontconfig.so.1.9.0
7f56cc49f000-7f56cc4a4000 rw-p 0003e000 08:02 11014469                   /usr/lib/x86_64-linux-gnu/libfontconfig.so.1.9.0
7f56cc4a4000-7f56cc548000 r-xp 00000000 08:02 11014475                   /usr/lib/x86_64-linux-gnu/libfreetype.so.6.12.1
7f56cc548000-7f56cc747000 ---p 000a4000 08:02 11014475                   /usr/lib/x86_64-linux-gnu/libfreetype.so.6.12.1
7f56cc747000-7f56cc74d000 r--p 000a3000 08:02 11014475                   /usr/lib/x86_64-linux-gnu/libfreetype.so.6.12.1
7f56cc74d000-7f56cc74e000 rw-p 000a9000 08:02 11014475                   /usr/lib/x86_64-linux-gnu/libfreetype.so.6.12.1
7f56cc74e000-7f56cc797000 r-xp 00000000 08:02 11019093                   /usr/lib/x86_64-linux-gnu/libpango-1.0.so.0.3800.1
7f56cc797000-7f56cc997000 ---p 00049000 08:02 11019093                   /usr/lib/x86_64-linux-gnu/libpango-1.0.so.0.3800.1
7f56cc997000-7f56cc999000 r--p 00049000 08:02 11019093                   /usr/lib/x86_64-linux-gnu/libpango-1.0.so.0.3800.1
7f56cc999000-7f56cc99a000 rw-p 0004b000 08:02 11019093                   /usr/lib/x86_64-linux-gnu/libpango-1.0.so.0.3800.1
7f56cc99a000-7f56ccaa8000 r-xp 00000000 08:02 11018322                   /usr/lib/x86_64-linux-gnu/libcairo.so.2.11400.6
7f56ccaa8000-7f56ccca8000 ---p 0010e000 08:02 11018322                   /usr/lib/x86_64-linux-gnu/libcairo.so.2.11400.6
7f56ccca8000-7f56cccab000 r--p 0010e000 08:02 11018322                   /usr/lib/x86_64-linux-gnu/libcairo.so.2.11400.6
7f56cccab000-7f56cccac000 rw-p 00111000 08:02 11018322                   /usr/lib/x86_64-linux-gnu/libcairo.so.2.11400.6
7f56cccac000-7f56cccae000 rw-p 00000000 00:00 0 
7f56cccae000-7f56cccba000 r-xp 00000000 08:02 11019095                   /usr/lib/x86_64-linux-gnu/libpangocairo-1.0.so.0.3800.1
7f56cccba000-7f56cceb9000 ---p 0000c000 08:02 11019095                   /usr/lib/x86_64-linux-gnu/libpangocairo-1.0.so.0.3800.1
7f56cceb9000-7f56cceba000 r--p 0000b000 08:02 11019095                   /usr/lib/x86_64-linux-gnu/libpangocairo-1.0.so.0.3800.1
7f56cceba000-7f56ccebb000 rw-p 0000c000 08:02 11019095                   /usr/lib/x86_64-linux-gnu/libpangocairo-1.0.so.0.3800.1
7f56ccebb000-7f56ccedc000 r-xp 00000000 08:02 11014479                   /usr/lib/x86_64-linux-gnu/libgdk_pixbuf-2.0.so.0.3200.2
7f56ccedc000-7f56cd0db000 ---p 00021000 08:02 11014479                   /usr/lib/x86_64-linux-gnu/libgdk_pixbuf-2.0.so.0.3200.2
7f56cd0db000-7f56cd0dc000 r--p 00020000 08:02 11014479                   /usr/lib/x86_64-linux-gnu/libgdk_pixbuf-2.0.so.0.3200.2
7f56cd0dc000-7f56cd0dd000 rw-p 00021000 08:02 11014479                   /usr/lib/x86_64-linux-gnu/libgdk_pixbuf-2.0.so.0.3200.2
7f56cd0dd000-7f56cd0f1000 r-xp 00000000 08:02 11019097                   /usr/lib/x86_64-linux-gnu/libpangoft2-1.0.so.0.3800.1
7f56cd0f1000-7f56cd2f1000 ---p 00014000 08:02 11019097                   /usr/lib/x86_64-linux-gnu/libpangoft2-1.0.so.0.3800.1
7f56cd2f1000-7f56cd2f2000 r--p 00014000 08:02 11019097                   /usr/lib/x86_64-linux-gnu/libpangoft2-1.0.so.0.3800.1
7f56cd2f2000-7f56cd2f3000 rw-p 00015000 08:02 11019097                   /usr/lib/x86_64-linux-gnu/libpangoft2-1.0.so.0.3800.1
7f56cd2f3000-7f56cd473000 r-xp 00000000 08:02 11010490                   /usr/lib/x86_64-linux-gnu/libgio-2.0.so.0.4800.2
7f56cd473000-7f56cd673000 ---p 00180000 08:02 11010490                   /usr/lib/x86_64-linux-gnu/libgio-2.0.so.0.4800.2
7f56cd673000-7f56cd677000 r--p 00180000 08:02 11010490                   /usr/lib/x86_64-linux-gnu/libgio-2.0.so.0.4800.2
7f56cd677000-7f56cd679000 rw-p 00184000 08:02 11010490                   /usr/lib/x86_64-linux-gnu/libgio-2.0.so.0.4800.2
7f56cd679000-7f56cd67b000 rw-p 00000000 00:00 0 
7f56cd67b000-7f56cd69d000 r-xp 00000000 08:02 11018266                   /usr/lib/x86_64-linux-gnu/libatk-1.0.so.0.21809.1
7f56cd69d000-7f56cd89c000 ---p 00022000 08:02 11018266                   /usr/lib/x86_64-linux-gnu/libatk-1.0.so.0.21809.1
7f56cd89c000-7f56cd89f000 r--p 00021000 08:02 11018266                   /usr/lib/x86_64-linux-gnu/libatk-1.0.so.0.21809.1
7f56cd89f000-7f56cd8a0000 rw-p 00024000 08:02 11018266                   /usr/lib/x86_64-linux-gnu/libatk-1.0.so.0.21809.1
7f56cd8a0000-7f56cd950000 r-xp 00000000 08:02 11018631                   /usr/lib/x86_64-linux-gnu/libgdk-x11-2.0.so.0.2400.30
7f56cd950000-7f56cdb4f000 ---p 000b0000 08:02 11018631                   /usr/lib/x86_64-linux-gnu/libgdk-x11-2.0.so.0.2400.30
7f56cdb4f000-7f56cdb53000 r--p 000af000 08:02 11018631                   /usr/lib/x86_64-linux-gnu/libgdk-x11-2.0.so.0.2400.30
7f56cdb53000-7f56cdb55000 rw-p 000b3000 08:02 11018631                   /usr/lib/x86_64-linux-gnu/libgdk-x11-2.0.so.0.2400.30
7f56cdb55000-7f56cdf93000 r-xp 00000000 08:02 11018776                   /usr/lib/x86_64-linux-gnu/libgtk-x11-2.0.so.0.2400.30
7f56cdf93000-7f56ce192000 ---p 0043e000 08:02 11018776                   /usr/lib/x86_64-linux-gnu/libgtk-x11-2.0.so.0.2400.30
7f56ce192000-7f56ce199000 r--p 0043d000 08:02 11018776                   /usr/lib/x86_64-linux-gnu/libgtk-x11-2.0.so.0.2400.30
7f56ce199000-7f56ce19d000 rw-p 00444000 08:02 11018776                   /usr/lib/x86_64-linux-gnu/libgtk-x11-2.0.so.0.2400.30
7f56ce19d000-7f56d0000000 rw-p 00000000 00:00 0 
7f56d0000000-7f56d0021000 rw-p 00000000 00:00 0 
7f56d0021000-7f56d4000000 ---p 00000000 00:00 0 
7f56d4000000-7f56d4021000 rw-p 00000000 00:00 0 
7f56d4021000-7f56d8000000 ---p 00000000 00:00 0 
7f56d8000000-7f56d8021000 rw-p 00000000 00:00 0 
7f56d8021000-7f56dc000000 ---p 00000000 00:00 0 
7f56dc000000-7f56dc003000 r--s 00000000 08:02 7865459                    /var/cache/fontconfig/75114ca45c98e8a441da0ff356701271-le64.cache-6
7f56dc003000-7f56dc010000 r--s 00000000 08:02 7866918                    /var/cache/fontconfig/e13b20fdb08344e0e664864cc2ede53d-le64.cache-6
7f56dc010000-7f56dc014000 r--s 00000000 08:02 7865400                    /var/cache/fontconfig/7ef2298fde41cc6eeb7af42e48b7d293-le64.cache-6
7f56dc014000-7f56dc016000 r--s 0000c000 08:02 2621730                    /home/alexandre/git/titanium/titanium/lib/json-20160810.jar
7f56dc016000-7f56dc018000 rw-s 00000000 08:02 4194443                    /tmp/.glOnY8r2 (deleted)
7f56dc018000-7f56dc058000 rw-s 12247c000 00:06 459                       /dev/nvidiactl
7f56dc078000-7f56dc17c000 rw-s 155be1000 00:06 459                       /dev/nvidiactl
7f56dc17c000-7f56dc188000 r-xp 00000000 08:02 2492888                    /home/alexandre/jdks/jdk1.8.0_131/jre/lib/amd64/libprism_es2.so
7f56dc188000-7f56dc387000 ---p 0000c000 08:02 2492888                    /home/alexandre/jdks/jdk1.8.0_131/jre/lib/amd64/libprism_es2.so
7f56dc387000-7f56dc388000 rw-p 0000b000 08:02 2492888                    /home/alexandre/jdks/jdk1.8.0_131/jre/lib/amd64/libprism_es2.so
7f56dc388000-7f56dc38b000 ---p 00000000 00:00 0 
7f56dc38b000-7f56dc489000 rw-p 00000000 00:00 0 
7f56dc489000-7f56dc51f000 r--s 0110d000 08:02 2492732                    /home/alexandre/jdks/jdk1.8.0_131/jre/lib/ext/jfxrt.jar
7f56dc51f000-7f56dc520000 ---p 00000000 00:00 0 
7f56dc520000-7f56dc620000 rw-p 00000000 00:00 0 
7f56dc620000-7f56dc623000 ---p 00000000 00:00 0 
7f56dc623000-7f56dc721000 rw-p 00000000 00:00 0 
7f56dc721000-7f56dc724000 ---p 00000000 00:00 0 
7f56dc724000-7f56dc822000 rw-p 00000000 00:00 0 
7f56dc822000-7f56dc825000 ---p 00000000 00:00 0 
7f56dc825000-7f56dc923000 rw-p 00000000 00:00 0 
7f56dc923000-7f56dc926000 ---p 00000000 00:00 0 
7f56dc926000-7f56dca24000 rw-p 00000000 00:00 0 
7f56dca24000-7f56dca27000 ---p 00000000 00:00 0 
7f56dca27000-7f56dcb25000 rw-p 00000000 00:00 0 
7f56dcb25000-7f56dcdfe000 r--p 00000000 08:02 11011689                   /usr/lib/locale/locale-archive
7f56dcdfe000-7f56dce01000 ---p 00000000 00:00 0 
7f56dce01000-7f56dceff000 rw-p 00000000 00:00 0 
7f56dceff000-7f56dcf02000 ---p 00000000 00:00 0 
7f56dcf02000-7f56dd000000 rw-p 00000000 00:00 0 
7f56dd000000-7f56dd790000 rwxp 00000000 00:00 0 
7f56dd790000-7f56ec000000 ---p 00000000 00:00 0 
7f56ec000000-7f56ec40e000 rw-p 00000000 00:00 0 
7f56ec40e000-7f56f0000000 ---p 00000000 00:00 0 
7f56f0000000-7f56f0006000 r--p 00000000 08:02 1585258                    /home/alexandre/.config/dconf/user
7f56f0006000-7f56f0007000 r--s 00000000 00:29 40                         /run/user/1000/dconf/user
7f56f0007000-7f56f001a000 rw-s 156343000 00:06 459                       /dev/nvidiactl
7f56f001a000-7f56f001b000 ---p 00000000 00:00 0 
7f56f001b000-7f56f10cf000 rw-p 00000000 00:00 0 
7f56f10cf000-7f56f12a8000 r--s 03d40000 08:02 2492675                    /home/alexandre/jdks/jdk1.8.0_131/jre/lib/rt.jar
7f56f12a8000-7f56f1d04000 rw-p 00000000 00:00 0 
7f56f1d04000-7f56f1d05000 ---p 00000000 00:00 0 
7f56f1d05000-7f56f1e05000 rw-p 00000000 00:00 0 
7f56f1e05000-7f56f1e06000 ---p 00000000 00:00 0 
7f56f1e06000-7f56f1f06000 rw-p 00000000 00:00 0 
7f56f1f06000-7f56f1f07000 ---p 00000000 00:00 0 
7f56f1f07000-7f56f2007000 rw-p 00000000 00:00 0 
7f56f2007000-7f56f2008000 ---p 00000000 00:00 0 
7f56f2008000-7f56f211d000 rw-p 00000000 00:00 0 
7f56f211d000-7f56f224c000 ---p 00000000 00:00 0 
7f56f224c000-7f56f2261000 rw-p 00000000 00:00 0 
7f56f2261000-7f56f2390000 ---p 00000000 00:00 0 
7f56f2390000-7f56f239b000 rw-p 00000000 00:00 0 
7f56f239b000-7f56f2432000 ---p 00000000 00:00 0 
7f56f2432000-7f56f2452000 rw-p 00000000 00:00 0 
7f56f2452000-7f56f27f3000 ---p 00000000 00:00 0 
7f56f27f3000-7f56f280d000 r-xp 00000000 08:02 2492880                    /home/alexandre/jdks/jdk1.8.0_131/jre/lib/amd64/libzip.so
7f56f280d000-7f56f2a0d000 ---p 0001a000 08:02 2492880                    /home/alexandre/jdks/jdk1.8.0_131/jre/lib/amd64/libzip.so
7f56f2a0d000-7f56f2a0e000 rw-p 0001a000 08:02 2492880                    /home/alexandre/jdks/jdk1.8.0_131/jre/lib/amd64/libzip.so
7f56f2a0e000-7f56f2a19000 r-xp 00000000 08:02 5247315                    /lib/x86_64-linux-gnu/libnss_files-2.23.so
7f56f2a19000-7f56f2c18000 ---p 0000b000 08:02 5247315                    /lib/x86_64-linux-gnu/libnss_files-2.23.so
7f56f2c18000-7f56f2c19000 r--p 0000a000 08:02 5247315                    /lib/x86_64-linux-gnu/libnss_files-2.23.so
7f56f2c19000-7f56f2c1a000 rw-p 0000b000 08:02 5247315                    /lib/x86_64-linux-gnu/libnss_files-2.23.so
7f56f2c1a000-7f56f2c20000 rw-p 00000000 00:00 0 
7f56f2c20000-7f56f2c2b000 r-xp 00000000 08:02 5247318                    /lib/x86_64-linux-gnu/libnss_nis-2.23.so
7f56f2c2b000-7f56f2e2a000 ---p 0000b000 08:02 5247318                    /lib/x86_64-linux-gnu/libnss_nis-2.23.so
7f56f2e2a000-7f56f2e2b000 r--p 0000a000 08:02 5247318                    /lib/x86_64-linux-gnu/libnss_nis-2.23.so
7f56f2e2b000-7f56f2e2c000 rw-p 0000b000 08:02 5247318                    /lib/x86_64-linux-gnu/libnss_nis-2.23.so
7f56f2e2c000-7f56f2e42000 r-xp 00000000 08:02 5247310                    /lib/x86_64-linux-gnu/libnsl-2.23.so
7f56f2e42000-7f56f3041000 ---p 00016000 08:02 5247310                    /lib/x86_64-linux-gnu/libnsl-2.23.so
7f56f3041000-7f56f3042000 r--p 00015000 08:02 5247310                    /lib/x86_64-linux-gnu/libnsl-2.23.so
7f56f3042000-7f56f3043000 rw-p 00016000 08:02 5247310                    /lib/x86_64-linux-gnu/libnsl-2.23.so
7f56f3043000-7f56f3045000 rw-p 00000000 00:00 0 
7f56f3045000-7f56f304d000 r-xp 00000000 08:02 5247324                    /lib/x86_64-linux-gnu/libnss_compat-2.23.so
7f56f304d000-7f56f324c000 ---p 00008000 08:02 5247324                    /lib/x86_64-linux-gnu/libnss_compat-2.23.so
7f56f324c000-7f56f324d000 r--p 00007000 08:02 5247324                    /lib/x86_64-linux-gnu/libnss_compat-2.23.so
7f56f324d000-7f56f324e000 rw-p 00008000 08:02 5247324                    /lib/x86_64-linux-gnu/libnss_compat-2.23.so
7f56f324e000-7f56f3279000 r-xp 00000000 08:02 2492874                    /home/alexandre/jdks/jdk1.8.0_131/jre/lib/amd64/libjava.so
7f56f3279000-7f56f3478000 ---p 0002b000 08:02 2492874                    /home/alexandre/jdks/jdk1.8.0_131/jre/lib/amd64/libjava.so
7f56f3478000-7f56f347a000 rw-p 0002a000 08:02 2492874                    /home/alexandre/jdks/jdk1.8.0_131/jre/lib/amd64/libjava.so
7f56f347a000-7f56f3487000 r-xp 00000000 08:02 2492879                    /home/alexandre/jdks/jdk1.8.0_131/jre/lib/amd64/libverify.so
7f56f3487000-7f56f3686000 ---p 0000d000 08:02 2492879                    /home/alexandre/jdks/jdk1.8.0_131/jre/lib/amd64/libverify.so
7f56f3686000-7f56f3688000 rw-p 0000c000 08:02 2492879                    /home/alexandre/jdks/jdk1.8.0_131/jre/lib/amd64/libverify.so
7f56f3688000-7f56f368f000 r-xp 00000000 08:02 5247320                    /lib/x86_64-linux-gnu/librt-2.23.so
7f56f368f000-7f56f388e000 ---p 00007000 08:02 5247320                    /lib/x86_64-linux-gnu/librt-2.23.so
7f56f388e000-7f56f388f000 r--p 00006000 08:02 5247320                    /lib/x86_64-linux-gnu/librt-2.23.so
7f56f388f000-7f56f3890000 rw-p 00007000 08:02 5247320                    /lib/x86_64-linux-gnu/librt-2.23.so
7f56f3890000-7f56f3998000 r-xp 00000000 08:02 5247330                    /lib/x86_64-linux-gnu/libm-2.23.so
7f56f3998000-7f56f3b97000 ---p 00108000 08:02 5247330                    /lib/x86_64-linux-gnu/libm-2.23.so
7f56f3b97000-7f56f3b98000 r--p 00107000 08:02 5247330                    /lib/x86_64-linux-gnu/libm-2.23.so
7f56f3b98000-7f56f3b99000 rw-p 00108000 08:02 5247330                    /lib/x86_64-linux-gnu/libm-2.23.so
7f56f3b99000-7f56f4868000 r-xp 00000000 08:02 2492857                    /home/alexandre/jdks/jdk1.8.0_131/jre/lib/amd64/server/libjvm.so
7f56f4868000-7f56f4a68000 ---p 00ccf000 08:02 2492857                    /home/alexandre/jdks/jdk1.8.0_131/jre/lib/amd64/server/libjvm.so
7f56f4a68000-7f56f4b41000 rw-p 00ccf000 08:02 2492857                    /home/alexandre/jdks/jdk1.8.0_131/jre/lib/amd64/server/libjvm.so
7f56f4b41000-7f56f4b8c000 rw-p 00000000 00:00 0 
7f56f4b8c000-7f56f4d4c000 r-xp 00000000 08:02 5247351                    /lib/x86_64-linux-gnu/libc-2.23.so
7f56f4d4c000-7f56f4f4c000 ---p 001c0000 08:02 5247351                    /lib/x86_64-linux-gnu/libc-2.23.so
7f56f4f4c000-7f56f4f50000 r--p 001c0000 08:02 5247351                    /lib/x86_64-linux-gnu/libc-2.23.so
7f56f4f50000-7f56f4f52000 rw-p 001c4000 08:02 5247351                    /lib/x86_64-linux-gnu/libc-2.23.so
7f56f4f52000-7f56f4f56000 rw-p 00000000 00:00 0 
7f56f4f56000-7f56f4f59000 r-xp 00000000 08:02 5247323                    /lib/x86_64-linux-gnu/libdl-2.23.so
7f56f4f59000-7f56f5158000 ---p 00003000 08:02 5247323                    /lib/x86_64-linux-gnu/libdl-2.23.so
7f56f5158000-7f56f5159000 r--p 00002000 08:02 5247323                    /lib/x86_64-linux-gnu/libdl-2.23.so
7f56f5159000-7f56f515a000 rw-p 00003000 08:02 5247323                    /lib/x86_64-linux-gnu/libdl-2.23.so
7f56f515a000-7f56f516f000 r-xp 00000000 08:02 2492490                    /home/alexandre/jdks/jdk1.8.0_131/lib/amd64/jli/libjli.so
7f56f516f000-7f56f536f000 ---p 00015000 08:02 2492490                    /home/alexandre/jdks/jdk1.8.0_131/lib/amd64/jli/libjli.so
7f56f536f000-7f56f5370000 rw-p 00015000 08:02 2492490                    /home/alexandre/jdks/jdk1.8.0_131/lib/amd64/jli/libjli.so
7f56f5370000-7f56f5388000 r-xp 00000000 08:02 5247317                    /lib/x86_64-linux-gnu/libpthread-2.23.so
7f56f5388000-7f56f5587000 ---p 00018000 08:02 5247317                    /lib/x86_64-linux-gnu/libpthread-2.23.so
7f56f5587000-7f56f5588000 r--p 00017000 08:02 5247317                    /lib/x86_64-linux-gnu/libpthread-2.23.so
7f56f5588000-7f56f5589000 rw-p 00018000 08:02 5247317                    /lib/x86_64-linux-gnu/libpthread-2.23.so
7f56f5589000-7f56f558d000 rw-p 00000000 00:00 0 
7f56f558d000-7f56f55b3000 r-xp 00000000 08:02 5247312                    /lib/x86_64-linux-gnu/ld-2.23.so
7f56f55b3000-7f56f55b4000 rw-s 156342000 00:06 459                       /dev/nvidiactl
7f56f55b4000-7f56f55b8000 rw-s 123e84000 00:06 459                       /dev/nvidiactl
7f56f55b8000-7f56f55b9000 rw-s afee4000 00:06 460                        /dev/nvidia0
7f56f55b9000-7f56f55ba000 rw-s afee4000 00:06 460                        /dev/nvidia0
7f56f55ba000-7f56f568c000 rw-p 00000000 00:00 0 
7f56f568c000-7f56f568f000 ---p 00000000 00:00 0 
7f56f568f000-7f56f5791000 rw-p 00000000 00:00 0 
7f56f5791000-7f56f5792000 rw-s 123f59000 00:06 459                       /dev/nvidiactl
7f56f5792000-7f56f5793000 rw-s b3060000 00:06 460                        /dev/nvidia0
7f56f5793000-7f56f57a6000 rw-p 00000000 00:00 0 
7f56f57a6000-7f56f57ae000 rw-s 00000000 08:02 5116017                    /tmp/hsperfdata_alexandre/8584
7f56f57ae000-7f56f57af000 rw-p 00000000 00:00 0 
7f56f57af000-7f56f57b0000 r--p 00000000 00:00 0 
7f56f57b0000-7f56f57b2000 rw-p 00000000 00:00 0 
7f56f57b2000-7f56f57b3000 r--p 00025000 08:02 5247312                    /lib/x86_64-linux-gnu/ld-2.23.so
7f56f57b3000-7f56f57b4000 rw-p 00026000 08:02 5247312                    /lib/x86_64-linux-gnu/ld-2.23.so
7f56f57b4000-7f56f57b5000 rw-p 00000000 00:00 0 
7fff2c4ba000-7fff2c4dc000 rw-p 00000000 00:00 0                          [stack]
7fff2c548000-7fff2c54a000 r--p 00000000 00:00 0                          [vvar]
7fff2c54a000-7fff2c54c000 r-xp 00000000 00:00 0                          [vdso]
ffffffffff600000-ffffffffff601000 r-xp 00000000 00:00 0                  [vsyscall]

VM Arguments:
jvm_args: -Dfile.encoding=UTF-8 
java_command: screach.titanium.App
java_class_path (initial): /home/alexandre/git/titanium/titanium/target/classes:/home/alexandre/git/titanium/titanium/lib/json-20160810.jar
Launcher Type: SUN_STANDARD

Environment Variables:
JAVA_HOME=/usr/lib/jvm/java-8-oracle
PATH=/usr/local/sbin:/usr/local/bin:/usr/sbin:/usr/bin:/sbin:/bin:/usr/games:/usr/local/games:/snap/bin:/usr/lib/jvm/java-8-oracle/bin:/usr/lib/jvm/java-8-oracle/db/bin:/usr/lib/jvm/java-8-oracle/jre/bin
SHELL=/bin/bash
DISPLAY=:0

Signal Handlers:
SIGSEGV: [libjvm.so+0xac8af0], sa_mask[0]=11111111011111111101111111111110, sa_flags=SA_RESTART|SA_SIGINFO
SIGBUS: [libjvm.so+0xac8af0], sa_mask[0]=11111111011111111101111111111110, sa_flags=SA_RESTART|SA_SIGINFO
SIGFPE: [libjvm.so+0x921dd0], sa_mask[0]=11111111011111111101111111111110, sa_flags=SA_RESTART|SA_SIGINFO
SIGPIPE: SIG_IGN, sa_mask[0]=00000000000010000000000000000000, sa_flags=SA_RESTART
SIGXFSZ: [libjvm.so+0x921dd0], sa_mask[0]=11111111011111111101111111111110, sa_flags=SA_RESTART|SA_SIGINFO
SIGILL: [libjvm.so+0x921dd0], sa_mask[0]=11111111011111111101111111111110, sa_flags=SA_RESTART|SA_SIGINFO
SIGUSR1: SIG_DFL, sa_mask[0]=00000000000000000000000000000000, sa_flags=none
SIGUSR2: [libjvm.so+0x923610], sa_mask[0]=00100000000000000000000000000000, sa_flags=SA_RESTART|SA_SIGINFO
SIGHUP: [libjvm.so+0x924a10], sa_mask[0]=11111111011111111101111111111110, sa_flags=SA_RESTART|SA_SIGINFO
SIGINT: [libjvm.so+0x924a10], sa_mask[0]=11111111011111111101111111111110, sa_flags=SA_RESTART|SA_SIGINFO
SIGTERM: [libjvm.so+0x924a10], sa_mask[0]=11111111011111111101111111111110, sa_flags=SA_RESTART|SA_SIGINFO
SIGQUIT: [libjvm.so+0x924a10], sa_mask[0]=11111111011111111101111111111110, sa_flags=SA_RESTART|SA_SIGINFO


---------------  S Y S T E M  ---------------

OS:DISTRIB_ID=Ubuntu
DISTRIB_RELEASE=16.04
DISTRIB_CODENAME=xenial
DISTRIB_DESCRIPTION="Ubuntu 16.04.2 LTS"

uname:Linux 4.4.0-92-generic #115-Ubuntu SMP Thu Aug 10 09:04:33 UTC 2017 x86_64
libc:glibc 2.23 NPTL 2.23 
rlimit: STACK 8192k, CORE 0k, NPROC 15073, NOFILE 65536, AS infinity
load average:0,25 0,18 0,18

/proc/meminfo:
MemTotal:        3974652 kB
MemFree:          124368 kB
MemAvailable:      84392 kB
Buffers:            4260 kB
Cached:           179396 kB
SwapCached:        18592 kB
Active:          2836152 kB
Inactive:         713956 kB
Active(anon):    2772444 kB
Inactive(anon):   655148 kB
Active(file):      63708 kB
Inactive(file):    58808 kB
Unevictable:         104 kB
Mlocked:             104 kB
SwapTotal:       4121596 kB
SwapFree:        1959320 kB
Dirty:               116 kB
Writeback:             0 kB
AnonPages:       3342596 kB
Mapped:           219916 kB
Shmem:             60696 kB
Slab:              87576 kB
SReclaimable:      42500 kB
SUnreclaim:        45076 kB
KernelStack:       14672 kB
PageTables:        54916 kB
NFS_Unstable:          0 kB
Bounce:                0 kB
WritebackTmp:          0 kB
CommitLimit:     6108920 kB
Committed_AS:   10640124 kB
VmallocTotal:   34359738367 kB
VmallocUsed:           0 kB
VmallocChunk:          0 kB
HardwareCorrupted:     0 kB
AnonHugePages:   1337344 kB
CmaTotal:              0 kB
CmaFree:               0 kB
HugePages_Total:       0
HugePages_Free:        0
HugePages_Rsvd:        0
HugePages_Surp:        0
Hugepagesize:       2048 kB
DirectMap4k:      383616 kB
DirectMap2M:     2691072 kB
DirectMap1G:     2097152 kB


CPU:total 4 (initial active 4) (2 cores per cpu, 2 threads per core) family 6 model 69 stepping 1, cmov, cx8, fxsr, mmx, sse, sse2, sse3, ssse3, sse4.1, sse4.2, popcnt, avx, avx2, aes, clmul, erms, lzcnt, ht, tsc, tscinvbit, bmi1, bmi2

/proc/cpuinfo:
processor	: 0
vendor_id	: GenuineIntel
cpu family	: 6
model		: 69
model name	: Intel(R) Core(TM) i3-4030U CPU @ 1.90GHz
stepping	: 1
microcode	: 0x1d
cpu MHz		: 1899.925
cache size	: 3072 KB
physical id	: 0
siblings	: 4
core id		: 0
cpu cores	: 2
apicid		: 0
initial apicid	: 0
fpu		: yes
fpu_exception	: yes
cpuid level	: 13
wp		: yes
flags		: fpu vme de pse tsc msr pae mce cx8 apic sep mtrr pge mca cmov pat pse36 clflush dts acpi mmx fxsr sse sse2 ss ht tm pbe syscall nx pdpe1gb rdtscp lm constant_tsc arch_perfmon pebs bts rep_good nopl xtopology nonstop_tsc aperfmperf eagerfpu pni pclmulqdq dtes64 monitor ds_cpl vmx est tm2 ssse3 sdbg fma cx16 xtpr pdcm pcid sse4_1 sse4_2 x2apic movbe popcnt tsc_deadline_timer aes xsave avx f16c rdrand lahf_lm abm epb tpr_shadow vnmi flexpriority ept vpid fsgsbase tsc_adjust bmi1 avx2 smep bmi2 erms invpcid xsaveopt dtherm ida arat pln pts
bugs		:
bogomips	: 3791.17
clflush size	: 64
cache_alignment	: 64
address sizes	: 39 bits physical, 48 bits virtual
power management:

processor	: 1
vendor_id	: GenuineIntel
cpu family	: 6
model		: 69
model name	: Intel(R) Core(TM) i3-4030U CPU @ 1.90GHz
stepping	: 1
microcode	: 0x1d
cpu MHz		: 1900.000
cache size	: 3072 KB
physical id	: 0
siblings	: 4
core id		: 0
cpu cores	: 2
apicid		: 1
initial apicid	: 1
fpu		: yes
fpu_exception	: yes
cpuid level	: 13
wp		: yes
flags		: fpu vme de pse tsc msr pae mce cx8 apic sep mtrr pge mca cmov pat pse36 clflush dts acpi mmx fxsr sse sse2 ss ht tm pbe syscall nx pdpe1gb rdtscp lm constant_tsc arch_perfmon pebs bts rep_good nopl xtopology nonstop_tsc aperfmperf eagerfpu pni pclmulqdq dtes64 monitor ds_cpl vmx est tm2 ssse3 sdbg fma cx16 xtpr pdcm pcid sse4_1 sse4_2 x2apic movbe popcnt tsc_deadline_timer aes xsave avx f16c rdrand lahf_lm abm epb tpr_shadow vnmi flexpriority ept vpid fsgsbase tsc_adjust bmi1 avx2 smep bmi2 erms invpcid xsaveopt dtherm ida arat pln pts
bugs		:
bogomips	: 3791.17
clflush size	: 64
cache_alignment	: 64
address sizes	: 39 bits physical, 48 bits virtual
power management:

processor	: 2
vendor_id	: GenuineIntel
cpu family	: 6
model		: 69
model name	: Intel(R) Core(TM) i3-4030U CPU @ 1.90GHz
stepping	: 1
microcode	: 0x1d
cpu MHz		: 1900.000
cache size	: 3072 KB
physical id	: 0
siblings	: 4
core id		: 1
cpu cores	: 2
apicid		: 2
initial apicid	: 2
fpu		: yes
fpu_exception	: yes
cpuid level	: 13
wp		: yes
flags		: fpu vme de pse tsc msr pae mce cx8 apic sep mtrr pge mca cmov pat pse36 clflush dts acpi mmx fxsr sse sse2 ss ht tm pbe syscall nx pdpe1gb rdtscp lm constant_tsc arch_perfmon pebs bts rep_good nopl xtopology nonstop_tsc aperfmperf eagerfpu pni pclmulqdq dtes64 monitor ds_cpl vmx est tm2 ssse3 sdbg fma cx16 xtpr pdcm pcid sse4_1 sse4_2 x2apic movbe popcnt tsc_deadline_timer aes xsave avx f16c rdrand lahf_lm abm epb tpr_shadow vnmi flexpriority ept vpid fsgsbase tsc_adjust bmi1 avx2 smep bmi2 erms invpcid xsaveopt dtherm ida arat pln pts
bugs		:
bogomips	: 3791.17
clflush size	: 64
cache_alignment	: 64
address sizes	: 39 bits physical, 48 bits virtual
power management:

processor	: 3
vendor_id	: GenuineIntel
cpu family	: 6
model		: 69
model name	: Intel(R) Core(TM) i3-4030U CPU @ 1.90GHz
stepping	: 1
microcode	: 0x1d
cpu MHz		: 1900.000
cache size	: 3072 KB
physical id	: 0
siblings	: 4
core id		: 1
cpu cores	: 2
apicid		: 3
initial apicid	: 3
fpu		: yes
fpu_exception	: yes
cpuid level	: 13
wp		: yes
flags		: fpu vme de pse tsc msr pae mce cx8 apic sep mtrr pge mca cmov pat pse36 clflush dts acpi mmx fxsr sse sse2 ss ht tm pbe syscall nx pdpe1gb rdtscp lm constant_tsc arch_perfmon pebs bts rep_good nopl xtopology nonstop_tsc aperfmperf eagerfpu pni pclmulqdq dtes64 monitor ds_cpl vmx est tm2 ssse3 sdbg fma cx16 xtpr pdcm pcid sse4_1 sse4_2 x2apic movbe popcnt tsc_deadline_timer aes xsave avx f16c rdrand lahf_lm abm epb tpr_shadow vnmi flexpriority ept vpid fsgsbase tsc_adjust bmi1 avx2 smep bmi2 erms invpcid xsaveopt dtherm ida arat pln pts
bugs		:
bogomips	: 3791.17
clflush size	: 64
cache_alignment	: 64
address sizes	: 39 bits physical, 48 bits virtual
power management:



Memory: 4k page, physical 3974652k(124368k free), swap 4121596k(1959320k free)

vm_info: Java HotSpot(TM) 64-Bit Server VM (25.131-b11) for linux-amd64 JRE (1.8.0_131-b11), built on Mar 15 2017 01:23:40 by "java_re" with gcc 4.3.0 20080428 (Red Hat 4.3.0-8)

time: Sat Aug 26 00:49:42 2017
elapsed time: 11 seconds (0d 0h 0m 11s)

