#
# A fatal error has been detected by the Java Runtime Environment:
#
#  SIGSEGV (0xb) at pc=0x00007fa6aaa86848, pid=2457, tid=0x00007fa64a4aa700
#
# JRE version: Java(TM) SE Runtime Environment (8.0_131-b11) (build 1.8.0_131-b11)
# Java VM: Java HotSpot(TM) 64-Bit Server VM (25.131-b11 mixed mode linux-amd64 compressed oops)
# Problematic frame:
# V  [libjvm.so+0x6d3848]  jni_invoke_nonstatic(JNIEnv_*, JavaValue*, _jobject*, JNICallType, _jmethodID*, JNI_ArgumentPusher*, Thread*)+0x38
#
# Failed to write core dump. Core dumps have been disabled. To enable core dumping, try "ulimit -c unlimited" before starting Java again
#
# If you would like to submit a bug report, please visit:
#   http://bugreport.java.com/bugreport/crash.jsp
#

---------------  T H R E A D  ---------------

Current thread (0x00007fa6a4293800):  JavaThread "JavaFX Application Thread" [_thread_in_vm, id=2481, stack(0x00007fa64a3aa000,0x00007fa64a4ab000)]

siginfo: si_signo: 11 (SIGSEGV), si_code: 128 (SI_KERNEL), si_addr: 0x0000000000000000

Registers:
RAX=0x00007fa64a4a6950, RBX=0x00007fa64a4a6860, RCX=0x0000000000000001, RDX=0x2e382e316b646a2f
RSP=0x00007fa64a4a66b0, RBP=0x00007fa64a4a6830, RSI=0x00007fa64a4a68c0, RDI=0x00007fa6a42939f8
R8 =0x00007fa6a41ddf88, R9 =0x00007fa64a4a6860, R10=0x00007fa638002560, R11=0x00007fa6955b0300
R12=0x00007fa6a4293800, R13=0x00007fa6a41ddf88, R14=0x0000000000000001, R15=0x00007fa6a42939f8
RIP=0x00007fa6aaa86848, EFLAGS=0x0000000000010202, CSGSFS=0x0000000000000033, ERR=0x0000000000000000
  TRAPNO=0x000000000000000d

Top of Stack: (sp=0x00007fa64a4a66b0)
0x00007fa64a4a66b0:   00007fa64a4a6d78 00007fa64a4a69d0
0x00007fa64a4a66c0:   00007fa64a4a6710 00007fa64a4a6790
0x00007fa64a4a66d0:   00007fa64a4a6860 00007fa64a4a68c0
0x00007fa64a4a66e0:   00007fa6a42939f8 00007fa6aaaa6350
0x00007fa64a4a66f0:   00007fa66c044630 00007fa66c0446b0
0x00007fa64a4a6700:   00007fa66c044a18 00000000000003d8
0x00007fa64a4a6710:   0000000000000000 00000000ec4a5a48
0x00007fa64a4a6720:   00007fa60000006f 00007fa60000000a
0x00007fa64a4a6730:   00000000ec7237e8 0000000000000000
0x00007fa64a4a6740:   0000000000000000 0000000000000000
0x00007fa64a4a6750:   00007fa694ce6830 0000000100000100
0x00007fa64a4a6760:   0000000000000000 00007fa64a4a6718
0x00007fa64a4a6770:   00007fa64a4a6759 0000000800000005
0x00007fa64a4a6780:   0000000000000000 00007fa6a42931d0
0x00007fa64a4a6790:   00007fa6ab314790 00007fa6abe29720
0x00007fa64a4a67a0:   00000000a4293060 00007fa6a4293800
0x00007fa64a4a67b0:   0000000000000000 00007fa6aaa86c1b
0x00007fa64a4a67c0:   00007fa694cf08e0 00007fa6a4293800
0x00007fa64a4a67d0:   00007fa694cf08e0 00007fa6a4293800
0x00007fa64a4a67e0:   00007fa64a4a6970 00007fa694cf08e0
0x00007fa64a4a67f0:   00007fa694cf08e0 00007fa694cf08e0
0x00007fa64a4a6800:   00007fa66c044630 00007fa64a4a6860
0x00007fa64a4a6810:   00007fa6a4293800 00007fa64a4a68a0
0x00007fa64a4a6820:   00007fa6a41ddf88 00007fa6a42939f8
0x00007fa64a4a6830:   00007fa64a4a6920 00007fa6aaa8afef
0x00007fa64a4a6840:   00007fa6a4293800 00007fa68c23c054
0x00007fa64a4a6850:   00007fa64a4a6938 2e382e316b646a2f
0x00007fa64a4a6860:   00007fa6ab3153f0 00007fa6abe29720
0x00007fa64a4a6870:   000000004a4a68e0 8692bd6200000063
0x00007fa64a4a6880:   0000000000000000 0000003000000018
0x00007fa64a4a6890:   00007fa64a4a6a10 00007fa64a4a6950
0x00007fa64a4a68a0:   00007fa6a4293800 0000000000000000 

Instructions: (pc=0x00007fa6aaa86848)
0x00007fa6aaa86828:   00 00 48 85 d2 48 89 bd b0 fe ff ff 48 89 b5 a8
0x00007fa6aaa86838:   fe ff ff 4c 89 8d a0 fe ff ff 0f 84 78 09 00 00
0x00007fa6aaa86848:   4c 8b 22 4d 85 e4 0f 84 6c 09 00 00 48 8b 45 10
0x00007fa6aaa86858:   48 8b 98 38 01 00 00 48 83 7b 18 f7 0f 87 16 07 

Register to memory mapping:

RAX=0x00007fa64a4a6950 is pointing into the stack for thread: 0x00007fa6a4293800
RBX=0x00007fa64a4a6860 is pointing into the stack for thread: 0x00007fa6a4293800
RCX=0x0000000000000001 is an unknown value
RDX=0x2e382e316b646a2f is an unknown value
RSP=0x00007fa64a4a66b0 is pointing into the stack for thread: 0x00007fa6a4293800
RBP=0x00007fa64a4a6830 is pointing into the stack for thread: 0x00007fa6a4293800
RSI=0x00007fa64a4a68c0 is pointing into the stack for thread: 0x00007fa6a4293800
RDI=0x00007fa6a42939f8 is an unknown value
R8 =0x00007fa6a41ddf88 is an unknown value
R9 =0x00007fa64a4a6860 is pointing into the stack for thread: 0x00007fa6a4293800
R10=0x00007fa638002560 is an unknown value
R11=0x00007fa6955b0300 is at entry_point+32 in (nmethod*)0x00007fa6955b0190
R12=0x00007fa6a4293800 is a thread
R13=0x00007fa6a41ddf88 is an unknown value
R14=0x0000000000000001 is an unknown value
R15=0x00007fa6a42939f8 is an unknown value


Stack: [0x00007fa64a3aa000,0x00007fa64a4ab000],  sp=0x00007fa64a4a66b0,  free space=1009k
Native frames: (J=compiled Java code, j=interpreted, Vv=VM code, C=native code)
V  [libjvm.so+0x6d3848]  jni_invoke_nonstatic(JNIEnv_*, JavaValue*, _jobject*, JNICallType, _jmethodID*, JNI_ArgumentPusher*, Thread*)+0x38
V  [libjvm.so+0x6d7fef]  jni_CallVoidMethodV+0x10f
C  [libglass.so+0x18221]  JNIEnv_::CallVoidMethod(_jobject*, _jmethodID*, ...)+0x81
C  [libglass.so+0x1dbcf]  WindowContextBase::process_key(_GdkEventKey*)+0x20f
C  [libglass.so+0x1c0a0]  WindowContextBase::im_filter_keypress(_GdkEventKey*)+0x1c0
C  [libglass.so+0x21d3c]  process_events(_GdkEvent*, void*)+0x22c
C  [libgdk-x11-2.0.so.0+0x5ac4c]

Java frames: (J=compiled Java code, j=interpreted, Vv=VM code)
j  com.sun.glass.ui.gtk.GtkApplication.enterNestedEventLoopImpl()V+0
j  com.sun.glass.ui.gtk.GtkApplication._enterNestedEventLoop()Ljava/lang/Object;+15
j  com.sun.glass.ui.Application.enterNestedEventLoop()Ljava/lang/Object;+14
j  com.sun.glass.ui.EventLoop.enter()Ljava/lang/Object;+42
j  com.sun.javafx.tk.quantum.QuantumToolkit.enterNestedEventLoop(Ljava/lang/Object;)Ljava/lang/Object;+107
j  javafx.stage.Stage.showAndWait()V+93
j  javafx.scene.control.HeavyweightDialog.showAndWait()V+22
j  javafx.scene.control.Dialog.showAndWait()Ljava/util/Optional;+88
j  screach.titanium.gui.org.OrganizationManagerStage.newAction(Ljavafx/event/Event;)V+30
j  screach.titanium.gui.org.OrganizationManagerStage$$Lambda$277.handle(Ljavafx/event/Event;)V+11
j  com.sun.javafx.event.CompositeEventHandler.dispatchBubblingEvent(Ljavafx/event/Event;)V+51
J 1432 C1 com.sun.javafx.event.EventHandlerManager.dispatchBubblingEvent(Ljavafx/event/Event;)Ljavafx/event/Event; (23 bytes) @ 0x00007fa69548d424 [0x00007fa69548cd80+0x6a4]
J 1431 C1 com.sun.javafx.event.CompositeEventDispatcher.dispatchBubblingEvent(Ljavafx/event/Event;)Ljavafx/event/Event; (35 bytes) @ 0x00007fa69548c6dc [0x00007fa69548c520+0x1bc]
J 1386 C1 com.sun.javafx.event.BasicEventDispatcher.dispatchEvent(Ljavafx/event/Event;Ljavafx/event/EventDispatchChain;)Ljavafx/event/Event; (44 bytes) @ 0x00007fa695472d3c [0x00007fa695472a00+0x33c]
J 1403 C1 com.sun.javafx.event.EventDispatchChainImpl.dispatchEvent(Ljavafx/event/Event;)Ljavafx/event/Event; (101 bytes) @ 0x00007fa695483e84 [0x00007fa695483ce0+0x1a4]
J 1386 C1 com.sun.javafx.event.BasicEventDispatcher.dispatchEvent(Ljavafx/event/Event;Ljavafx/event/EventDispatchChain;)Ljavafx/event/Event; (44 bytes) @ 0x00007fa695472c54 [0x00007fa695472a00+0x254]
J 1403 C1 com.sun.javafx.event.EventDispatchChainImpl.dispatchEvent(Ljavafx/event/Event;)Ljavafx/event/Event; (101 bytes) @ 0x00007fa695483e84 [0x00007fa695483ce0+0x1a4]
J 1386 C1 com.sun.javafx.event.BasicEventDispatcher.dispatchEvent(Ljavafx/event/Event;Ljavafx/event/EventDispatchChain;)Ljavafx/event/Event; (44 bytes) @ 0x00007fa695472c54 [0x00007fa695472a00+0x254]
J 1403 C1 com.sun.javafx.event.EventDispatchChainImpl.dispatchEvent(Ljavafx/event/Event;)Ljavafx/event/Event; (101 bytes) @ 0x00007fa695483e84 [0x00007fa695483ce0+0x1a4]
J 1884 C1 com.sun.javafx.event.EventUtil.fireEvent(Ljavafx/event/EventTarget;Ljavafx/event/Event;)Ljavafx/event/Event; (81 bytes) @ 0x00007fa6955b3b24 [0x00007fa6955b2f40+0xbe4]
J 1883 C1 javafx.event.Event.fireEvent(Ljavafx/event/EventTarget;Ljavafx/event/Event;)V (35 bytes) @ 0x00007fa6955b28ec [0x00007fa6955b2820+0xcc]
j  javafx.scene.Node.fireEvent(Ljavafx/event/Event;)V+86
j  javafx.scene.control.Button.fire()V+15
j  com.sun.javafx.scene.control.behavior.ButtonBehavior.mouseReleased(Ljavafx/scene/input/MouseEvent;)V+23
j  com.sun.javafx.scene.control.skin.BehaviorSkinBase$1.handle(Ljavafx/scene/input/MouseEvent;)V+83
j  com.sun.javafx.scene.control.skin.BehaviorSkinBase$1.handle(Ljavafx/event/Event;)V+5
j  com.sun.javafx.event.CompositeEventHandler$NormalEventHandlerRecord.handleBubblingEvent(Ljavafx/event/Event;)V+5
j  com.sun.javafx.event.CompositeEventHandler.dispatchBubblingEvent(Ljavafx/event/Event;)V+28
J 1432 C1 com.sun.javafx.event.EventHandlerManager.dispatchBubblingEvent(Ljavafx/event/Event;)Ljavafx/event/Event; (23 bytes) @ 0x00007fa69548d424 [0x00007fa69548cd80+0x6a4]
J 1431 C1 com.sun.javafx.event.CompositeEventDispatcher.dispatchBubblingEvent(Ljavafx/event/Event;)Ljavafx/event/Event; (35 bytes) @ 0x00007fa69548c6dc [0x00007fa69548c520+0x1bc]
J 1386 C1 com.sun.javafx.event.BasicEventDispatcher.dispatchEvent(Ljavafx/event/Event;Ljavafx/event/EventDispatchChain;)Ljavafx/event/Event; (44 bytes) @ 0x00007fa695472d3c [0x00007fa695472a00+0x33c]
J 1403 C1 com.sun.javafx.event.EventDispatchChainImpl.dispatchEvent(Ljavafx/event/Event;)Ljavafx/event/Event; (101 bytes) @ 0x00007fa695483e84 [0x00007fa695483ce0+0x1a4]
J 1386 C1 com.sun.javafx.event.BasicEventDispatcher.dispatchEvent(Ljavafx/event/Event;Ljavafx/event/EventDispatchChain;)Ljavafx/event/Event; (44 bytes) @ 0x00007fa695472c54 [0x00007fa695472a00+0x254]
J 1403 C1 com.sun.javafx.event.EventDispatchChainImpl.dispatchEvent(Ljavafx/event/Event;)Ljavafx/event/Event; (101 bytes) @ 0x00007fa695483e84 [0x00007fa695483ce0+0x1a4]
J 1386 C1 com.sun.javafx.event.BasicEventDispatcher.dispatchEvent(Ljavafx/event/Event;Ljavafx/event/EventDispatchChain;)Ljavafx/event/Event; (44 bytes) @ 0x00007fa695472c54 [0x00007fa695472a00+0x254]
J 1403 C1 com.sun.javafx.event.EventDispatchChainImpl.dispatchEvent(Ljavafx/event/Event;)Ljavafx/event/Event; (101 bytes) @ 0x00007fa695483e84 [0x00007fa695483ce0+0x1a4]
J 1884 C1 com.sun.javafx.event.EventUtil.fireEvent(Ljavafx/event/EventTarget;Ljavafx/event/Event;)Ljavafx/event/Event; (81 bytes) @ 0x00007fa6955b3674 [0x00007fa6955b2f40+0x734]
J 1883 C1 javafx.event.Event.fireEvent(Ljavafx/event/EventTarget;Ljavafx/event/Event;)V (35 bytes) @ 0x00007fa6955b28ec [0x00007fa6955b2820+0xcc]
j  javafx.scene.Scene$MouseHandler.process(Ljavafx/scene/input/MouseEvent;Z)V+491
j  javafx.scene.Scene$MouseHandler.access$1500(Ljavafx/scene/Scene$MouseHandler;Ljavafx/scene/input/MouseEvent;Z)V+3
j  javafx.scene.Scene.impl_processMouseEvent(Ljavafx/scene/input/MouseEvent;)V+6
j  javafx.scene.Scene$ScenePeerListener.mouseEvent(Ljavafx/event/EventType;DDDDLjavafx/scene/input/MouseButton;ZZZZZZZZZ)V+46
j  com.sun.javafx.tk.quantum.GlassViewEventHandler$MouseEventNotification.run()Ljava/lang/Void;+514
j  com.sun.javafx.tk.quantum.GlassViewEventHandler$MouseEventNotification.run()Ljava/lang/Object;+1
v  ~StubRoutines::call_stub
J 1603  java.security.AccessController.doPrivileged(Ljava/security/PrivilegedAction;Ljava/security/AccessControlContext;)Ljava/lang/Object; (0 bytes) @ 0x00007fa6954e7063 [0x00007fa6954e7000+0x63]
j  com.sun.javafx.tk.quantum.GlassViewEventHandler.lambda$handleMouseEvent$354()Ljava/lang/Void;+11
j  com.sun.javafx.tk.quantum.GlassViewEventHandler$$Lambda$237.get()Ljava/lang/Object;+4
j  com.sun.javafx.tk.quantum.QuantumToolkit.runWithoutRenderLock(Ljava/util/function/Supplier;)Ljava/lang/Object;+18
j  com.sun.javafx.tk.quantum.GlassViewEventHandler.handleMouseEvent(Lcom/sun/glass/ui/View;JIIIIIIIZZ)V+103
j  com.sun.glass.ui.View.handleMouseEvent(JIIIIIIIZZ)V+30
j  com.sun.glass.ui.View.notifyMouse(IIIIIIIZZ)V+181
v  ~StubRoutines::call_stub
j  com.sun.glass.ui.gtk.GtkApplication._runLoop(Ljava/lang/Runnable;Z)V+0
j  com.sun.glass.ui.gtk.GtkApplication.lambda$null$49(Ljava/lang/Runnable;Z)V+7
j  com.sun.glass.ui.gtk.GtkApplication$$Lambda$41.run()V+12
j  java.lang.Thread.run()V+11
v  ~StubRoutines::call_stub

---------------  P R O C E S S  ---------------

Java Threads: ( => current thread )
  0x00007fa638317800 JavaThread "Prism Font Disposer" daemon [_thread_blocked, id=2484, stack(0x00007fa648a26000,0x00007fa648b27000)]
  0x00007fa6a4297800 JavaThread "JavaFX-Launcher" [_thread_blocked, id=2482, stack(0x00007fa64a2a9000,0x00007fa64a3aa000)]
=>0x00007fa6a4293800 JavaThread "JavaFX Application Thread" [_thread_in_vm, id=2481, stack(0x00007fa64a3aa000,0x00007fa64a4ab000)]
  0x00007fa6a4260800 JavaThread "Thread-1" daemon [_thread_blocked, id=2480, stack(0x00007fa64a4ab000,0x00007fa64a5ac000)]
  0x00007fa6a41cf000 JavaThread "QuantumRenderer-0" daemon [_thread_blocked, id=2476, stack(0x00007fa68ccb5000,0x00007fa68cdb6000)]
  0x00007fa6a40d3000 JavaThread "Service Thread" daemon [_thread_blocked, id=2474, stack(0x00007fa68ceb7000,0x00007fa68cfb8000)]
  0x00007fa6a40be000 JavaThread "C1 CompilerThread2" daemon [_thread_blocked, id=2473, stack(0x00007fa68cfb8000,0x00007fa68d0b9000)]
  0x00007fa6a40bc800 JavaThread "C2 CompilerThread1" daemon [_thread_blocked, id=2472, stack(0x00007fa68d0b9000,0x00007fa68d1ba000)]
  0x00007fa6a40b9800 JavaThread "C2 CompilerThread0" daemon [_thread_blocked, id=2471, stack(0x00007fa68d1ba000,0x00007fa68d2bb000)]
  0x00007fa6a40b5800 JavaThread "Signal Dispatcher" daemon [_thread_blocked, id=2470, stack(0x00007fa68d2bb000,0x00007fa68d3bc000)]
  0x00007fa6a4084000 JavaThread "Finalizer" daemon [_thread_blocked, id=2469, stack(0x00007fa68d695000,0x00007fa68d796000)]
  0x00007fa6a407f800 JavaThread "Reference Handler" daemon [_thread_blocked, id=2468, stack(0x00007fa68d796000,0x00007fa68d897000)]
  0x00007fa6a4009800 JavaThread "main" [_thread_blocked, id=2462, stack(0x00007fa6abea6000,0x00007fa6abfa7000)]

Other Threads:
  0x00007fa6a4077800 VMThread [stack: 0x00007fa68d897000,0x00007fa68d998000] [id=2467]
  0x00007fa6a40d6800 WatcherThread [stack: 0x00007fa68cdb6000,0x00007fa68ceb7000] [id=2475]

VM state:not at safepoint (normal execution)

VM Mutex/Monitor currently owned by a thread: None

Heap:
 PSYoungGen      total 18432K, used 14205K [0x00000000ebc00000, 0x00000000ee000000, 0x0000000100000000)
  eden space 15872K, 73% used [0x00000000ebc00000,0x00000000ec763480,0x00000000ecb80000)
  from space 2560K, 99% used [0x00000000ece00000,0x00000000ed07c050,0x00000000ed080000)
  to   space 2560K, 0% used [0x00000000ecb80000,0x00000000ecb80000,0x00000000ece00000)
 ParOldGen       total 42496K, used 2307K [0x00000000c3400000, 0x00000000c5d80000, 0x00000000ebc00000)
  object space 42496K, 5% used [0x00000000c3400000,0x00000000c3640cc8,0x00000000c5d80000)
 Metaspace       used 19261K, capacity 20790K, committed 20992K, reserved 1067008K
  class space    used 2940K, capacity 3207K, committed 3328K, reserved 1048576K

Card table byte_map: [0x00007fa6a8a66000,0x00007fa6a8c4d000] byte_map_base: 0x00007fa6a844c000

Marking Bits: (ParMarkBitMap*) 0x00007fa6ab378f60
 Begin Bits: [0x00007fa68e1a0000, 0x00007fa68f0d0000)
 End Bits:   [0x00007fa68f0d0000, 0x00007fa690000000)

Polling page: 0x00007fa6abfc9000

CodeCache: size=245760Kb used=7017Kb max_used=7017Kb free=238742Kb
 bounds [0x00007fa695000000, 0x00007fa6956e0000, 0x00007fa6a4000000]
 total_blobs=2961 nmethods=2285 adapters=589
 compilation: enabled

Compilation events (10 events):
Event: 14,149 Thread 0x00007fa6a40be000 nmethod 2281 0x00007fa6956c9290 code [0x00007fa6956c93e0, 0x00007fa6956c9530]
Event: 14,149 Thread 0x00007fa6a40be000 2276       3       javafx.scene.layout.Region::maxWidth (52 bytes)
Event: 14,150 Thread 0x00007fa6a40be000 nmethod 2276 0x00007fa6956da590 code [0x00007fa6956da780, 0x00007fa6956db008]
Event: 14,470 Thread 0x00007fa6a40be000 2282       3       com.sun.javafx.tk.quantum.GlassScene::getAccessControlContext (22 bytes)
Event: 14,471 Thread 0x00007fa6a40be000 nmethod 2282 0x00007fa6956c8dd0 code [0x00007fa6956c8f40, 0x00007fa6956c9188]
Event: 14,471 Thread 0x00007fa6a40be000 2283       3       java.util.EnumMap::get (29 bytes)
Event: 14,471 Thread 0x00007fa6a40be000 nmethod 2283 0x00007fa6956db250 code [0x00007fa6956db3e0, 0x00007fa6956db848]
Event: 14,471 Thread 0x00007fa6a40be000 2284       3       java.util.EnumMap::isValidKey (36 bytes)
Event: 14,471 Thread 0x00007fa6a40be000 nmethod 2284 0x00007fa6956db9d0 code [0x00007fa6956dbb40, 0x00007fa6956dbee8]
Event: 14,478 Thread 0x00007fa6a40be000 2285       3       javafx.scene.Node::setScenes (80 bytes)

GC Heap History (4 events):
Event: 0,958 GC heap before
{Heap before GC invocations=1 (full 0):
 PSYoungGen      total 18432K, used 15872K [0x00000000ebc00000, 0x00000000ed080000, 0x0000000100000000)
  eden space 15872K, 100% used [0x00000000ebc00000,0x00000000ecb80000,0x00000000ecb80000)
  from space 2560K, 0% used [0x00000000ece00000,0x00000000ece00000,0x00000000ed080000)
  to   space 2560K, 0% used [0x00000000ecb80000,0x00000000ecb80000,0x00000000ece00000)
 ParOldGen       total 42496K, used 0K [0x00000000c3400000, 0x00000000c5d80000, 0x00000000ebc00000)
  object space 42496K, 0% used [0x00000000c3400000,0x00000000c3400000,0x00000000c5d80000)
 Metaspace       used 10585K, capacity 11028K, committed 11264K, reserved 1058816K
  class space    used 1396K, capacity 1520K, committed 1536K, reserved 1048576K
Event: 0,964 GC heap after
Heap after GC invocations=1 (full 0):
 PSYoungGen      total 18432K, used 2544K [0x00000000ebc00000, 0x00000000ed080000, 0x0000000100000000)
  eden space 15872K, 0% used [0x00000000ebc00000,0x00000000ebc00000,0x00000000ecb80000)
  from space 2560K, 99% used [0x00000000ecb80000,0x00000000ecdfc050,0x00000000ece00000)
  to   space 2560K, 0% used [0x00000000ece00000,0x00000000ece00000,0x00000000ed080000)
 ParOldGen       total 42496K, used 335K [0x00000000c3400000, 0x00000000c5d80000, 0x00000000ebc00000)
  object space 42496K, 0% used [0x00000000c3400000,0x00000000c3453f68,0x00000000c5d80000)
 Metaspace       used 10585K, capacity 11028K, committed 11264K, reserved 1058816K
  class space    used 1396K, capacity 1520K, committed 1536K, reserved 1048576K
}
Event: 1,776 GC heap before
{Heap before GC invocations=2 (full 0):
 PSYoungGen      total 18432K, used 18416K [0x00000000ebc00000, 0x00000000ed080000, 0x0000000100000000)
  eden space 15872K, 100% used [0x00000000ebc00000,0x00000000ecb80000,0x00000000ecb80000)
  from space 2560K, 99% used [0x00000000ecb80000,0x00000000ecdfc050,0x00000000ece00000)
  to   space 2560K, 0% used [0x00000000ece00000,0x00000000ece00000,0x00000000ed080000)
 ParOldGen       total 42496K, used 335K [0x00000000c3400000, 0x00000000c5d80000, 0x00000000ebc00000)
  object space 42496K, 0% used [0x00000000c3400000,0x00000000c3453f68,0x00000000c5d80000)
 Metaspace       used 16687K, capacity 17640K, committed 17920K, reserved 1064960K
  class space    used 2565K, capacity 2764K, committed 2816K, reserved 1048576K
Event: 1,791 GC heap after
Heap after GC invocations=2 (full 0):
 PSYoungGen      total 18432K, used 2544K [0x00000000ebc00000, 0x00000000ee000000, 0x0000000100000000)
  eden space 15872K, 0% used [0x00000000ebc00000,0x00000000ebc00000,0x00000000ecb80000)
  from space 2560K, 99% used [0x00000000ece00000,0x00000000ed07c050,0x00000000ed080000)
  to   space 2560K, 0% used [0x00000000ecb80000,0x00000000ecb80000,0x00000000ece00000)
 ParOldGen       total 42496K, used 2307K [0x00000000c3400000, 0x00000000c5d80000, 0x00000000ebc00000)
  object space 42496K, 5% used [0x00000000c3400000,0x00000000c3640cc8,0x00000000c5d80000)
 Metaspace       used 16687K, capacity 17640K, committed 17920K, reserved 1064960K
  class space    used 2565K, capacity 2764K, committed 2816K, reserved 1048576K
}

Deoptimization events (10 events):
Event: 4,691 Thread 0x00007fa6a4293800 Uncommon trap: reason=unstable_if action=reinterpret pc=0x00007fa69542e40c method=java.lang.StrictMath.floorOrCeil(DDDD)D @ 24
Event: 4,724 Thread 0x00007fa6a4293800 Uncommon trap: reason=unstable_if action=reinterpret pc=0x00007fa6951a062c method=java.lang.String.startsWith(Ljava/lang/String;I)Z @ 25
Event: 6,355 Thread 0x00007fa6a4293800 Uncommon trap: reason=unstable_if action=reinterpret pc=0x00007fa695521954 method=com.sun.javafx.css.SimpleSelector.applies(Ljavafx/css/Styleable;)Z @ 7
Event: 6,368 Thread 0x00007fa6a4293800 Uncommon trap: reason=unstable_if action=reinterpret pc=0x00007fa6953ba9d4 method=java.io.ByteArrayInputStream.read()I @ 8
Event: 6,368 Thread 0x00007fa6a4293800 Uncommon trap: reason=class_check action=maybe_recompile pc=0x00007fa6953e148c method=java.io.FilterInputStream.read()I @ 4
Event: 6,368 Thread 0x00007fa6a4293800 Uncommon trap: reason=class_check action=maybe_recompile pc=0x00007fa6953e148c method=java.io.FilterInputStream.read()I @ 4
Event: 6,368 Thread 0x00007fa6a4293800 Uncommon trap: reason=class_check action=maybe_recompile pc=0x00007fa6953e148c method=java.io.FilterInputStream.read()I @ 4
Event: 6,368 Thread 0x00007fa6a4293800 Uncommon trap: reason=class_check action=maybe_recompile pc=0x00007fa6953e148c method=java.io.FilterInputStream.read()I @ 4
Event: 6,412 Thread 0x00007fa6a4293800 Uncommon trap: reason=unstable_if action=reinterpret pc=0x00007fa6954bd674 method=com.sun.javafx.css.BitSet.addAll(Ljava/util/Collection;)Z @ 1
Event: 6,424 Thread 0x00007fa6a4293800 Uncommon trap: reason=unstable_if action=reinterpret pc=0x00007fa695559c94 method=com.sun.javafx.css.StyleManager.getStyleMap(Ljavafx/css/Styleable;Ljavafx/scene/SubScene;I)Lcom/sun/javafx/css/StyleMap; @ 2

Internal exceptions (10 events):
Event: 0,146 Thread 0x00007fa6a4009800 Exception <a 'java/lang/NoSuchFieldError': method resolution failed> (0x00000000ebdc2c00) thrown at [/HUDSON/workspace/8-2-build-linux-amd64/jdk8u131/8869/hotspot/src/share/vm/prims/methodHandles.cpp, line 1146]
Event: 0,176 Thread 0x00007fa6a4009800 Exception <a 'java/security/PrivilegedActionException'> (0x00000000ebe4d0b8) thrown at [/HUDSON/workspace/8-2-build-linux-amd64/jdk8u131/8869/hotspot/src/share/vm/prims/jvm.cpp, line 1390]
Event: 0,176 Thread 0x00007fa6a4009800 Exception <a 'java/security/PrivilegedActionException'> (0x00000000ebe4d2c8) thrown at [/HUDSON/workspace/8-2-build-linux-amd64/jdk8u131/8869/hotspot/src/share/vm/prims/jvm.cpp, line 1390]
Event: 0,176 Thread 0x00007fa6a4009800 Exception <a 'java/security/PrivilegedActionException'> (0x00000000ebe4f9e8) thrown at [/HUDSON/workspace/8-2-build-linux-amd64/jdk8u131/8869/hotspot/src/share/vm/prims/jvm.cpp, line 1390]
Event: 0,176 Thread 0x00007fa6a4009800 Exception <a 'java/security/PrivilegedActionException'> (0x00000000ebe4fbf8) thrown at [/HUDSON/workspace/8-2-build-linux-amd64/jdk8u131/8869/hotspot/src/share/vm/prims/jvm.cpp, line 1390]
Event: 0,177 Thread 0x00007fa6a4009800 Exception <a 'java/lang/NullPointerException'> (0x00000000ebe501d0) thrown at [/HUDSON/workspace/8-2-build-linux-amd64/jdk8u131/8869/hotspot/src/share/vm/interpreter/linkResolver.cpp, line 1197]
Event: 0,716 Thread 0x00007fa6a4293800 Exception <a 'java/lang/NullPointerException'> (0x00000000ec6b45d8) thrown at [/HUDSON/workspace/8-2-build-linux-amd64/jdk8u131/8869/hotspot/src/share/vm/interpreter/linkResolver.cpp, line 1197]
Event: 0,716 Thread 0x00007fa6a4293800 Exception <a 'java/lang/NullPointerException'> (0x00000000ec6b45d8) thrown at [/HUDSON/workspace/8-2-build-linux-amd64/jdk8u131/8869/hotspot/src/share/vm/prims/jvm.cpp, line 1394]
Event: 1,266 Thread 0x00007fa6a4293800 Implicit null exception at 0x00007fa6952d4b3f to 0x00007fa6952d4f25
Event: 6,412 Thread 0x00007fa6a4293800 Implicit null exception at 0x00007fa6954bd111 to 0x00007fa6954bd65d

Events (10 events):
Event: 12,284 loading class com/sun/javafx/scene/KeyboardShortcutsHandler$1
Event: 12,284 loading class com/sun/javafx/scene/KeyboardShortcutsHandler$1 done
Event: 12,535 loading class com/sun/prism/shape/ShapeRep$InvalidationType
Event: 12,535 loading class com/sun/prism/shape/ShapeRep$InvalidationType done
Event: 14,470 loading class javafx/scene/input/KeyCombination$2
Event: 14,470 loading class javafx/scene/input/KeyCombination$2 done
Event: 14,471 loading class com/sun/prism/GraphicsResource
Event: 14,471 loading class com/sun/prism/GraphicsResource done
Event: 14,471 loading class com/sun/prism/GraphicsResource
Event: 14,471 loading class com/sun/prism/GraphicsResource done


Dynamic libraries:
00400000-00401000 r-xp 00000000 08:02 2491056                            /home/alexandre/jdks/jdk1.8.0_131/bin/java
00600000-00601000 rw-p 00000000 08:02 2491056                            /home/alexandre/jdks/jdk1.8.0_131/bin/java
01495000-014b6000 rw-p 00000000 00:00 0                                  [heap]
40d5a000-40dfa000 rw-p 00000000 00:00 0 
40dfa000-40dfc000 r-xs 00000000 08:02 4194441                            /tmp/.glPAKey1 (deleted)
c3400000-c5d80000 rw-p 00000000 00:00 0 
c5d80000-ebc00000 ---p 00000000 00:00 0 
ebc00000-ee000000 rw-p 00000000 00:00 0 
ee000000-100000000 ---p 00000000 00:00 0 
100000000-100340000 rw-p 00000000 00:00 0 
100340000-140000000 ---p 00000000 00:00 0 
7fa624000000-7fa624021000 rw-p 00000000 00:00 0 
7fa624021000-7fa628000000 ---p 00000000 00:00 0 
7fa62b153000-7fa62b1ff000 r--p 00000000 08:02 12061246                   /usr/share/fonts/truetype/dejavu/DejaVuSans-Bold.ttf
7fa62b1ff000-7fa62b33f000 rw-p 00000000 00:00 0 
7fa62b33f000-7fa62b3ff000 ---p 00000000 00:00 0 
7fa62b3ff000-7fa62b4ff000 rw-s 00000000 00:05 26640425                   /SYSV00000000 (deleted)
7fa62b4ff000-7fa62b5ff000 rw-s 32f37000 00:06 459                        /dev/nvidiactl
7fa62b5ff000-7fa62b7ff000 rw-s 804ac000 00:06 459                        /dev/nvidiactl
7fa62b7ff000-7fa62c000000 rw-p 00000000 00:00 0 
7fa62c000000-7fa62c021000 rw-p 00000000 00:00 0 
7fa62c021000-7fa630000000 ---p 00000000 00:00 0 
7fa630000000-7fa630021000 rw-p 00000000 00:00 0 
7fa630021000-7fa634000000 ---p 00000000 00:00 0 
7fa634000000-7fa634021000 rw-p 00000000 00:00 0 
7fa634021000-7fa638000000 ---p 00000000 00:00 0 
7fa638000000-7fa6386ca000 rw-p 00000000 00:00 0 
7fa6386ca000-7fa63c000000 ---p 00000000 00:00 0 
7fa63c000000-7fa63c021000 rw-p 00000000 00:00 0 
7fa63c021000-7fa640000000 ---p 00000000 00:00 0 
7fa640000000-7fa640022000 rw-p 00000000 00:00 0 
7fa640022000-7fa644000000 ---p 00000000 00:00 0 
7fa644000000-7fa644021000 rw-p 00000000 00:00 0 
7fa644021000-7fa648000000 ---p 00000000 00:00 0 
7fa648089000-7fa648289000 rw-s 8398d000 00:06 459                        /dev/nvidiactl
7fa648289000-7fa648a13000 rw-p 00000000 00:00 0 
7fa648a13000-7fa648a26000 r--s 00345000 08:02 2492713                    /home/alexandre/jdks/jdk1.8.0_131/jre/lib/resources.jar
7fa648a26000-7fa648a29000 ---p 00000000 00:00 0 
7fa648a29000-7fa648b27000 rw-p 00000000 00:00 0 
7fa648b27000-7fa648be0000 r--p 00000000 08:02 12061247                   /usr/share/fonts/truetype/dejavu/DejaVuSans.ttf
7fa648be0000-7fa648c8b000 r--p 00000000 08:02 2492605                    /home/alexandre/jdks/jdk1.8.0_131/jre/lib/fonts/LucidaSansRegular.ttf
7fa648c8b000-7fa648c9f000 r--p 00000000 08:02 2492604                    /home/alexandre/jdks/jdk1.8.0_131/jre/lib/fonts/LucidaBrightItalic.ttf
7fa648c9f000-7fa648cd9000 r--p 00000000 08:02 2492611                    /home/alexandre/jdks/jdk1.8.0_131/jre/lib/fonts/LucidaTypewriterBold.ttf
7fa648cd9000-7fa648cec000 r--p 00000000 08:02 2492612                    /home/alexandre/jdks/jdk1.8.0_131/jre/lib/fonts/LucidaBrightDemiBold.ttf
7fa648cec000-7fa648d28000 r--p 00000000 08:02 2492610                    /home/alexandre/jdks/jdk1.8.0_131/jre/lib/fonts/LucidaTypewriterRegular.ttf
7fa648d28000-7fa648d3b000 r--p 00000000 08:02 2492609                    /home/alexandre/jdks/jdk1.8.0_131/jre/lib/fonts/LucidaBrightDemiItalic.ttf
7fa648d3b000-7fa648d90000 r--p 00000000 08:02 2492606                    /home/alexandre/jdks/jdk1.8.0_131/jre/lib/fonts/LucidaBrightRegular.ttf
7fa648d90000-7fa648dde000 r--p 00000000 08:02 2492607                    /home/alexandre/jdks/jdk1.8.0_131/jre/lib/fonts/LucidaSansDemiBold.ttf
7fa648dde000-7fa648de2000 r-xp 00000000 08:02 2492835                    /home/alexandre/jdks/jdk1.8.0_131/jre/lib/amd64/libjavafx_font_pango.so
7fa648de2000-7fa648fe1000 ---p 00004000 08:02 2492835                    /home/alexandre/jdks/jdk1.8.0_131/jre/lib/amd64/libjavafx_font_pango.so
7fa648fe1000-7fa648fe2000 rw-p 00003000 08:02 2492835                    /home/alexandre/jdks/jdk1.8.0_131/jre/lib/amd64/libjavafx_font_pango.so
7fa648fe2000-7fa648fe7000 r--s 00084000 08:02 2492592                    /home/alexandre/jdks/jdk1.8.0_131/jre/lib/jfr.jar
7fa648fe7000-7fa6491e7000 rw-p 00000000 00:00 0 
7fa6491e7000-7fa6493e7000 rw-p 00000000 00:00 0 
7fa6493e7000-7fa6493f2000 r--s 00000000 08:02 7865641                    /var/cache/fontconfig/945677eb7aeaf62f1d50efc3fb3ec7d8-le64.cache-6
7fa6493f2000-7fa6493f8000 r--s 00000000 08:02 7865639                    /var/cache/fontconfig/2cd17615ca594fa2959ae173292e504c-le64.cache-6
7fa6493f8000-7fa6493f9000 r--s 00000000 08:02 7865630                    /var/cache/fontconfig/0d8c3b2ac0904cb8a57a757ad11a4a08-le64.cache-6
7fa6493f9000-7fa64940e000 r--s 00000000 08:02 7865604                    /var/cache/fontconfig/04aabc0a78ac019cf9454389977116d2-le64.cache-6
7fa64940e000-7fa64940f000 r--s 00000000 08:02 7865602                    /var/cache/fontconfig/1ac9eb803944fde146138c791f5cc56a-le64.cache-6
7fa64940f000-7fa649413000 r--s 00000000 08:02 7865600                    /var/cache/fontconfig/385c0604a188198f04d133e54aba7fe7-le64.cache-6
7fa649413000-7fa649414000 r--s 00000000 08:02 7865585                    /var/cache/fontconfig/dc05db6664285cc2f12bf69c139ae4c3-le64.cache-6
7fa649414000-7fa649417000 r--s 00000000 08:02 7865340                    /var/cache/fontconfig/767a8244fc0220cfb567a839d0392e0b-le64.cache-6
7fa649417000-7fa649418000 r--s 00000000 08:02 7865565                    /var/cache/fontconfig/4794a0821666d79190d59a36cb4f44b5-le64.cache-6
7fa649418000-7fa64941d000 r--s 00000000 08:02 7865563                    /var/cache/fontconfig/8801497958630a81b71ace7c5f9b32a8-le64.cache-6
7fa64941d000-7fa64941e000 r--s 00000000 08:02 7865534                    /var/cache/fontconfig/bab58bb527bb656aaa9f116d68a48d89-le64.cache-6
7fa64941e000-7fa649425000 r--s 00000000 08:02 7865532                    /var/cache/fontconfig/3047814df9a2f067bd2d96a2b9c36e5a-le64.cache-6
7fa649425000-7fa649426000 r--s 00000000 08:02 7865496                    /var/cache/fontconfig/56cf4f4769d0f4abc89a4895d7bd3ae1-le64.cache-6
7fa649426000-7fa64942c000 r--s 00000000 08:02 7865473                    /var/cache/fontconfig/b47c4e1ecd0709278f4910c18777a504-le64.cache-6
7fa64942c000-7fa64943f000 r--s 00000000 08:02 7865471                    /var/cache/fontconfig/d52a8644073d54c13679302ca1180695-le64.cache-6
7fa64943f000-7fa64944a000 r--s 00000000 08:02 7866681                    /var/cache/fontconfig/d589a48862398ed80a3d6066f4f56f4c-le64.cache-6
7fa64944a000-7fa64944d000 r--s 00000000 08:02 7865459                    /var/cache/fontconfig/75114ca45c98e8a441da0ff356701271-le64.cache-6
7fa64944d000-7fa649458000 r--s 00000000 08:02 7865341                    /var/cache/fontconfig/83bf95040141907cd45bb53cf7c1c148-le64.cache-6
7fa649458000-7fa64946a000 r--s 00000000 08:02 7864406                    /var/cache/fontconfig/9b89f8e3dae116d678bbf48e5f21f69b-le64.cache-6
7fa64946a000-7fa649477000 r--s 00000000 08:02 7866918                    /var/cache/fontconfig/e13b20fdb08344e0e664864cc2ede53d-le64.cache-6
7fa649477000-7fa64947c000 r-xp 00000000 08:02 2492838                    /home/alexandre/jdks/jdk1.8.0_131/jre/lib/amd64/libjavafx_font_freetype.so
7fa64947c000-7fa64967b000 ---p 00005000 08:02 2492838                    /home/alexandre/jdks/jdk1.8.0_131/jre/lib/amd64/libjavafx_font_freetype.so
7fa64967b000-7fa64967c000 rw-p 00004000 08:02 2492838                    /home/alexandre/jdks/jdk1.8.0_131/jre/lib/amd64/libjavafx_font_freetype.so
7fa64967c000-7fa64967f000 r-xp 00000000 08:02 2492885                    /home/alexandre/jdks/jdk1.8.0_131/jre/lib/amd64/libjavafx_font.so
7fa64967f000-7fa64987e000 ---p 00003000 08:02 2492885                    /home/alexandre/jdks/jdk1.8.0_131/jre/lib/amd64/libjavafx_font.so
7fa64987e000-7fa64987f000 rw-p 00002000 08:02 2492885                    /home/alexandre/jdks/jdk1.8.0_131/jre/lib/amd64/libjavafx_font.so
7fa64987f000-7fa649a7f000 rw-p 00000000 00:00 0 
7fa649a7f000-7fa649a82000 ---p 00000000 00:00 0 
7fa649a82000-7fa649e81000 rw-p 00000000 00:00 0 
7fa649e81000-7fa649e97000 r-xp 00000000 08:02 2492884                    /home/alexandre/jdks/jdk1.8.0_131/jre/lib/amd64/libnet.so
7fa649e97000-7fa64a097000 ---p 00016000 08:02 2492884                    /home/alexandre/jdks/jdk1.8.0_131/jre/lib/amd64/libnet.so
7fa64a097000-7fa64a098000 rw-p 00016000 08:02 2492884                    /home/alexandre/jdks/jdk1.8.0_131/jre/lib/amd64/libnet.so
7fa64a098000-7fa64a0a9000 r-xp 00000000 08:02 2492887                    /home/alexandre/jdks/jdk1.8.0_131/jre/lib/amd64/libnio.so
7fa64a0a9000-7fa64a2a8000 ---p 00011000 08:02 2492887                    /home/alexandre/jdks/jdk1.8.0_131/jre/lib/amd64/libnio.so
7fa64a2a8000-7fa64a2a9000 rw-p 00010000 08:02 2492887                    /home/alexandre/jdks/jdk1.8.0_131/jre/lib/amd64/libnio.so
7fa64a2a9000-7fa64a2ac000 ---p 00000000 00:00 0 
7fa64a2ac000-7fa64a3aa000 rw-p 00000000 00:00 0 
7fa64a3aa000-7fa64a3ad000 ---p 00000000 00:00 0 
7fa64a3ad000-7fa64a4ab000 rw-p 00000000 00:00 0 
7fa64a4ab000-7fa64a4ae000 ---p 00000000 00:00 0 
7fa64a4ae000-7fa64a5ac000 rw-p 00000000 00:00 0 
7fa64a5ac000-7fa64a5ad000 ---p 00000000 00:00 0 
7fa64a5ad000-7fa64adad000 rw-p 00000000 00:00 0 
7fa64adad000-7fa64adae000 ---p 00000000 00:00 0 
7fa64adae000-7fa64b5ae000 rw-p 00000000 00:00 0 
7fa64b5ae000-7fa64b5af000 ---p 00000000 00:00 0 
7fa64b5af000-7fa64bdaf000 rw-p 00000000 00:00 0 
7fa64bdaf000-7fa64bdba000 r-xp 00000000 08:02 11403322                   /usr/lib/x86_64-linux-gnu/gio/modules/libdconfsettings.so
7fa64bdba000-7fa64bfba000 ---p 0000b000 08:02 11403322                   /usr/lib/x86_64-linux-gnu/gio/modules/libdconfsettings.so
7fa64bfba000-7fa64bfbb000 r--p 0000b000 08:02 11403322                   /usr/lib/x86_64-linux-gnu/gio/modules/libdconfsettings.so
7fa64bfbb000-7fa64bfbc000 rw-p 0000c000 08:02 11403322                   /usr/lib/x86_64-linux-gnu/gio/modules/libdconfsettings.so
7fa64bfbc000-7fa64bfc3000 r-xp 00000000 08:02 11019068                   /usr/lib/x86_64-linux-gnu/libogg.so.0.8.2
7fa64bfc3000-7fa64c1c3000 ---p 00007000 08:02 11019068                   /usr/lib/x86_64-linux-gnu/libogg.so.0.8.2
7fa64c1c3000-7fa64c1c4000 r--p 00007000 08:02 11019068                   /usr/lib/x86_64-linux-gnu/libogg.so.0.8.2
7fa64c1c4000-7fa64c1c5000 rw-p 00008000 08:02 11019068                   /usr/lib/x86_64-linux-gnu/libogg.so.0.8.2
7fa64c1c5000-7fa64c1ef000 r-xp 00000000 08:02 11019417                   /usr/lib/x86_64-linux-gnu/libvorbis.so.0.4.8
7fa64c1ef000-7fa64c3ef000 ---p 0002a000 08:02 11019417                   /usr/lib/x86_64-linux-gnu/libvorbis.so.0.4.8
7fa64c3ef000-7fa64c3f0000 r--p 0002a000 08:02 11019417                   /usr/lib/x86_64-linux-gnu/libvorbis.so.0.4.8
7fa64c3f0000-7fa64c3f1000 rw-p 0002b000 08:02 11019417                   /usr/lib/x86_64-linux-gnu/libvorbis.so.0.4.8
7fa64c3f1000-7fa64c3fa000 r-xp 00000000 08:02 11018935                   /usr/lib/x86_64-linux-gnu/libltdl.so.7.3.1
7fa64c3fa000-7fa64c5f9000 ---p 00009000 08:02 11018935                   /usr/lib/x86_64-linux-gnu/libltdl.so.7.3.1
7fa64c5f9000-7fa64c5fa000 r--p 00008000 08:02 11018935                   /usr/lib/x86_64-linux-gnu/libltdl.so.7.3.1
7fa64c5fa000-7fa64c5fb000 rw-p 00009000 08:02 11018935                   /usr/lib/x86_64-linux-gnu/libltdl.so.7.3.1
7fa64c5fb000-7fa64c60f000 r-xp 00000000 08:02 11019310                   /usr/lib/x86_64-linux-gnu/libtdb.so.1.3.8
7fa64c60f000-7fa64c80e000 ---p 00014000 08:02 11019310                   /usr/lib/x86_64-linux-gnu/libtdb.so.1.3.8
7fa64c80e000-7fa64c80f000 r--p 00013000 08:02 11019310                   /usr/lib/x86_64-linux-gnu/libtdb.so.1.3.8
7fa64c80f000-7fa64c810000 rw-p 00014000 08:02 11019310                   /usr/lib/x86_64-linux-gnu/libtdb.so.1.3.8
7fa64c810000-7fa64c817000 r-xp 00000000 08:02 11019421                   /usr/lib/x86_64-linux-gnu/libvorbisfile.so.3.3.7
7fa64c817000-7fa64ca17000 ---p 00007000 08:02 11019421                   /usr/lib/x86_64-linux-gnu/libvorbisfile.so.3.3.7
7fa64ca17000-7fa64ca18000 r--p 00007000 08:02 11019421                   /usr/lib/x86_64-linux-gnu/libvorbisfile.so.3.3.7
7fa64ca18000-7fa64ca19000 rw-p 00008000 08:02 11019421                   /usr/lib/x86_64-linux-gnu/libvorbisfile.so.3.3.7
7fa64ca19000-7fa64ca29000 r-xp 00000000 08:02 11018332                   /usr/lib/x86_64-linux-gnu/libcanberra.so.0.2.5
7fa64ca29000-7fa64cc28000 ---p 00010000 08:02 11018332                   /usr/lib/x86_64-linux-gnu/libcanberra.so.0.2.5
7fa64cc28000-7fa64cc29000 r--p 0000f000 08:02 11018332                   /usr/lib/x86_64-linux-gnu/libcanberra.so.0.2.5
7fa64cc29000-7fa64cc2a000 rw-p 00010000 08:02 11018332                   /usr/lib/x86_64-linux-gnu/libcanberra.so.0.2.5
7fa64cc2a000-7fa64cc2e000 r-xp 00000000 08:02 11018328                   /usr/lib/x86_64-linux-gnu/libcanberra-gtk.so.0.1.9
7fa64cc2e000-7fa64ce2d000 ---p 00004000 08:02 11018328                   /usr/lib/x86_64-linux-gnu/libcanberra-gtk.so.0.1.9
7fa64ce2d000-7fa64ce2e000 r--p 00003000 08:02 11018328                   /usr/lib/x86_64-linux-gnu/libcanberra-gtk.so.0.1.9
7fa64ce2e000-7fa64ce2f000 rw-p 00004000 08:02 11018328                   /usr/lib/x86_64-linux-gnu/libcanberra-gtk.so.0.1.9
7fa64ce2f000-7fa64ce34000 r-xp 00000000 08:02 11403355                   /usr/lib/x86_64-linux-gnu/gtk-2.0/modules/libcanberra-gtk-module.so
7fa64ce34000-7fa64d033000 ---p 00005000 08:02 11403355                   /usr/lib/x86_64-linux-gnu/gtk-2.0/modules/libcanberra-gtk-module.so
7fa64d033000-7fa64d034000 r--p 00004000 08:02 11403355                   /usr/lib/x86_64-linux-gnu/gtk-2.0/modules/libcanberra-gtk-module.so
7fa64d034000-7fa64d035000 rw-p 00005000 08:02 11403355                   /usr/lib/x86_64-linux-gnu/gtk-2.0/modules/libcanberra-gtk-module.so
7fa64d035000-7fa64d065000 r-xp 00000000 08:02 11406093                   /usr/lib/x86_64-linux-gnu/gtk-2.0/2.10.0/engines/libmurrine.so
7fa64d065000-7fa64d265000 ---p 00030000 08:02 11406093                   /usr/lib/x86_64-linux-gnu/gtk-2.0/2.10.0/engines/libmurrine.so
7fa64d265000-7fa64d266000 r--p 00030000 08:02 11406093                   /usr/lib/x86_64-linux-gnu/gtk-2.0/2.10.0/engines/libmurrine.so
7fa64d266000-7fa64d267000 rw-p 00031000 08:02 11406093                   /usr/lib/x86_64-linux-gnu/gtk-2.0/2.10.0/engines/libmurrine.so
7fa64d267000-7fa64d277000 r-xp 00000000 08:02 11019366                   /usr/lib/x86_64-linux-gnu/libunity-gtk2-parser.so.0.0.0
7fa64d277000-7fa64d477000 ---p 00010000 08:02 11019366                   /usr/lib/x86_64-linux-gnu/libunity-gtk2-parser.so.0.0.0
7fa64d477000-7fa64d478000 r--p 00010000 08:02 11019366                   /usr/lib/x86_64-linux-gnu/libunity-gtk2-parser.so.0.0.0
7fa64d478000-7fa64d479000 rw-p 00011000 08:02 11019366                   /usr/lib/x86_64-linux-gnu/libunity-gtk2-parser.so.0.0.0
7fa64d479000-7fa64d47e000 r-xp 00000000 08:02 11403359                   /usr/lib/x86_64-linux-gnu/gtk-2.0/modules/libunity-gtk-module.so
7fa64d47e000-7fa64d67d000 ---p 00005000 08:02 11403359                   /usr/lib/x86_64-linux-gnu/gtk-2.0/modules/libunity-gtk-module.so
7fa64d67d000-7fa64d67e000 r--p 00004000 08:02 11403359                   /usr/lib/x86_64-linux-gnu/gtk-2.0/modules/libunity-gtk-module.so
7fa64d67e000-7fa64d67f000 rw-p 00005000 08:02 11403359                   /usr/lib/x86_64-linux-gnu/gtk-2.0/modules/libunity-gtk-module.so
7fa64d67f000-7fa64d691000 r-xp 00000000 08:02 5247438                    /lib/x86_64-linux-gnu/libgpg-error.so.0.17.0
7fa64d691000-7fa64d891000 ---p 00012000 08:02 5247438                    /lib/x86_64-linux-gnu/libgpg-error.so.0.17.0
7fa64d891000-7fa64d892000 r--p 00012000 08:02 5247438                    /lib/x86_64-linux-gnu/libgpg-error.so.0.17.0
7fa64d892000-7fa64d893000 rw-p 00013000 08:02 5247438                    /lib/x86_64-linux-gnu/libgpg-error.so.0.17.0
7fa64d893000-7fa64d96b000 r-xp 00000000 08:02 5242980                    /lib/x86_64-linux-gnu/libgcrypt.so.20.0.5
7fa64d96b000-7fa64db6a000 ---p 000d8000 08:02 5242980                    /lib/x86_64-linux-gnu/libgcrypt.so.20.0.5
7fa64db6a000-7fa64db6b000 r--p 000d7000 08:02 5242980                    /lib/x86_64-linux-gnu/libgcrypt.so.20.0.5
7fa64db6b000-7fa64db73000 rw-p 000d8000 08:02 5242980                    /lib/x86_64-linux-gnu/libgcrypt.so.20.0.5
7fa64db73000-7fa64db74000 rw-p 00000000 00:00 0 
7fa64db74000-7fa64db95000 r-xp 00000000 08:02 5247461                    /lib/x86_64-linux-gnu/liblzma.so.5.0.0
7fa64db95000-7fa64dd94000 ---p 00021000 08:02 5247461                    /lib/x86_64-linux-gnu/liblzma.so.5.0.0
7fa64dd94000-7fa64dd95000 r--p 00020000 08:02 5247461                    /lib/x86_64-linux-gnu/liblzma.so.5.0.0
7fa64dd95000-7fa64dd96000 rw-p 00021000 08:02 5247461                    /lib/x86_64-linux-gnu/liblzma.so.5.0.0
7fa64dd96000-7fa64de16000 r-xp 00000000 08:02 5242921                    /lib/x86_64-linux-gnu/libsystemd.so.0.14.0
7fa64de16000-7fa64de19000 r--p 0007f000 08:02 5242921                    /lib/x86_64-linux-gnu/libsystemd.so.0.14.0
7fa64de19000-7fa64de1a000 rw-p 00082000 08:02 5242921                    /lib/x86_64-linux-gnu/libsystemd.so.0.14.0
7fa64de1a000-7fa64de1b000 rw-p 00000000 00:00 0 
7fa64de1b000-7fa64de65000 r-xp 00000000 08:02 5247307                    /lib/x86_64-linux-gnu/libdbus-1.so.3.14.6
7fa64de65000-7fa64e065000 ---p 0004a000 08:02 5247307                    /lib/x86_64-linux-gnu/libdbus-1.so.3.14.6
7fa64e065000-7fa64e066000 r--p 0004a000 08:02 5247307                    /lib/x86_64-linux-gnu/libdbus-1.so.3.14.6
7fa64e066000-7fa64e067000 rw-p 0004b000 08:02 5247307                    /lib/x86_64-linux-gnu/libdbus-1.so.3.14.6
7fa64e067000-7fa64e093000 r-xp 00000000 08:02 11018274                   /usr/lib/x86_64-linux-gnu/libatspi.so.0.0.1
7fa64e093000-7fa64e292000 ---p 0002c000 08:02 11018274                   /usr/lib/x86_64-linux-gnu/libatspi.so.0.0.1
7fa64e292000-7fa64e295000 r--p 0002b000 08:02 11018274                   /usr/lib/x86_64-linux-gnu/libatspi.so.0.0.1
7fa64e295000-7fa64e296000 rw-p 0002e000 08:02 11018274                   /usr/lib/x86_64-linux-gnu/libatspi.so.0.0.1
7fa64e296000-7fa64e2c3000 r-xp 00000000 08:02 11018268                   /usr/lib/x86_64-linux-gnu/libatk-bridge-2.0.so.0.0.0
7fa64e2c3000-7fa64e4c2000 ---p 0002d000 08:02 11018268                   /usr/lib/x86_64-linux-gnu/libatk-bridge-2.0.so.0.0.0
7fa64e4c2000-7fa64e4c3000 r--p 0002c000 08:02 11018268                   /usr/lib/x86_64-linux-gnu/libatk-bridge-2.0.so.0.0.0
7fa64e4c3000-7fa64e4c5000 rw-p 0002d000 08:02 11018268                   /usr/lib/x86_64-linux-gnu/libatk-bridge-2.0.so.0.0.0
7fa64e4c5000-7fa64e4c6000 r-xp 00000000 08:02 11403354                   /usr/lib/x86_64-linux-gnu/gtk-2.0/modules/libatk-bridge.so
7fa64e4c6000-7fa64e6c5000 ---p 00001000 08:02 11403354                   /usr/lib/x86_64-linux-gnu/gtk-2.0/modules/libatk-bridge.so
7fa64e6c5000-7fa64e6c6000 r--p 00000000 08:02 11403354                   /usr/lib/x86_64-linux-gnu/gtk-2.0/modules/libatk-bridge.so
7fa64e6c6000-7fa64e6c7000 rw-p 00001000 08:02 11403354                   /usr/lib/x86_64-linux-gnu/gtk-2.0/modules/libatk-bridge.so
7fa64e6c7000-7fa64e6ce000 r-xp 00000000 08:02 11018603                   /usr/lib/x86_64-linux-gnu/libgailutil.so.18.0.1
7fa64e6ce000-7fa64e8cd000 ---p 00007000 08:02 11018603                   /usr/lib/x86_64-linux-gnu/libgailutil.so.18.0.1
7fa64e8cd000-7fa64e8ce000 r--p 00006000 08:02 11018603                   /usr/lib/x86_64-linux-gnu/libgailutil.so.18.0.1
7fa64e8ce000-7fa64e8cf000 rw-p 00007000 08:02 11018603                   /usr/lib/x86_64-linux-gnu/libgailutil.so.18.0.1
7fa64e8cf000-7fa64e91d000 r-xp 00000000 08:02 11403357                   /usr/lib/x86_64-linux-gnu/gtk-2.0/modules/libgail.so
7fa64e91d000-7fa64eb1c000 ---p 0004e000 08:02 11403357                   /usr/lib/x86_64-linux-gnu/gtk-2.0/modules/libgail.so
7fa64eb1c000-7fa64eb1d000 r--p 0004d000 08:02 11403357                   /usr/lib/x86_64-linux-gnu/gtk-2.0/modules/libgail.so
7fa64eb1d000-7fa64eb1f000 rw-p 0004e000 08:02 11403357                   /usr/lib/x86_64-linux-gnu/gtk-2.0/modules/libgail.so
7fa64eb1f000-7fa64eb30000 r-xp 00000000 08:02 11405295                   /usr/lib/x86_64-linux-gnu/gtk-2.0/modules/liboverlay-scrollbar.so
7fa64eb30000-7fa64ed30000 ---p 00011000 08:02 11405295                   /usr/lib/x86_64-linux-gnu/gtk-2.0/modules/liboverlay-scrollbar.so
7fa64ed30000-7fa64ed31000 r--p 00011000 08:02 11405295                   /usr/lib/x86_64-linux-gnu/gtk-2.0/modules/liboverlay-scrollbar.so
7fa64ed31000-7fa64ed32000 rw-p 00012000 08:02 11405295                   /usr/lib/x86_64-linux-gnu/gtk-2.0/modules/liboverlay-scrollbar.so
7fa64ed32000-7fa64ed5b000 r-xp 00000000 08:02 2492860                    /home/alexandre/jdks/jdk1.8.0_131/jre/lib/amd64/libglass.so
7fa64ed5b000-7fa64ef5a000 ---p 00029000 08:02 2492860                    /home/alexandre/jdks/jdk1.8.0_131/jre/lib/amd64/libglass.so
7fa64ef5a000-7fa64ef5d000 rw-p 00028000 08:02 2492860                    /home/alexandre/jdks/jdk1.8.0_131/jre/lib/amd64/libglass.so
7fa64ef5d000-7fa64efdd000 rw-s 0588b000 00:06 459                        /dev/nvidiactl
7fa64efdd000-7fa64f05d000 rw-s 12110000 00:06 459                        /dev/nvidiactl
7fa64f05d000-7fa64f0dd000 rw-s 1a662000 00:06 459                        /dev/nvidiactl
7fa64f0dd000-7fa64f1dd000 rw-s 32e8c000 00:06 459                        /dev/nvidiactl
7fa64f1dd000-7fa6505c1000 r-xp 00000000 08:02 11025158                   /usr/lib/nvidia-375/libnvidia-glcore.so.375.66
7fa6505c1000-7fa6505e1000 rwxp 013e4000 08:02 11025158                   /usr/lib/nvidia-375/libnvidia-glcore.so.375.66
7fa6505e1000-7fa6509b1000 r-xp 01404000 08:02 11025158                   /usr/lib/nvidia-375/libnvidia-glcore.so.375.66
7fa6509b1000-7fa650bb1000 ---p 017d4000 08:02 11025158                   /usr/lib/nvidia-375/libnvidia-glcore.so.375.66
7fa650bb1000-7fa650f98000 rw-p 017d4000 08:02 11025158                   /usr/lib/nvidia-375/libnvidia-glcore.so.375.66
7fa650f98000-7fa650fb0000 rw-p 00000000 00:00 0 
7fa650fb0000-7fa650fb3000 r-xp 00000000 08:02 11025185                   /usr/lib/nvidia-375/tls/libnvidia-tls.so.375.66
7fa650fb3000-7fa6511b3000 ---p 00003000 08:02 11025185                   /usr/lib/nvidia-375/tls/libnvidia-tls.so.375.66
7fa6511b3000-7fa6511b4000 rw-p 00003000 08:02 11025185                   /usr/lib/nvidia-375/tls/libnvidia-tls.so.375.66
7fa6511b4000-7fa65127d000 r-xp 00000000 08:02 11025157                   /usr/lib/nvidia-375/libGLX_nvidia.so.375.66
7fa65127d000-7fa6512b1000 rwxp 000c9000 08:02 11025157                   /usr/lib/nvidia-375/libGLX_nvidia.so.375.66
7fa6512b1000-7fa6512c5000 r-xp 000fd000 08:02 11025157                   /usr/lib/nvidia-375/libGLX_nvidia.so.375.66
7fa6512c5000-7fa6514c4000 ---p 00111000 08:02 11025157                   /usr/lib/nvidia-375/libGLX_nvidia.so.375.66
7fa6514c4000-7fa6514ec000 rw-p 00110000 08:02 11025157                   /usr/lib/nvidia-375/libGLX_nvidia.so.375.66
7fa6514ec000-7fa6514f3000 rw-p 00000000 00:00 0 
7fa6514f3000-7fa6514f9000 r-xp 00000000 08:02 11018415                   /usr/lib/x86_64-linux-gnu/libdatrie.so.1.3.3
7fa6514f9000-7fa6516f9000 ---p 00006000 08:02 11018415                   /usr/lib/x86_64-linux-gnu/libdatrie.so.1.3.3
7fa6516f9000-7fa6516fa000 r--p 00006000 08:02 11018415                   /usr/lib/x86_64-linux-gnu/libdatrie.so.1.3.3
7fa6516fa000-7fa6516fb000 rw-p 00007000 08:02 11018415                   /usr/lib/x86_64-linux-gnu/libdatrie.so.1.3.3
7fa6516fb000-7fa651700000 r-xp 00000000 08:02 11018173                   /usr/lib/x86_64-linux-gnu/libXdmcp.so.6.0.0
7fa651700000-7fa6518ff000 ---p 00005000 08:02 11018173                   /usr/lib/x86_64-linux-gnu/libXdmcp.so.6.0.0
7fa6518ff000-7fa651900000 r--p 00004000 08:02 11018173                   /usr/lib/x86_64-linux-gnu/libXdmcp.so.6.0.0
7fa651900000-7fa651901000 rw-p 00005000 08:02 11018173                   /usr/lib/x86_64-linux-gnu/libXdmcp.so.6.0.0
7fa651901000-7fa651903000 r-xp 00000000 08:02 11018162                   /usr/lib/x86_64-linux-gnu/libXau.so.6.0.0
7fa651903000-7fa651b03000 ---p 00002000 08:02 11018162                   /usr/lib/x86_64-linux-gnu/libXau.so.6.0.0
7fa651b03000-7fa651b04000 r--p 00002000 08:02 11018162                   /usr/lib/x86_64-linux-gnu/libXau.so.6.0.0
7fa651b04000-7fa651b05000 rw-p 00003000 08:02 11018162                   /usr/lib/x86_64-linux-gnu/libXau.so.6.0.0
7fa651b05000-7fa651b29000 r-xp 00000000 08:02 11014430                   /usr/lib/x86_64-linux-gnu/libgraphite2.so.3.0.1
7fa651b29000-7fa651d28000 ---p 00024000 08:02 11014430                   /usr/lib/x86_64-linux-gnu/libgraphite2.so.3.0.1
7fa651d28000-7fa651d2a000 r--p 00023000 08:02 11014430                   /usr/lib/x86_64-linux-gnu/libgraphite2.so.3.0.1
7fa651d2a000-7fa651d2b000 rw-p 00025000 08:02 11014430                   /usr/lib/x86_64-linux-gnu/libgraphite2.so.3.0.1
7fa651d2b000-7fa651d6d000 r-xp 00000000 08:02 11025154                   /usr/lib/nvidia-375/libGLdispatch.so.0
7fa651d6d000-7fa651d9f000 r-xp 00042000 08:02 11025154                   /usr/lib/nvidia-375/libGLdispatch.so.0
7fa651d9f000-7fa651db1000 r-xp 00074000 08:02 11025154                   /usr/lib/nvidia-375/libGLdispatch.so.0
7fa651db1000-7fa651fb1000 ---p 00086000 08:02 11025154                   /usr/lib/nvidia-375/libGLdispatch.so.0
7fa651fb1000-7fa651fd9000 rw-p 00086000 08:02 11025154                   /usr/lib/nvidia-375/libGLdispatch.so.0
7fa651fd9000-7fa651ff9000 rw-p 00000000 00:00 0 
7fa651ff9000-7fa652008000 r-xp 00000000 08:02 11025156                   /usr/lib/nvidia-375/libGLX.so.0
7fa652008000-7fa652208000 ---p 0000f000 08:02 11025156                   /usr/lib/nvidia-375/libGLX.so.0
7fa652208000-7fa652209000 rw-p 0000f000 08:02 11025156                   /usr/lib/nvidia-375/libGLX.so.0
7fa652209000-7fa652229000 rw-p 00000000 00:00 0 
7fa652229000-7fa652297000 r-xp 00000000 08:02 5247523                    /lib/x86_64-linux-gnu/libpcre.so.3.13.2
7fa652297000-7fa652497000 ---p 0006e000 08:02 5247523                    /lib/x86_64-linux-gnu/libpcre.so.3.13.2
7fa652497000-7fa652498000 r--p 0006e000 08:02 5247523                    /lib/x86_64-linux-gnu/libpcre.so.3.13.2
7fa652498000-7fa652499000 rw-p 0006f000 08:02 5247523                    /lib/x86_64-linux-gnu/libpcre.so.3.13.2
7fa652499000-7fa6524a0000 r-xp 00000000 08:02 11018544                   /usr/lib/x86_64-linux-gnu/libffi.so.6.0.4
7fa6524a0000-7fa65269f000 ---p 00007000 08:02 11018544                   /usr/lib/x86_64-linux-gnu/libffi.so.6.0.4
7fa65269f000-7fa6526a0000 r--p 00006000 08:02 11018544                   /usr/lib/x86_64-linux-gnu/libffi.so.6.0.4
7fa6526a0000-7fa6526a1000 rw-p 00007000 08:02 11018544                   /usr/lib/x86_64-linux-gnu/libffi.so.6.0.4
7fa6526a1000-7fa6526c7000 r-xp 00000000 08:02 5243224                    /lib/x86_64-linux-gnu/libexpat.so.1.6.0
7fa6526c7000-7fa6528c7000 ---p 00026000 08:02 5243224                    /lib/x86_64-linux-gnu/libexpat.so.1.6.0
7fa6528c7000-7fa6528c9000 r--p 00026000 08:02 5243224                    /lib/x86_64-linux-gnu/libexpat.so.1.6.0
7fa6528c9000-7fa6528ca000 rw-p 00028000 08:02 5243224                    /lib/x86_64-linux-gnu/libexpat.so.1.6.0
7fa6528ca000-7fa6528d2000 r-xp 00000000 08:02 11019318                   /usr/lib/x86_64-linux-gnu/libthai.so.0.2.4
7fa6528d2000-7fa652ad1000 ---p 00008000 08:02 11019318                   /usr/lib/x86_64-linux-gnu/libthai.so.0.2.4
7fa652ad1000-7fa652ad2000 r--p 00007000 08:02 11019318                   /usr/lib/x86_64-linux-gnu/libthai.so.0.2.4
7fa652ad2000-7fa652ad3000 rw-p 00008000 08:02 11019318                   /usr/lib/x86_64-linux-gnu/libthai.so.0.2.4
7fa652ad3000-7fa652af4000 r-xp 00000000 08:02 11019540                   /usr/lib/x86_64-linux-gnu/libxcb.so.1.1.0
7fa652af4000-7fa652cf3000 ---p 00021000 08:02 11019540                   /usr/lib/x86_64-linux-gnu/libxcb.so.1.1.0
7fa652cf3000-7fa652cf4000 r--p 00020000 08:02 11019540                   /usr/lib/x86_64-linux-gnu/libxcb.so.1.1.0
7fa652cf4000-7fa652cf5000 rw-p 00021000 08:02 11019540                   /usr/lib/x86_64-linux-gnu/libxcb.so.1.1.0
7fa652cf5000-7fa652cfd000 r-xp 00000000 08:02 11019526                   /usr/lib/x86_64-linux-gnu/libxcb-render.so.0.0.0
7fa652cfd000-7fa652efd000 ---p 00008000 08:02 11019526                   /usr/lib/x86_64-linux-gnu/libxcb-render.so.0.0.0
7fa652efd000-7fa652efe000 r--p 00008000 08:02 11019526                   /usr/lib/x86_64-linux-gnu/libxcb-render.so.0.0.0
7fa652efe000-7fa652eff000 rw-p 00009000 08:02 11019526                   /usr/lib/x86_64-linux-gnu/libxcb-render.so.0.0.0
7fa652eff000-7fa652f01000 r-xp 00000000 08:02 11019530                   /usr/lib/x86_64-linux-gnu/libxcb-shm.so.0.0.0
7fa652f01000-7fa653101000 ---p 00002000 08:02 11019530                   /usr/lib/x86_64-linux-gnu/libxcb-shm.so.0.0.0
7fa653101000-7fa653102000 r--p 00002000 08:02 11019530                   /usr/lib/x86_64-linux-gnu/libxcb-shm.so.0.0.0
7fa653102000-7fa653103000 rw-p 00003000 08:02 11019530                   /usr/lib/x86_64-linux-gnu/libxcb-shm.so.0.0.0
7fa653103000-7fa653127000 r-xp 00000000 08:02 5247535                    /lib/x86_64-linux-gnu/libpng12.so.0.54.0
7fa653127000-7fa653326000 ---p 00024000 08:02 5247535                    /lib/x86_64-linux-gnu/libpng12.so.0.54.0
7fa653326000-7fa653327000 r--p 00023000 08:02 5247535                    /lib/x86_64-linux-gnu/libpng12.so.0.54.0
7fa653327000-7fa653328000 rw-p 00024000 08:02 5247535                    /lib/x86_64-linux-gnu/libpng12.so.0.54.0
7fa653328000-7fa6533c7000 r-xp 00000000 08:02 11019123                   /usr/lib/x86_64-linux-gnu/libpixman-1.so.0.33.6
7fa6533c7000-7fa6535c7000 ---p 0009f000 08:02 11019123                   /usr/lib/x86_64-linux-gnu/libpixman-1.so.0.33.6
7fa6535c7000-7fa6535cf000 r--p 0009f000 08:02 11019123                   /usr/lib/x86_64-linux-gnu/libpixman-1.so.0.33.6
7fa6535cf000-7fa6535d0000 rw-p 000a7000 08:02 11019123                   /usr/lib/x86_64-linux-gnu/libpixman-1.so.0.33.6
7fa6535d0000-7fa65362c000 r-xp 00000000 08:02 11014570                   /usr/lib/x86_64-linux-gnu/libharfbuzz.so.0.10000.1
7fa65362c000-7fa65382c000 ---p 0005c000 08:02 11014570                   /usr/lib/x86_64-linux-gnu/libharfbuzz.so.0.10000.1
7fa65382c000-7fa65382d000 r--p 0005c000 08:02 11014570                   /usr/lib/x86_64-linux-gnu/libharfbuzz.so.0.10000.1
7fa65382d000-7fa65382e000 rw-p 0005d000 08:02 11014570                   /usr/lib/x86_64-linux-gnu/libharfbuzz.so.0.10000.1
7fa65382e000-7fa653845000 r-xp 00000000 08:02 5247326                    /lib/x86_64-linux-gnu/libresolv-2.23.so
7fa653845000-7fa653a45000 ---p 00017000 08:02 5247326                    /lib/x86_64-linux-gnu/libresolv-2.23.so
7fa653a45000-7fa653a46000 r--p 00017000 08:02 5247326                    /lib/x86_64-linux-gnu/libresolv-2.23.so
7fa653a46000-7fa653a47000 rw-p 00018000 08:02 5247326                    /lib/x86_64-linux-gnu/libresolv-2.23.so
7fa653a47000-7fa653a49000 rw-p 00000000 00:00 0 
7fa653a49000-7fa653a68000 r-xp 00000000 08:02 5247552                    /lib/x86_64-linux-gnu/libselinux.so.1
7fa653a68000-7fa653c67000 ---p 0001f000 08:02 5247552                    /lib/x86_64-linux-gnu/libselinux.so.1
7fa653c67000-7fa653c68000 r--p 0001e000 08:02 5247552                    /lib/x86_64-linux-gnu/libselinux.so.1
7fa653c68000-7fa653c69000 rw-p 0001f000 08:02 5247552                    /lib/x86_64-linux-gnu/libselinux.so.1
7fa653c69000-7fa653c6b000 rw-p 00000000 00:00 0 
7fa653c6b000-7fa653c84000 r-xp 00000000 08:02 5242885                    /lib/x86_64-linux-gnu/libz.so.1.2.8
7fa653c84000-7fa653e83000 ---p 00019000 08:02 5242885                    /lib/x86_64-linux-gnu/libz.so.1.2.8
7fa653e83000-7fa653e84000 r--p 00018000 08:02 5242885                    /lib/x86_64-linux-gnu/libz.so.1.2.8
7fa653e84000-7fa653e85000 rw-p 00019000 08:02 5242885                    /lib/x86_64-linux-gnu/libz.so.1.2.8
7fa653e85000-7fa653e96000 r-xp 00000000 08:02 11018175                   /usr/lib/x86_64-linux-gnu/libXext.so.6.4.0
7fa653e96000-7fa654095000 ---p 00011000 08:02 11018175                   /usr/lib/x86_64-linux-gnu/libXext.so.6.4.0
7fa654095000-7fa654096000 r--p 00010000 08:02 11018175                   /usr/lib/x86_64-linux-gnu/libXext.so.6.4.0
7fa654096000-7fa654097000 rw-p 00011000 08:02 11018175                   /usr/lib/x86_64-linux-gnu/libXext.so.6.4.0
7fa654097000-7fa654099000 r-xp 00000000 08:02 11018171                   /usr/lib/x86_64-linux-gnu/libXdamage.so.1.1.0
7fa654099000-7fa654298000 ---p 00002000 08:02 11018171                   /usr/lib/x86_64-linux-gnu/libXdamage.so.1.1.0
7fa654298000-7fa654299000 r--p 00001000 08:02 11018171                   /usr/lib/x86_64-linux-gnu/libXdamage.so.1.1.0
7fa654299000-7fa65429a000 rw-p 00002000 08:02 11018171                   /usr/lib/x86_64-linux-gnu/libXdamage.so.1.1.0
7fa65429a000-7fa65429c000 r-xp 00000000 08:02 11018167                   /usr/lib/x86_64-linux-gnu/libXcomposite.so.1.0.0
7fa65429c000-7fa65449b000 ---p 00002000 08:02 11018167                   /usr/lib/x86_64-linux-gnu/libXcomposite.so.1.0.0
7fa65449b000-7fa65449c000 r--p 00001000 08:02 11018167                   /usr/lib/x86_64-linux-gnu/libXcomposite.so.1.0.0
7fa65449c000-7fa65449d000 rw-p 00002000 08:02 11018167                   /usr/lib/x86_64-linux-gnu/libXcomposite.so.1.0.0
7fa65449d000-7fa6544a6000 r-xp 00000000 08:02 11018169                   /usr/lib/x86_64-linux-gnu/libXcursor.so.1.0.2
7fa6544a6000-7fa6546a5000 ---p 00009000 08:02 11018169                   /usr/lib/x86_64-linux-gnu/libXcursor.so.1.0.2
7fa6546a5000-7fa6546a6000 r--p 00008000 08:02 11018169                   /usr/lib/x86_64-linux-gnu/libXcursor.so.1.0.2
7fa6546a6000-7fa6546a7000 rw-p 00009000 08:02 11018169                   /usr/lib/x86_64-linux-gnu/libXcursor.so.1.0.2
7fa6546a7000-7fa6546b1000 r-xp 00000000 08:02 11018193                   /usr/lib/x86_64-linux-gnu/libXrandr.so.2.2.0
7fa6546b1000-7fa6548b0000 ---p 0000a000 08:02 11018193                   /usr/lib/x86_64-linux-gnu/libXrandr.so.2.2.0
7fa6548b0000-7fa6548b1000 r--p 00009000 08:02 11018193                   /usr/lib/x86_64-linux-gnu/libXrandr.so.2.2.0
7fa6548b1000-7fa6548b2000 rw-p 0000a000 08:02 11018193                   /usr/lib/x86_64-linux-gnu/libXrandr.so.2.2.0
7fa6548b2000-7fa6548c1000 r-xp 00000000 08:02 11018183                   /usr/lib/x86_64-linux-gnu/libXi.so.6.1.0
7fa6548c1000-7fa654ac0000 ---p 0000f000 08:02 11018183                   /usr/lib/x86_64-linux-gnu/libXi.so.6.1.0
7fa654ac0000-7fa654ac1000 r--p 0000e000 08:02 11018183                   /usr/lib/x86_64-linux-gnu/libXi.so.6.1.0
7fa654ac1000-7fa654ac2000 rw-p 0000f000 08:02 11018183                   /usr/lib/x86_64-linux-gnu/libXi.so.6.1.0
7fa654ac2000-7fa654ac4000 r-xp 00000000 08:02 11018185                   /usr/lib/x86_64-linux-gnu/libXinerama.so.1.0.0
7fa654ac4000-7fa654cc3000 ---p 00002000 08:02 11018185                   /usr/lib/x86_64-linux-gnu/libXinerama.so.1.0.0
7fa654cc3000-7fa654cc4000 r--p 00001000 08:02 11018185                   /usr/lib/x86_64-linux-gnu/libXinerama.so.1.0.0
7fa654cc4000-7fa654cc5000 rw-p 00002000 08:02 11018185                   /usr/lib/x86_64-linux-gnu/libXinerama.so.1.0.0
7fa654cc5000-7fa654cce000 r-xp 00000000 08:02 11018195                   /usr/lib/x86_64-linux-gnu/libXrender.so.1.3.0
7fa654cce000-7fa654ecd000 ---p 00009000 08:02 11018195                   /usr/lib/x86_64-linux-gnu/libXrender.so.1.3.0
7fa654ecd000-7fa654ece000 r--p 00008000 08:02 11018195                   /usr/lib/x86_64-linux-gnu/libXrender.so.1.3.0
7fa654ece000-7fa654ecf000 rw-p 00009000 08:02 11018195                   /usr/lib/x86_64-linux-gnu/libXrender.so.1.3.0
7fa654ecf000-7fa654ed4000 r-xp 00000000 08:02 11018177                   /usr/lib/x86_64-linux-gnu/libXfixes.so.3.1.0
7fa654ed4000-7fa6550d3000 ---p 00005000 08:02 11018177                   /usr/lib/x86_64-linux-gnu/libXfixes.so.3.1.0
7fa6550d3000-7fa6550d4000 r--p 00004000 08:02 11018177                   /usr/lib/x86_64-linux-gnu/libXfixes.so.3.1.0
7fa6550d4000-7fa6550d5000 rw-p 00005000 08:02 11018177                   /usr/lib/x86_64-linux-gnu/libXfixes.so.3.1.0
7fa6550d5000-7fa6550eb000 r-xp 00000000 08:02 5247432                    /lib/x86_64-linux-gnu/libgcc_s.so.1
7fa6550eb000-7fa6552ea000 ---p 00016000 08:02 5247432                    /lib/x86_64-linux-gnu/libgcc_s.so.1
7fa6552ea000-7fa6552eb000 rw-p 00015000 08:02 5247432                    /lib/x86_64-linux-gnu/libgcc_s.so.1
7fa6552eb000-7fa65545d000 r-xp 00000000 08:02 11012226                   /usr/lib/x86_64-linux-gnu/libstdc++.so.6.0.21
7fa65545d000-7fa65565d000 ---p 00172000 08:02 11012226                   /usr/lib/x86_64-linux-gnu/libstdc++.so.6.0.21
7fa65565d000-7fa655667000 r--p 00172000 08:02 11012226                   /usr/lib/x86_64-linux-gnu/libstdc++.so.6.0.21
7fa655667000-7fa655669000 rw-p 0017c000 08:02 11012226                   /usr/lib/x86_64-linux-gnu/libstdc++.so.6.0.21
7fa655669000-7fa65566d000 rw-p 00000000 00:00 0 
7fa65566d000-7fa6556b1000 r-xp 00000000 08:02 11025168                   /usr/lib/nvidia-375/libGL.so.1.0.0
7fa6556b1000-7fa6556e3000 r-xp 00044000 08:02 11025168                   /usr/lib/nvidia-375/libGL.so.1.0.0
7fa6556e3000-7fa6556f6000 r-xp 00076000 08:02 11025168                   /usr/lib/nvidia-375/libGL.so.1.0.0
7fa6556f6000-7fa6558f6000 ---p 00089000 08:02 11025168                   /usr/lib/nvidia-375/libGL.so.1.0.0
7fa6558f6000-7fa655910000 rw-p 00089000 08:02 11025168                   /usr/lib/nvidia-375/libGL.so.1.0.0
7fa655910000-7fa655911000 rw-p 00000000 00:00 0 
7fa655911000-7fa655916000 r-xp 00000000 08:02 11018211                   /usr/lib/x86_64-linux-gnu/libXxf86vm.so.1.0.0
7fa655916000-7fa655b15000 ---p 00005000 08:02 11018211                   /usr/lib/x86_64-linux-gnu/libXxf86vm.so.1.0.0
7fa655b15000-7fa655b16000 r--p 00004000 08:02 11018211                   /usr/lib/x86_64-linux-gnu/libXxf86vm.so.1.0.0
7fa655b16000-7fa655b17000 rw-p 00005000 08:02 11018211                   /usr/lib/x86_64-linux-gnu/libXxf86vm.so.1.0.0
7fa655b17000-7fa655c4c000 r-xp 00000000 08:02 11018158                   /usr/lib/x86_64-linux-gnu/libX11.so.6.3.0
7fa655c4c000-7fa655e4c000 ---p 00135000 08:02 11018158                   /usr/lib/x86_64-linux-gnu/libX11.so.6.3.0
7fa655e4c000-7fa655e4d000 r--p 00135000 08:02 11018158                   /usr/lib/x86_64-linux-gnu/libX11.so.6.3.0
7fa655e4d000-7fa655e51000 rw-p 00136000 08:02 11018158                   /usr/lib/x86_64-linux-gnu/libX11.so.6.3.0
7fa655e51000-7fa655e56000 r-xp 00000000 08:02 11018201                   /usr/lib/x86_64-linux-gnu/libXtst.so.6.1.0
7fa655e56000-7fa656055000 ---p 00005000 08:02 11018201                   /usr/lib/x86_64-linux-gnu/libXtst.so.6.1.0
7fa656055000-7fa656056000 r--p 00004000 08:02 11018201                   /usr/lib/x86_64-linux-gnu/libXtst.so.6.1.0
7fa656056000-7fa656057000 rw-p 00005000 08:02 11018201                   /usr/lib/x86_64-linux-gnu/libXtst.so.6.1.0
7fa656057000-7fa656166000 r-xp 00000000 08:02 5247358                    /lib/x86_64-linux-gnu/libglib-2.0.so.0.4800.2
7fa656166000-7fa656365000 ---p 0010f000 08:02 5247358                    /lib/x86_64-linux-gnu/libglib-2.0.so.0.4800.2
7fa656365000-7fa656366000 r--p 0010e000 08:02 5247358                    /lib/x86_64-linux-gnu/libglib-2.0.so.0.4800.2
7fa656366000-7fa656367000 rw-p 0010f000 08:02 5247358                    /lib/x86_64-linux-gnu/libglib-2.0.so.0.4800.2
7fa656367000-7fa656368000 rw-p 00000000 00:00 0 
7fa656368000-7fa656369000 r-xp 00000000 08:02 11010466                   /usr/lib/x86_64-linux-gnu/libgthread-2.0.so.0.4800.2
7fa656369000-7fa656568000 ---p 00001000 08:02 11010466                   /usr/lib/x86_64-linux-gnu/libgthread-2.0.so.0.4800.2
7fa656568000-7fa656569000 r--p 00000000 08:02 11010466                   /usr/lib/x86_64-linux-gnu/libgthread-2.0.so.0.4800.2
7fa656569000-7fa65656a000 rw-p 00001000 08:02 11010466                   /usr/lib/x86_64-linux-gnu/libgthread-2.0.so.0.4800.2
7fa65656a000-7fa65656d000 r-xp 00000000 08:02 11010442                   /usr/lib/x86_64-linux-gnu/libgmodule-2.0.so.0.4800.2
7fa65656d000-7fa65676c000 ---p 00003000 08:02 11010442                   /usr/lib/x86_64-linux-gnu/libgmodule-2.0.so.0.4800.2
7fa65676c000-7fa65676d000 r--p 00002000 08:02 11010442                   /usr/lib/x86_64-linux-gnu/libgmodule-2.0.so.0.4800.2
7fa65676d000-7fa65676e000 rw-p 00003000 08:02 11010442                   /usr/lib/x86_64-linux-gnu/libgmodule-2.0.so.0.4800.2
7fa65676e000-7fa6567c0000 r-xp 00000000 08:02 11010487                   /usr/lib/x86_64-linux-gnu/libgobject-2.0.so.0.4800.2
7fa6567c0000-7fa6569bf000 ---p 00052000 08:02 11010487                   /usr/lib/x86_64-linux-gnu/libgobject-2.0.so.0.4800.2
7fa6569bf000-7fa6569c0000 r--p 00051000 08:02 11010487                   /usr/lib/x86_64-linux-gnu/libgobject-2.0.so.0.4800.2
7fa6569c0000-7fa6569c1000 rw-p 00052000 08:02 11010487                   /usr/lib/x86_64-linux-gnu/libgobject-2.0.so.0.4800.2
7fa6569c1000-7fa6569fe000 r-xp 00000000 08:02 11014469                   /usr/lib/x86_64-linux-gnu/libfontconfig.so.1.9.0
7fa6569fe000-7fa656bfd000 ---p 0003d000 08:02 11014469                   /usr/lib/x86_64-linux-gnu/libfontconfig.so.1.9.0
7fa656bfd000-7fa656bff000 r--p 0003c000 08:02 11014469                   /usr/lib/x86_64-linux-gnu/libfontconfig.so.1.9.0
7fa656bff000-7fa656c04000 rw-p 0003e000 08:02 11014469                   /usr/lib/x86_64-linux-gnu/libfontconfig.so.1.9.0
7fa656c04000-7fa656ca8000 r-xp 00000000 08:02 11014475                   /usr/lib/x86_64-linux-gnu/libfreetype.so.6.12.1
7fa656ca8000-7fa656ea7000 ---p 000a4000 08:02 11014475                   /usr/lib/x86_64-linux-gnu/libfreetype.so.6.12.1
7fa656ea7000-7fa656ead000 r--p 000a3000 08:02 11014475                   /usr/lib/x86_64-linux-gnu/libfreetype.so.6.12.1
7fa656ead000-7fa656eae000 rw-p 000a9000 08:02 11014475                   /usr/lib/x86_64-linux-gnu/libfreetype.so.6.12.1
7fa656eae000-7fa656ef7000 r-xp 00000000 08:02 11019093                   /usr/lib/x86_64-linux-gnu/libpango-1.0.so.0.3800.1
7fa656ef7000-7fa6570f7000 ---p 00049000 08:02 11019093                   /usr/lib/x86_64-linux-gnu/libpango-1.0.so.0.3800.1
7fa6570f7000-7fa6570f9000 r--p 00049000 08:02 11019093                   /usr/lib/x86_64-linux-gnu/libpango-1.0.so.0.3800.1
7fa6570f9000-7fa6570fa000 rw-p 0004b000 08:02 11019093                   /usr/lib/x86_64-linux-gnu/libpango-1.0.so.0.3800.1
7fa6570fa000-7fa657208000 r-xp 00000000 08:02 11018322                   /usr/lib/x86_64-linux-gnu/libcairo.so.2.11400.6
7fa657208000-7fa657408000 ---p 0010e000 08:02 11018322                   /usr/lib/x86_64-linux-gnu/libcairo.so.2.11400.6
7fa657408000-7fa65740b000 r--p 0010e000 08:02 11018322                   /usr/lib/x86_64-linux-gnu/libcairo.so.2.11400.6
7fa65740b000-7fa65740c000 rw-p 00111000 08:02 11018322                   /usr/lib/x86_64-linux-gnu/libcairo.so.2.11400.6
7fa65740c000-7fa65740e000 rw-p 00000000 00:00 0 
7fa65740e000-7fa65741a000 r-xp 00000000 08:02 11019095                   /usr/lib/x86_64-linux-gnu/libpangocairo-1.0.so.0.3800.1
7fa65741a000-7fa657619000 ---p 0000c000 08:02 11019095                   /usr/lib/x86_64-linux-gnu/libpangocairo-1.0.so.0.3800.1
7fa657619000-7fa65761a000 r--p 0000b000 08:02 11019095                   /usr/lib/x86_64-linux-gnu/libpangocairo-1.0.so.0.3800.1
7fa65761a000-7fa65761b000 rw-p 0000c000 08:02 11019095                   /usr/lib/x86_64-linux-gnu/libpangocairo-1.0.so.0.3800.1
7fa65761b000-7fa65763c000 r-xp 00000000 08:02 11014479                   /usr/lib/x86_64-linux-gnu/libgdk_pixbuf-2.0.so.0.3200.2
7fa65763c000-7fa65783b000 ---p 00021000 08:02 11014479                   /usr/lib/x86_64-linux-gnu/libgdk_pixbuf-2.0.so.0.3200.2
7fa65783b000-7fa65783c000 r--p 00020000 08:02 11014479                   /usr/lib/x86_64-linux-gnu/libgdk_pixbuf-2.0.so.0.3200.2
7fa65783c000-7fa65783d000 rw-p 00021000 08:02 11014479                   /usr/lib/x86_64-linux-gnu/libgdk_pixbuf-2.0.so.0.3200.2
7fa65783d000-7fa657851000 r-xp 00000000 08:02 11019097                   /usr/lib/x86_64-linux-gnu/libpangoft2-1.0.so.0.3800.1
7fa657851000-7fa657a51000 ---p 00014000 08:02 11019097                   /usr/lib/x86_64-linux-gnu/libpangoft2-1.0.so.0.3800.1
7fa657a51000-7fa657a52000 r--p 00014000 08:02 11019097                   /usr/lib/x86_64-linux-gnu/libpangoft2-1.0.so.0.3800.1
7fa657a52000-7fa657a53000 rw-p 00015000 08:02 11019097                   /usr/lib/x86_64-linux-gnu/libpangoft2-1.0.so.0.3800.1
7fa657a53000-7fa657bd3000 r-xp 00000000 08:02 11010490                   /usr/lib/x86_64-linux-gnu/libgio-2.0.so.0.4800.2
7fa657bd3000-7fa657dd3000 ---p 00180000 08:02 11010490                   /usr/lib/x86_64-linux-gnu/libgio-2.0.so.0.4800.2
7fa657dd3000-7fa657dd7000 r--p 00180000 08:02 11010490                   /usr/lib/x86_64-linux-gnu/libgio-2.0.so.0.4800.2
7fa657dd7000-7fa657dd9000 rw-p 00184000 08:02 11010490                   /usr/lib/x86_64-linux-gnu/libgio-2.0.so.0.4800.2
7fa657dd9000-7fa657ddb000 rw-p 00000000 00:00 0 
7fa657ddb000-7fa657dfd000 r-xp 00000000 08:02 11018266                   /usr/lib/x86_64-linux-gnu/libatk-1.0.so.0.21809.1
7fa657dfd000-7fa657ffc000 ---p 00022000 08:02 11018266                   /usr/lib/x86_64-linux-gnu/libatk-1.0.so.0.21809.1
7fa657ffc000-7fa657fff000 r--p 00021000 08:02 11018266                   /usr/lib/x86_64-linux-gnu/libatk-1.0.so.0.21809.1
7fa657fff000-7fa658000000 rw-p 00024000 08:02 11018266                   /usr/lib/x86_64-linux-gnu/libatk-1.0.so.0.21809.1
7fa658000000-7fa658021000 rw-p 00000000 00:00 0 
7fa658021000-7fa65c000000 ---p 00000000 00:00 0 
7fa65c000000-7fa65c8e4000 rw-p 00000000 00:00 0 
7fa65c8e4000-7fa660000000 ---p 00000000 00:00 0 
7fa660000000-7fa660590000 rw-p 00000000 00:00 0 
7fa660590000-7fa664000000 ---p 00000000 00:00 0 
7fa664000000-7fa664021000 rw-p 00000000 00:00 0 
7fa664021000-7fa668000000 ---p 00000000 00:00 0 
7fa668000000-7fa66850f000 rw-p 00000000 00:00 0 
7fa66850f000-7fa66c000000 ---p 00000000 00:00 0 
7fa66c000000-7fa66c54c000 rw-p 00000000 00:00 0 
7fa66c54c000-7fa670000000 ---p 00000000 00:00 0 
7fa670000000-7fa670021000 rw-p 00000000 00:00 0 
7fa670021000-7fa674000000 ---p 00000000 00:00 0 
7fa674000000-7fa674021000 rw-p 00000000 00:00 0 
7fa674021000-7fa678000000 ---p 00000000 00:00 0 
7fa678000000-7fa678021000 rw-p 00000000 00:00 0 
7fa678021000-7fa67c000000 ---p 00000000 00:00 0 
7fa67c000000-7fa67c021000 rw-p 00000000 00:00 0 
7fa67c021000-7fa680000000 ---p 00000000 00:00 0 
7fa680000000-7fa680021000 rw-p 00000000 00:00 0 
7fa680021000-7fa684000000 ---p 00000000 00:00 0 
7fa684000000-7fa684021000 rw-p 00000000 00:00 0 
7fa684021000-7fa688000000 ---p 00000000 00:00 0 
7fa688000000-7fa688021000 rw-p 00000000 00:00 0 
7fa688021000-7fa68c000000 ---p 00000000 00:00 0 
7fa68c000000-7fa68c001000 r--s 00000000 08:02 7865481                    /var/cache/fontconfig/b9d506c9ac06c20b433354fa67a72993-le64.cache-6
7fa68c001000-7fa68c002000 r--s 00000000 08:02 7865470                    /var/cache/fontconfig/551ecf3b0e8b0bca0f25c0944f561853-le64.cache-6
7fa68c002000-7fa68c006000 r--s 00000000 08:02 7865400                    /var/cache/fontconfig/7ef2298fde41cc6eeb7af42e48b7d293-le64.cache-6
7fa68c006000-7fa68c00c000 r--p 00000000 08:02 1583329                    /home/alexandre/.config/dconf/user
7fa68c00c000-7fa68c052000 r--p 00000000 08:02 12062229                   /usr/share/glib-2.0/schemas/gschemas.compiled
7fa68c052000-7fa68c065000 rw-s 2cc51000 00:06 459                        /dev/nvidiactl
7fa68c065000-7fa68c0a5000 rw-s 376c0000 00:06 459                        /dev/nvidiactl
7fa68c0a5000-7fa68c1a9000 rw-s 155be1000 00:06 459                       /dev/nvidiactl
7fa68c1a9000-7fa68c259000 r-xp 00000000 08:02 11018631                   /usr/lib/x86_64-linux-gnu/libgdk-x11-2.0.so.0.2400.30
7fa68c259000-7fa68c458000 ---p 000b0000 08:02 11018631                   /usr/lib/x86_64-linux-gnu/libgdk-x11-2.0.so.0.2400.30
7fa68c458000-7fa68c45c000 r--p 000af000 08:02 11018631                   /usr/lib/x86_64-linux-gnu/libgdk-x11-2.0.so.0.2400.30
7fa68c45c000-7fa68c45e000 rw-p 000b3000 08:02 11018631                   /usr/lib/x86_64-linux-gnu/libgdk-x11-2.0.so.0.2400.30
7fa68c45e000-7fa68c89c000 r-xp 00000000 08:02 11018776                   /usr/lib/x86_64-linux-gnu/libgtk-x11-2.0.so.0.2400.30
7fa68c89c000-7fa68ca9b000 ---p 0043e000 08:02 11018776                   /usr/lib/x86_64-linux-gnu/libgtk-x11-2.0.so.0.2400.30
7fa68ca9b000-7fa68caa2000 r--p 0043d000 08:02 11018776                   /usr/lib/x86_64-linux-gnu/libgtk-x11-2.0.so.0.2400.30
7fa68caa2000-7fa68caa6000 rw-p 00444000 08:02 11018776                   /usr/lib/x86_64-linux-gnu/libgtk-x11-2.0.so.0.2400.30
7fa68caa6000-7fa68caa9000 rw-p 00000000 00:00 0 
7fa68caa9000-7fa68cab5000 r-xp 00000000 08:02 2492888                    /home/alexandre/jdks/jdk1.8.0_131/jre/lib/amd64/libprism_es2.so
7fa68cab5000-7fa68ccb4000 ---p 0000c000 08:02 2492888                    /home/alexandre/jdks/jdk1.8.0_131/jre/lib/amd64/libprism_es2.so
7fa68ccb4000-7fa68ccb5000 rw-p 0000b000 08:02 2492888                    /home/alexandre/jdks/jdk1.8.0_131/jre/lib/amd64/libprism_es2.so
7fa68ccb5000-7fa68ccb8000 ---p 00000000 00:00 0 
7fa68ccb8000-7fa68cdb6000 rw-p 00000000 00:00 0 
7fa68cdb6000-7fa68cdb7000 ---p 00000000 00:00 0 
7fa68cdb7000-7fa68ceb7000 rw-p 00000000 00:00 0 
7fa68ceb7000-7fa68ceba000 ---p 00000000 00:00 0 
7fa68ceba000-7fa68cfb8000 rw-p 00000000 00:00 0 
7fa68cfb8000-7fa68cfbb000 ---p 00000000 00:00 0 
7fa68cfbb000-7fa68d0b9000 rw-p 00000000 00:00 0 
7fa68d0b9000-7fa68d0bc000 ---p 00000000 00:00 0 
7fa68d0bc000-7fa68d1ba000 rw-p 00000000 00:00 0 
7fa68d1ba000-7fa68d1bd000 ---p 00000000 00:00 0 
7fa68d1bd000-7fa68d2bb000 rw-p 00000000 00:00 0 
7fa68d2bb000-7fa68d2be000 ---p 00000000 00:00 0 
7fa68d2be000-7fa68d3bc000 rw-p 00000000 00:00 0 
7fa68d3bc000-7fa68d695000 r--p 00000000 08:02 11011689                   /usr/lib/locale/locale-archive
7fa68d695000-7fa68d698000 ---p 00000000 00:00 0 
7fa68d698000-7fa68d796000 rw-p 00000000 00:00 0 
7fa68d796000-7fa68d799000 ---p 00000000 00:00 0 
7fa68d799000-7fa68d897000 rw-p 00000000 00:00 0 
7fa68d897000-7fa68d898000 ---p 00000000 00:00 0 
7fa68d898000-7fa690000000 rw-p 00000000 00:00 0 
7fa690000000-7fa690021000 rw-p 00000000 00:00 0 
7fa690021000-7fa694000000 ---p 00000000 00:00 0 
7fa694000000-7fa694001000 r--s 00000000 08:02 7865466                    /var/cache/fontconfig/30829fa25452a46451e813d634d7f916-le64.cache-6
7fa694001000-7fa694003000 r--s 0000c000 08:02 2621730                    /home/alexandre/git/titanium/titanium/lib/json-20160810.jar
7fa694003000-7fa694023000 rw-s a0100000 00:06 460                        /dev/nvidia0
7fa694023000-7fa694063000 rw-s 069ea000 00:06 459                        /dev/nvidiactl
7fa694063000-7fa6940f9000 r--s 0110d000 08:02 2492732                    /home/alexandre/jdks/jdk1.8.0_131/jre/lib/ext/jfxrt.jar
7fa6940f9000-7fa695000000 rw-p 00000000 00:00 0 
7fa695000000-7fa6956e0000 rwxp 00000000 00:00 0 
7fa6956e0000-7fa6a4000000 ---p 00000000 00:00 0 
7fa6a4000000-7fa6a441e000 rw-p 00000000 00:00 0 
7fa6a441e000-7fa6a8000000 ---p 00000000 00:00 0 
7fa6a8000000-7fa6a8001000 r--s 00000000 08:02 7865465                    /var/cache/fontconfig/0c9eb80ebd1c36541ebe2852d3bb0c49-le64.cache-6
7fa6a8001000-7fa6a8003000 rw-s 00000000 08:02 4194441                    /tmp/.glPAKey1 (deleted)
7fa6a8003000-7fa6a8004000 r--s 00000000 00:29 43                         /run/user/1000/dconf/user
7fa6a8004000-7fa6a8024000 rw-s 7d418000 00:06 459                        /dev/nvidiactl
7fa6a8044000-7fa6a80e9000 rw-p 00000000 00:00 0 
7fa6a80e9000-7fa6a82c2000 r--s 03d40000 08:02 2492675                    /home/alexandre/jdks/jdk1.8.0_131/jre/lib/rt.jar
7fa6a82c2000-7fa6a851e000 rw-p 00000000 00:00 0 
7fa6a851e000-7fa6a851f000 ---p 00000000 00:00 0 
7fa6a851f000-7fa6a861f000 rw-p 00000000 00:00 0 
7fa6a861f000-7fa6a8620000 ---p 00000000 00:00 0 
7fa6a8620000-7fa6a8720000 rw-p 00000000 00:00 0 
7fa6a8720000-7fa6a8721000 ---p 00000000 00:00 0 
7fa6a8721000-7fa6a8821000 rw-p 00000000 00:00 0 
7fa6a8821000-7fa6a8822000 ---p 00000000 00:00 0 
7fa6a8822000-7fa6a8937000 rw-p 00000000 00:00 0 
7fa6a8937000-7fa6a8a66000 ---p 00000000 00:00 0 
7fa6a8a66000-7fa6a8a7b000 rw-p 00000000 00:00 0 
7fa6a8a7b000-7fa6a8baa000 ---p 00000000 00:00 0 
7fa6a8baa000-7fa6a8bbc000 rw-p 00000000 00:00 0 
7fa6a8bbc000-7fa6a8c4c000 ---p 00000000 00:00 0 
7fa6a8c4c000-7fa6a8c69000 rw-p 00000000 00:00 0 
7fa6a8c69000-7fa6a900d000 ---p 00000000 00:00 0 
7fa6a900d000-7fa6a9027000 r-xp 00000000 08:02 2492880                    /home/alexandre/jdks/jdk1.8.0_131/jre/lib/amd64/libzip.so
7fa6a9027000-7fa6a9227000 ---p 0001a000 08:02 2492880                    /home/alexandre/jdks/jdk1.8.0_131/jre/lib/amd64/libzip.so
7fa6a9227000-7fa6a9228000 rw-p 0001a000 08:02 2492880                    /home/alexandre/jdks/jdk1.8.0_131/jre/lib/amd64/libzip.so
7fa6a9228000-7fa6a9233000 r-xp 00000000 08:02 5247315                    /lib/x86_64-linux-gnu/libnss_files-2.23.so
7fa6a9233000-7fa6a9432000 ---p 0000b000 08:02 5247315                    /lib/x86_64-linux-gnu/libnss_files-2.23.so
7fa6a9432000-7fa6a9433000 r--p 0000a000 08:02 5247315                    /lib/x86_64-linux-gnu/libnss_files-2.23.so
7fa6a9433000-7fa6a9434000 rw-p 0000b000 08:02 5247315                    /lib/x86_64-linux-gnu/libnss_files-2.23.so
7fa6a9434000-7fa6a943a000 rw-p 00000000 00:00 0 
7fa6a943a000-7fa6a9445000 r-xp 00000000 08:02 5247318                    /lib/x86_64-linux-gnu/libnss_nis-2.23.so
7fa6a9445000-7fa6a9644000 ---p 0000b000 08:02 5247318                    /lib/x86_64-linux-gnu/libnss_nis-2.23.so
7fa6a9644000-7fa6a9645000 r--p 0000a000 08:02 5247318                    /lib/x86_64-linux-gnu/libnss_nis-2.23.so
7fa6a9645000-7fa6a9646000 rw-p 0000b000 08:02 5247318                    /lib/x86_64-linux-gnu/libnss_nis-2.23.so
7fa6a9646000-7fa6a965c000 r-xp 00000000 08:02 5247310                    /lib/x86_64-linux-gnu/libnsl-2.23.so
7fa6a965c000-7fa6a985b000 ---p 00016000 08:02 5247310                    /lib/x86_64-linux-gnu/libnsl-2.23.so
7fa6a985b000-7fa6a985c000 r--p 00015000 08:02 5247310                    /lib/x86_64-linux-gnu/libnsl-2.23.so
7fa6a985c000-7fa6a985d000 rw-p 00016000 08:02 5247310                    /lib/x86_64-linux-gnu/libnsl-2.23.so
7fa6a985d000-7fa6a985f000 rw-p 00000000 00:00 0 
7fa6a985f000-7fa6a9867000 r-xp 00000000 08:02 5247324                    /lib/x86_64-linux-gnu/libnss_compat-2.23.so
7fa6a9867000-7fa6a9a66000 ---p 00008000 08:02 5247324                    /lib/x86_64-linux-gnu/libnss_compat-2.23.so
7fa6a9a66000-7fa6a9a67000 r--p 00007000 08:02 5247324                    /lib/x86_64-linux-gnu/libnss_compat-2.23.so
7fa6a9a67000-7fa6a9a68000 rw-p 00008000 08:02 5247324                    /lib/x86_64-linux-gnu/libnss_compat-2.23.so
7fa6a9a68000-7fa6a9a93000 r-xp 00000000 08:02 2492874                    /home/alexandre/jdks/jdk1.8.0_131/jre/lib/amd64/libjava.so
7fa6a9a93000-7fa6a9c92000 ---p 0002b000 08:02 2492874                    /home/alexandre/jdks/jdk1.8.0_131/jre/lib/amd64/libjava.so
7fa6a9c92000-7fa6a9c94000 rw-p 0002a000 08:02 2492874                    /home/alexandre/jdks/jdk1.8.0_131/jre/lib/amd64/libjava.so
7fa6a9c94000-7fa6a9ca1000 r-xp 00000000 08:02 2492879                    /home/alexandre/jdks/jdk1.8.0_131/jre/lib/amd64/libverify.so
7fa6a9ca1000-7fa6a9ea0000 ---p 0000d000 08:02 2492879                    /home/alexandre/jdks/jdk1.8.0_131/jre/lib/amd64/libverify.so
7fa6a9ea0000-7fa6a9ea2000 rw-p 0000c000 08:02 2492879                    /home/alexandre/jdks/jdk1.8.0_131/jre/lib/amd64/libverify.so
7fa6a9ea2000-7fa6a9ea9000 r-xp 00000000 08:02 5247320                    /lib/x86_64-linux-gnu/librt-2.23.so
7fa6a9ea9000-7fa6aa0a8000 ---p 00007000 08:02 5247320                    /lib/x86_64-linux-gnu/librt-2.23.so
7fa6aa0a8000-7fa6aa0a9000 r--p 00006000 08:02 5247320                    /lib/x86_64-linux-gnu/librt-2.23.so
7fa6aa0a9000-7fa6aa0aa000 rw-p 00007000 08:02 5247320                    /lib/x86_64-linux-gnu/librt-2.23.so
7fa6aa0aa000-7fa6aa1b2000 r-xp 00000000 08:02 5247330                    /lib/x86_64-linux-gnu/libm-2.23.so
7fa6aa1b2000-7fa6aa3b1000 ---p 00108000 08:02 5247330                    /lib/x86_64-linux-gnu/libm-2.23.so
7fa6aa3b1000-7fa6aa3b2000 r--p 00107000 08:02 5247330                    /lib/x86_64-linux-gnu/libm-2.23.so
7fa6aa3b2000-7fa6aa3b3000 rw-p 00108000 08:02 5247330                    /lib/x86_64-linux-gnu/libm-2.23.so
7fa6aa3b3000-7fa6ab082000 r-xp 00000000 08:02 2492857                    /home/alexandre/jdks/jdk1.8.0_131/jre/lib/amd64/server/libjvm.so
7fa6ab082000-7fa6ab282000 ---p 00ccf000 08:02 2492857                    /home/alexandre/jdks/jdk1.8.0_131/jre/lib/amd64/server/libjvm.so
7fa6ab282000-7fa6ab35b000 rw-p 00ccf000 08:02 2492857                    /home/alexandre/jdks/jdk1.8.0_131/jre/lib/amd64/server/libjvm.so
7fa6ab35b000-7fa6ab3a6000 rw-p 00000000 00:00 0 
7fa6ab3a6000-7fa6ab566000 r-xp 00000000 08:02 5247351                    /lib/x86_64-linux-gnu/libc-2.23.so
7fa6ab566000-7fa6ab766000 ---p 001c0000 08:02 5247351                    /lib/x86_64-linux-gnu/libc-2.23.so
7fa6ab766000-7fa6ab76a000 r--p 001c0000 08:02 5247351                    /lib/x86_64-linux-gnu/libc-2.23.so
7fa6ab76a000-7fa6ab76c000 rw-p 001c4000 08:02 5247351                    /lib/x86_64-linux-gnu/libc-2.23.so
7fa6ab76c000-7fa6ab770000 rw-p 00000000 00:00 0 
7fa6ab770000-7fa6ab773000 r-xp 00000000 08:02 5247323                    /lib/x86_64-linux-gnu/libdl-2.23.so
7fa6ab773000-7fa6ab972000 ---p 00003000 08:02 5247323                    /lib/x86_64-linux-gnu/libdl-2.23.so
7fa6ab972000-7fa6ab973000 r--p 00002000 08:02 5247323                    /lib/x86_64-linux-gnu/libdl-2.23.so
7fa6ab973000-7fa6ab974000 rw-p 00003000 08:02 5247323                    /lib/x86_64-linux-gnu/libdl-2.23.so
7fa6ab974000-7fa6ab989000 r-xp 00000000 08:02 2492490                    /home/alexandre/jdks/jdk1.8.0_131/lib/amd64/jli/libjli.so
7fa6ab989000-7fa6abb89000 ---p 00015000 08:02 2492490                    /home/alexandre/jdks/jdk1.8.0_131/lib/amd64/jli/libjli.so
7fa6abb89000-7fa6abb8a000 rw-p 00015000 08:02 2492490                    /home/alexandre/jdks/jdk1.8.0_131/lib/amd64/jli/libjli.so
7fa6abb8a000-7fa6abba2000 r-xp 00000000 08:02 5247317                    /lib/x86_64-linux-gnu/libpthread-2.23.so
7fa6abba2000-7fa6abda1000 ---p 00018000 08:02 5247317                    /lib/x86_64-linux-gnu/libpthread-2.23.so
7fa6abda1000-7fa6abda2000 r--p 00017000 08:02 5247317                    /lib/x86_64-linux-gnu/libpthread-2.23.so
7fa6abda2000-7fa6abda3000 rw-p 00018000 08:02 5247317                    /lib/x86_64-linux-gnu/libpthread-2.23.so
7fa6abda3000-7fa6abda7000 rw-p 00000000 00:00 0 
7fa6abda7000-7fa6abdcd000 r-xp 00000000 08:02 5247312                    /lib/x86_64-linux-gnu/ld-2.23.so
7fa6abdcd000-7fa6abdce000 rw-s 2cc50000 00:06 459                        /dev/nvidiactl
7fa6abdce000-7fa6abdd2000 rw-s 05976000 00:06 459                        /dev/nvidiactl
7fa6abdd2000-7fa6abdd3000 rw-s afee3000 00:06 460                        /dev/nvidia0
7fa6abdd3000-7fa6abdd4000 rw-s afee3000 00:06 460                        /dev/nvidia0
7fa6abdd4000-7fa6abea6000 rw-p 00000000 00:00 0 
7fa6abea6000-7fa6abea9000 ---p 00000000 00:00 0 
7fa6abea9000-7fa6abfab000 rw-p 00000000 00:00 0 
7fa6abfab000-7fa6abfac000 rw-s 1ad57000 00:06 459                        /dev/nvidiactl
7fa6abfac000-7fa6abfad000 rw-s b3060000 00:06 460                        /dev/nvidia0
7fa6abfad000-7fa6abfc0000 rw-p 00000000 00:00 0 
7fa6abfc0000-7fa6abfc8000 rw-s 00000000 08:02 5116239                    /tmp/hsperfdata_alexandre/2457
7fa6abfc8000-7fa6abfc9000 rw-p 00000000 00:00 0 
7fa6abfc9000-7fa6abfca000 r--p 00000000 00:00 0 
7fa6abfca000-7fa6abfcc000 rw-p 00000000 00:00 0 
7fa6abfcc000-7fa6abfcd000 r--p 00025000 08:02 5247312                    /lib/x86_64-linux-gnu/ld-2.23.so
7fa6abfcd000-7fa6abfce000 rw-p 00026000 08:02 5247312                    /lib/x86_64-linux-gnu/ld-2.23.so
7fa6abfce000-7fa6abfcf000 rw-p 00000000 00:00 0 
7ffcd90fb000-7ffcd911d000 rw-p 00000000 00:00 0                          [stack]
7ffcd91a1000-7ffcd91a3000 r--p 00000000 00:00 0                          [vvar]
7ffcd91a3000-7ffcd91a5000 r-xp 00000000 00:00 0                          [vdso]
ffffffffff600000-ffffffffff601000 r-xp 00000000 00:00 0                  [vsyscall]

VM Arguments:
jvm_args: -Dfile.encoding=UTF-8 
java_command: screach.titanium.App
java_class_path (initial): /home/alexandre/git/titanium/titanium/target/classes:/home/alexandre/git/titanium/titanium/lib/json-20160810.jar
Launcher Type: SUN_STANDARD

Environment Variables:
JAVA_HOME=/usr/lib/jvm/java-8-oracle
PATH=/usr/local/sbin:/usr/local/bin:/usr/sbin:/usr/bin:/sbin:/bin:/usr/games:/usr/local/games:/snap/bin:/usr/lib/jvm/java-8-oracle/bin:/usr/lib/jvm/java-8-oracle/db/bin:/usr/lib/jvm/java-8-oracle/jre/bin
SHELL=/bin/bash
DISPLAY=:0

Signal Handlers:
SIGSEGV: [libjvm.so+0xac8af0], sa_mask[0]=11111111011111111101111111111110, sa_flags=SA_RESTART|SA_SIGINFO
SIGBUS: [libjvm.so+0xac8af0], sa_mask[0]=11111111011111111101111111111110, sa_flags=SA_RESTART|SA_SIGINFO
SIGFPE: [libjvm.so+0x921dd0], sa_mask[0]=11111111011111111101111111111110, sa_flags=SA_RESTART|SA_SIGINFO
SIGPIPE: SIG_IGN, sa_mask[0]=00000000000010000000000000000000, sa_flags=SA_RESTART
SIGXFSZ: [libjvm.so+0x921dd0], sa_mask[0]=11111111011111111101111111111110, sa_flags=SA_RESTART|SA_SIGINFO
SIGILL: [libjvm.so+0x921dd0], sa_mask[0]=11111111011111111101111111111110, sa_flags=SA_RESTART|SA_SIGINFO
SIGUSR1: SIG_DFL, sa_mask[0]=00000000000000000000000000000000, sa_flags=none
SIGUSR2: [libjvm.so+0x923610], sa_mask[0]=00100000000000000000000000000000, sa_flags=SA_RESTART|SA_SIGINFO
SIGHUP: [libjvm.so+0x924a10], sa_mask[0]=11111111011111111101111111111110, sa_flags=SA_RESTART|SA_SIGINFO
SIGINT: [libjvm.so+0x924a10], sa_mask[0]=11111111011111111101111111111110, sa_flags=SA_RESTART|SA_SIGINFO
SIGTERM: [libjvm.so+0x924a10], sa_mask[0]=11111111011111111101111111111110, sa_flags=SA_RESTART|SA_SIGINFO
SIGQUIT: [libjvm.so+0x924a10], sa_mask[0]=11111111011111111101111111111110, sa_flags=SA_RESTART|SA_SIGINFO


---------------  S Y S T E M  ---------------

OS:DISTRIB_ID=Ubuntu
DISTRIB_RELEASE=16.04
DISTRIB_CODENAME=xenial
DISTRIB_DESCRIPTION="Ubuntu 16.04.2 LTS"

uname:Linux 4.4.0-92-generic #115-Ubuntu SMP Thu Aug 10 09:04:33 UTC 2017 x86_64
libc:glibc 2.23 NPTL 2.23 
rlimit: STACK 8192k, CORE 0k, NPROC 15073, NOFILE 65536, AS infinity
load average:0,52 0,30 0,26

/proc/meminfo:
MemTotal:        3974652 kB
MemFree:          108040 kB
MemAvailable:     180400 kB
Buffers:            7008 kB
Cached:           357888 kB
SwapCached:       181740 kB
Active:          2642232 kB
Inactive:         920316 kB
Active(anon):    2479616 kB
Inactive(anon):   824796 kB
Active(file):     162616 kB
Inactive(file):    95520 kB
Unevictable:         104 kB
Mlocked:             104 kB
SwapTotal:       4121596 kB
SwapFree:        2161004 kB
Dirty:               264 kB
Writeback:             0 kB
AnonPages:       3172880 kB
Mapped:           374352 kB
Shmem:            106836 kB
Slab:              87664 kB
SReclaimable:      42368 kB
SUnreclaim:        45296 kB
KernelStack:       14544 kB
PageTables:        53480 kB
NFS_Unstable:          0 kB
Bounce:                0 kB
WritebackTmp:          0 kB
CommitLimit:     6108920 kB
Committed_AS:   10568396 kB
VmallocTotal:   34359738367 kB
VmallocUsed:           0 kB
VmallocChunk:          0 kB
HardwareCorrupted:     0 kB
AnonHugePages:   1261568 kB
CmaTotal:              0 kB
CmaFree:               0 kB
HugePages_Total:       0
HugePages_Free:        0
HugePages_Rsvd:        0
HugePages_Surp:        0
Hugepagesize:       2048 kB
DirectMap4k:      373376 kB
DirectMap2M:     2701312 kB
DirectMap1G:     2097152 kB


CPU:total 4 (initial active 4) (2 cores per cpu, 2 threads per core) family 6 model 69 stepping 1, cmov, cx8, fxsr, mmx, sse, sse2, sse3, ssse3, sse4.1, sse4.2, popcnt, avx, avx2, aes, clmul, erms, lzcnt, ht, tsc, tscinvbit, bmi1, bmi2

/proc/cpuinfo:
processor	: 0
vendor_id	: GenuineIntel
cpu family	: 6
model		: 69
model name	: Intel(R) Core(TM) i3-4030U CPU @ 1.90GHz
stepping	: 1
microcode	: 0x1d
cpu MHz		: 1899.925
cache size	: 3072 KB
physical id	: 0
siblings	: 4
core id		: 0
cpu cores	: 2
apicid		: 0
initial apicid	: 0
fpu		: yes
fpu_exception	: yes
cpuid level	: 13
wp		: yes
flags		: fpu vme de pse tsc msr pae mce cx8 apic sep mtrr pge mca cmov pat pse36 clflush dts acpi mmx fxsr sse sse2 ss ht tm pbe syscall nx pdpe1gb rdtscp lm constant_tsc arch_perfmon pebs bts rep_good nopl xtopology nonstop_tsc aperfmperf eagerfpu pni pclmulqdq dtes64 monitor ds_cpl vmx est tm2 ssse3 sdbg fma cx16 xtpr pdcm pcid sse4_1 sse4_2 x2apic movbe popcnt tsc_deadline_timer aes xsave avx f16c rdrand lahf_lm abm epb tpr_shadow vnmi flexpriority ept vpid fsgsbase tsc_adjust bmi1 avx2 smep bmi2 erms invpcid xsaveopt dtherm ida arat pln pts
bugs		:
bogomips	: 3791.17
clflush size	: 64
cache_alignment	: 64
address sizes	: 39 bits physical, 48 bits virtual
power management:

processor	: 1
vendor_id	: GenuineIntel
cpu family	: 6
model		: 69
model name	: Intel(R) Core(TM) i3-4030U CPU @ 1.90GHz
stepping	: 1
microcode	: 0x1d
cpu MHz		: 1900.000
cache size	: 3072 KB
physical id	: 0
siblings	: 4
core id		: 0
cpu cores	: 2
apicid		: 1
initial apicid	: 1
fpu		: yes
fpu_exception	: yes
cpuid level	: 13
wp		: yes
flags		: fpu vme de pse tsc msr pae mce cx8 apic sep mtrr pge mca cmov pat pse36 clflush dts acpi mmx fxsr sse sse2 ss ht tm pbe syscall nx pdpe1gb rdtscp lm constant_tsc arch_perfmon pebs bts rep_good nopl xtopology nonstop_tsc aperfmperf eagerfpu pni pclmulqdq dtes64 monitor ds_cpl vmx est tm2 ssse3 sdbg fma cx16 xtpr pdcm pcid sse4_1 sse4_2 x2apic movbe popcnt tsc_deadline_timer aes xsave avx f16c rdrand lahf_lm abm epb tpr_shadow vnmi flexpriority ept vpid fsgsbase tsc_adjust bmi1 avx2 smep bmi2 erms invpcid xsaveopt dtherm ida arat pln pts
bugs		:
bogomips	: 3791.17
clflush size	: 64
cache_alignment	: 64
address sizes	: 39 bits physical, 48 bits virtual
power management:

processor	: 2
vendor_id	: GenuineIntel
cpu family	: 6
model		: 69
model name	: Intel(R) Core(TM) i3-4030U CPU @ 1.90GHz
stepping	: 1
microcode	: 0x1d
cpu MHz		: 1899.925
cache size	: 3072 KB
physical id	: 0
siblings	: 4
core id		: 1
cpu cores	: 2
apicid		: 2
initial apicid	: 2
fpu		: yes
fpu_exception	: yes
cpuid level	: 13
wp		: yes
flags		: fpu vme de pse tsc msr pae mce cx8 apic sep mtrr pge mca cmov pat pse36 clflush dts acpi mmx fxsr sse sse2 ss ht tm pbe syscall nx pdpe1gb rdtscp lm constant_tsc arch_perfmon pebs bts rep_good nopl xtopology nonstop_tsc aperfmperf eagerfpu pni pclmulqdq dtes64 monitor ds_cpl vmx est tm2 ssse3 sdbg fma cx16 xtpr pdcm pcid sse4_1 sse4_2 x2apic movbe popcnt tsc_deadline_timer aes xsave avx f16c rdrand lahf_lm abm epb tpr_shadow vnmi flexpriority ept vpid fsgsbase tsc_adjust bmi1 avx2 smep bmi2 erms invpcid xsaveopt dtherm ida arat pln pts
bugs		:
bogomips	: 3791.17
clflush size	: 64
cache_alignment	: 64
address sizes	: 39 bits physical, 48 bits virtual
power management:

processor	: 3
vendor_id	: GenuineIntel
cpu family	: 6
model		: 69
model name	: Intel(R) Core(TM) i3-4030U CPU @ 1.90GHz
stepping	: 1
microcode	: 0x1d
cpu MHz		: 1900.000
cache size	: 3072 KB
physical id	: 0
siblings	: 4
core id		: 1
cpu cores	: 2
apicid		: 3
initial apicid	: 3
fpu		: yes
fpu_exception	: yes
cpuid level	: 13
wp		: yes
flags		: fpu vme de pse tsc msr pae mce cx8 apic sep mtrr pge mca cmov pat pse36 clflush dts acpi mmx fxsr sse sse2 ss ht tm pbe syscall nx pdpe1gb rdtscp lm constant_tsc arch_perfmon pebs bts rep_good nopl xtopology nonstop_tsc aperfmperf eagerfpu pni pclmulqdq dtes64 monitor ds_cpl vmx est tm2 ssse3 sdbg fma cx16 xtpr pdcm pcid sse4_1 sse4_2 x2apic movbe popcnt tsc_deadline_timer aes xsave avx f16c rdrand lahf_lm abm epb tpr_shadow vnmi flexpriority ept vpid fsgsbase tsc_adjust bmi1 avx2 smep bmi2 erms invpcid xsaveopt dtherm ida arat pln pts
bugs		:
bogomips	: 3791.17
clflush size	: 64
cache_alignment	: 64
address sizes	: 39 bits physical, 48 bits virtual
power management:



Memory: 4k page, physical 3974652k(108040k free), swap 4121596k(2161004k free)

vm_info: Java HotSpot(TM) 64-Bit Server VM (25.131-b11) for linux-amd64 JRE (1.8.0_131-b11), built on Mar 15 2017 01:23:40 by "java_re" with gcc 4.3.0 20080428 (Red Hat 4.3.0-8)

time: Fri Aug 25 17:43:43 2017
elapsed time: 14 seconds (0d 0h 0m 14s)

